[0.386s] DEBUG:colcon:Command line arguments: ['/usr/bin/colcon', 'build']
[0.386s] DEBUG:colcon:Parsed command line arguments: Namespace(log_base=None, log_level=None, verb_name='build', build_base='build', install_base='install', merge_install=False, symlink_install=False, test_result_base=None, continue_on_error=False, executor='parallel', parallel_workers=2, event_handlers=None, ignore_user_meta=False, metas=['./colcon.meta'], base_paths=['.'], packages_ignore=None, packages_ignore_regex=None, paths=None, packages_up_to=None, packages_up_to_regex=None, packages_above=None, packages_above_and_dependencies=None, packages_above_depth=None, packages_select_by_dep=None, packages_skip_by_dep=None, packages_skip_up_to=None, packages_select_build_failed=False, packages_skip_build_finished=False, packages_select_test_failures=False, packages_skip_test_passed=False, packages_select=None, packages_skip=None, packages_select_regex=None, packages_skip_regex=None, packages_start=None, packages_end=None, allow_overriding=[], cmake_args=None, cmake_target=None, cmake_target_skip_unavailable=False, cmake_clean_cache=False, cmake_clean_first=False, cmake_force_configure=False, ament_cmake_args=None, catkin_cmake_args=None, catkin_skip_building_tests=False, mixin_files=None, mixin=None, verb_parser=<colcon_mixin.mixin.mixin_argument.MixinArgumentDecorator object at 0x7a583364b640>, verb_extension=<colcon_core.verb.build.BuildVerb object at 0x7a583364b100>, main=<bound method BuildVerb.main of <colcon_core.verb.build.BuildVerb object at 0x7a583364b100>>, mixin_verb=('build',))
[0.941s] Level 1:colcon.colcon_core.package_discovery:discover_packages(colcon_meta) check parameters
[0.945s] Level 1:colcon.colcon_core.package_discovery:discover_packages(recursive) check parameters
[0.946s] Level 1:colcon.colcon_core.package_discovery:discover_packages(ignore) check parameters
[0.946s] Level 1:colcon.colcon_core.package_discovery:discover_packages(path) check parameters
[0.946s] Level 1:colcon.colcon_core.package_discovery:discover_packages(colcon_meta) discover
[0.946s] Level 1:colcon.colcon_core.package_discovery:discover_packages(recursive) discover
[0.947s] INFO:colcon.colcon_core.package_discovery:Crawling recursively for packages in '/home/robousr/Downloads/Robotica-2025-prac1'
[0.947s] Level 1:colcon.colcon_core.package_identification:_identify(.) by extensions ['ignore', 'ignore_ament_install']
[0.948s] Level 1:colcon.colcon_core.package_identification:_identify(.) by extension 'ignore'
[0.948s] Level 1:colcon.colcon_core.package_identification:_identify(.) by extension 'ignore_ament_install'
[0.949s] Level 1:colcon.colcon_core.package_identification:_identify(.) by extensions ['colcon_pkg']
[0.949s] Level 1:colcon.colcon_core.package_identification:_identify(.) by extension 'colcon_pkg'
[0.949s] Level 1:colcon.colcon_core.package_identification:_identify(.) by extensions ['colcon_meta']
[0.949s] Level 1:colcon.colcon_core.package_identification:_identify(.) by extension 'colcon_meta'
[0.949s] Level 1:colcon.colcon_core.package_identification:_identify(.) by extensions ['ros']
[0.949s] Level 1:colcon.colcon_core.package_identification:_identify(.) by extension 'ros'
[0.988s] Level 1:colcon.colcon_core.package_identification:_identify(.) by extensions ['cmake', 'python']
[0.988s] Level 1:colcon.colcon_core.package_identification:_identify(.) by extension 'cmake'
[0.989s] Level 1:colcon.colcon_core.package_identification:_identify(.) by extension 'python'
[0.989s] Level 1:colcon.colcon_core.package_identification:_identify(.) by extensions ['python_setup_py']
[0.989s] Level 1:colcon.colcon_core.package_identification:_identify(.) by extension 'python_setup_py'
[0.989s] Level 1:colcon.colcon_core.package_identification:_identify(Descripcion de Practica) by extensions ['ignore', 'ignore_ament_install']
[0.989s] Level 1:colcon.colcon_core.package_identification:_identify(Descripcion de Practica) by extension 'ignore'
[0.990s] Level 1:colcon.colcon_core.package_identification:_identify(Descripcion de Practica) by extension 'ignore_ament_install'
[0.991s] Level 1:colcon.colcon_core.package_identification:_identify(Descripcion de Practica) by extensions ['colcon_pkg']
[0.991s] Level 1:colcon.colcon_core.package_identification:_identify(Descripcion de Practica) by extension 'colcon_pkg'
[0.992s] Level 1:colcon.colcon_core.package_identification:_identify(Descripcion de Practica) by extensions ['colcon_meta']
[0.992s] Level 1:colcon.colcon_core.package_identification:_identify(Descripcion de Practica) by extension 'colcon_meta'
[0.992s] Level 1:colcon.colcon_core.package_identification:_identify(Descripcion de Practica) by extensions ['ros']
[0.992s] Level 1:colcon.colcon_core.package_identification:_identify(Descripcion de Practica) by extension 'ros'
[0.992s] Level 1:colcon.colcon_core.package_identification:_identify(Descripcion de Practica) by extensions ['cmake', 'python']
[0.992s] Level 1:colcon.colcon_core.package_identification:_identify(Descripcion de Practica) by extension 'cmake'
[0.993s] Level 1:colcon.colcon_core.package_identification:_identify(Descripcion de Practica) by extension 'python'
[0.993s] Level 1:colcon.colcon_core.package_identification:_identify(Descripcion de Practica) by extensions ['python_setup_py']
[0.993s] Level 1:colcon.colcon_core.package_identification:_identify(Descripcion de Practica) by extension 'python_setup_py'
[0.993s] Level 1:colcon.colcon_core.package_identification:_identify(blink_description) by extensions ['ignore', 'ignore_ament_install']
[0.994s] Level 1:colcon.colcon_core.package_identification:_identify(blink_description) by extension 'ignore'
[0.995s] Level 1:colcon.colcon_core.package_identification:_identify(blink_description) by extension 'ignore_ament_install'
[0.995s] Level 1:colcon.colcon_core.package_identification:_identify(blink_description) by extensions ['colcon_pkg']
[0.995s] Level 1:colcon.colcon_core.package_identification:_identify(blink_description) by extension 'colcon_pkg'
[0.995s] Level 1:colcon.colcon_core.package_identification:_identify(blink_description) by extensions ['colcon_meta']
[0.995s] Level 1:colcon.colcon_core.package_identification:_identify(blink_description) by extension 'colcon_meta'
[0.996s] Level 1:colcon.colcon_core.package_identification:_identify(blink_description) by extensions ['ros']
[0.996s] Level 1:colcon.colcon_core.package_identification:_identify(blink_description) by extension 'ros'
[1.014s] DEBUG:colcon.colcon_core.package_identification:Package 'blink_description' with type 'ros.ament_cmake' and name 'blink_description'
[1.015s] Level 1:colcon.colcon_core.package_identification:_identify(build) by extensions ['ignore', 'ignore_ament_install']
[1.015s] Level 1:colcon.colcon_core.package_identification:_identify(build) by extension 'ignore'
[1.016s] Level 1:colcon.colcon_core.package_identification:_identify(build) ignored
[1.016s] Level 1:colcon.colcon_core.package_identification:_identify(install) by extensions ['ignore', 'ignore_ament_install']
[1.017s] Level 1:colcon.colcon_core.package_identification:_identify(install) by extension 'ignore'
[1.017s] Level 1:colcon.colcon_core.package_identification:_identify(install) ignored
[1.018s] Level 1:colcon.colcon_core.package_identification:_identify(log) by extensions ['ignore', 'ignore_ament_install']
[1.018s] Level 1:colcon.colcon_core.package_identification:_identify(log) by extension 'ignore'
[1.019s] Level 1:colcon.colcon_core.package_identification:_identify(log) ignored
[1.019s] Level 1:colcon.colcon_core.package_identification:_identify(notebooks) by extensions ['ignore', 'ignore_ament_install']
[1.020s] Level 1:colcon.colcon_core.package_identification:_identify(notebooks) by extension 'ignore'
[1.020s] Level 1:colcon.colcon_core.package_identification:_identify(notebooks) by extension 'ignore_ament_install'
[1.020s] Level 1:colcon.colcon_core.package_identification:_identify(notebooks) by extensions ['colcon_pkg']
[1.021s] Level 1:colcon.colcon_core.package_identification:_identify(notebooks) by extension 'colcon_pkg'
[1.021s] Level 1:colcon.colcon_core.package_identification:_identify(notebooks) by extensions ['colcon_meta']
[1.021s] Level 1:colcon.colcon_core.package_identification:_identify(notebooks) by extension 'colcon_meta'
[1.021s] Level 1:colcon.colcon_core.package_identification:_identify(notebooks) by extensions ['ros']
[1.022s] Level 1:colcon.colcon_core.package_identification:_identify(notebooks) by extension 'ros'
[1.022s] Level 1:colcon.colcon_core.package_identification:_identify(notebooks) by extensions ['cmake', 'python']
[1.023s] Level 1:colcon.colcon_core.package_identification:_identify(notebooks) by extension 'cmake'
[1.023s] Level 1:colcon.colcon_core.package_identification:_identify(notebooks) by extension 'python'
[1.023s] Level 1:colcon.colcon_core.package_identification:_identify(notebooks) by extensions ['python_setup_py']
[1.023s] Level 1:colcon.colcon_core.package_identification:_identify(notebooks) by extension 'python_setup_py'
[1.023s] Level 1:colcon.colcon_core.package_identification:_identify(notebooks/Practica_1) by extensions ['ignore', 'ignore_ament_install']
[1.024s] Level 1:colcon.colcon_core.package_identification:_identify(notebooks/Practica_1) by extension 'ignore'
[1.024s] Level 1:colcon.colcon_core.package_identification:_identify(notebooks/Practica_1) by extension 'ignore_ament_install'
[1.024s] Level 1:colcon.colcon_core.package_identification:_identify(notebooks/Practica_1) by extensions ['colcon_pkg']
[1.024s] Level 1:colcon.colcon_core.package_identification:_identify(notebooks/Practica_1) by extension 'colcon_pkg'
[1.025s] Level 1:colcon.colcon_core.package_identification:_identify(notebooks/Practica_1) by extensions ['colcon_meta']
[1.025s] Level 1:colcon.colcon_core.package_identification:_identify(notebooks/Practica_1) by extension 'colcon_meta'
[1.025s] Level 1:colcon.colcon_core.package_identification:_identify(notebooks/Practica_1) by extensions ['ros']
[1.025s] Level 1:colcon.colcon_core.package_identification:_identify(notebooks/Practica_1) by extension 'ros'
[1.025s] Level 1:colcon.colcon_core.package_identification:_identify(notebooks/Practica_1) by extensions ['cmake', 'python']
[1.026s] Level 1:colcon.colcon_core.package_identification:_identify(notebooks/Practica_1) by extension 'cmake'
[1.026s] Level 1:colcon.colcon_core.package_identification:_identify(notebooks/Practica_1) by extension 'python'
[1.026s] Level 1:colcon.colcon_core.package_identification:_identify(notebooks/Practica_1) by extensions ['python_setup_py']
[1.026s] Level 1:colcon.colcon_core.package_identification:_identify(notebooks/Practica_1) by extension 'python_setup_py'
[1.026s] Level 1:colcon.colcon_core.package_identification:_identify(notebooks/Practica_1/Imagenes_P1) by extensions ['ignore', 'ignore_ament_install']
[1.027s] Level 1:colcon.colcon_core.package_identification:_identify(notebooks/Practica_1/Imagenes_P1) by extension 'ignore'
[1.027s] Level 1:colcon.colcon_core.package_identification:_identify(notebooks/Practica_1/Imagenes_P1) by extension 'ignore_ament_install'
[1.027s] Level 1:colcon.colcon_core.package_identification:_identify(notebooks/Practica_1/Imagenes_P1) by extensions ['colcon_pkg']
[1.027s] Level 1:colcon.colcon_core.package_identification:_identify(notebooks/Practica_1/Imagenes_P1) by extension 'colcon_pkg'
[1.027s] Level 1:colcon.colcon_core.package_identification:_identify(notebooks/Practica_1/Imagenes_P1) by extensions ['colcon_meta']
[1.027s] Level 1:colcon.colcon_core.package_identification:_identify(notebooks/Practica_1/Imagenes_P1) by extension 'colcon_meta'
[1.028s] Level 1:colcon.colcon_core.package_identification:_identify(notebooks/Practica_1/Imagenes_P1) by extensions ['ros']
[1.028s] Level 1:colcon.colcon_core.package_identification:_identify(notebooks/Practica_1/Imagenes_P1) by extension 'ros'
[1.028s] Level 1:colcon.colcon_core.package_identification:_identify(notebooks/Practica_1/Imagenes_P1) by extensions ['cmake', 'python']
[1.028s] Level 1:colcon.colcon_core.package_identification:_identify(notebooks/Practica_1/Imagenes_P1) by extension 'cmake'
[1.028s] Level 1:colcon.colcon_core.package_identification:_identify(notebooks/Practica_1/Imagenes_P1) by extension 'python'
[1.028s] Level 1:colcon.colcon_core.package_identification:_identify(notebooks/Practica_1/Imagenes_P1) by extensions ['python_setup_py']
[1.028s] Level 1:colcon.colcon_core.package_identification:_identify(notebooks/Practica_1/Imagenes_P1) by extension 'python_setup_py'
[1.029s] Level 1:colcon.colcon_core.package_identification:_identify(src) by extensions ['ignore', 'ignore_ament_install']
[1.030s] Level 1:colcon.colcon_core.package_identification:_identify(src) by extension 'ignore'
[1.030s] Level 1:colcon.colcon_core.package_identification:_identify(src) by extension 'ignore_ament_install'
[1.030s] Level 1:colcon.colcon_core.package_identification:_identify(src) by extensions ['colcon_pkg']
[1.031s] Level 1:colcon.colcon_core.package_identification:_identify(src) by extension 'colcon_pkg'
[1.031s] Level 1:colcon.colcon_core.package_identification:_identify(src) by extensions ['colcon_meta']
[1.031s] Level 1:colcon.colcon_core.package_identification:_identify(src) by extension 'colcon_meta'
[1.031s] Level 1:colcon.colcon_core.package_identification:_identify(src) by extensions ['ros']
[1.031s] Level 1:colcon.colcon_core.package_identification:_identify(src) by extension 'ros'
[1.032s] Level 1:colcon.colcon_core.package_identification:_identify(src) by extensions ['cmake', 'python']
[1.032s] Level 1:colcon.colcon_core.package_identification:_identify(src) by extension 'cmake'
[1.032s] Level 1:colcon.colcon_core.package_identification:_identify(src) by extension 'python'
[1.032s] Level 1:colcon.colcon_core.package_identification:_identify(src) by extensions ['python_setup_py']
[1.032s] Level 1:colcon.colcon_core.package_identification:_identify(src) by extension 'python_setup_py'
[1.033s] Level 1:colcon.colcon_core.package_identification:_identify(src/my_package) by extensions ['ignore', 'ignore_ament_install']
[1.034s] Level 1:colcon.colcon_core.package_identification:_identify(src/my_package) by extension 'ignore'
[1.034s] Level 1:colcon.colcon_core.package_identification:_identify(src/my_package) by extension 'ignore_ament_install'
[1.034s] Level 1:colcon.colcon_core.package_identification:_identify(src/my_package) by extensions ['colcon_pkg']
[1.034s] Level 1:colcon.colcon_core.package_identification:_identify(src/my_package) by extension 'colcon_pkg'
[1.034s] Level 1:colcon.colcon_core.package_identification:_identify(src/my_package) by extensions ['colcon_meta']
[1.034s] Level 1:colcon.colcon_core.package_identification:_identify(src/my_package) by extension 'colcon_meta'
[1.035s] Level 1:colcon.colcon_core.package_identification:_identify(src/my_package) by extensions ['ros']
[1.035s] Level 1:colcon.colcon_core.package_identification:_identify(src/my_package) by extension 'ros'
[1.037s] DEBUG:colcon.colcon_core.package_identification:Package 'src/my_package' with type 'ros.ament_cmake' and name 'my_package'
[1.038s] Level 1:colcon.colcon_core.package_identification:_identify(src/practica1_description) by extensions ['ignore', 'ignore_ament_install']
[1.038s] Level 1:colcon.colcon_core.package_identification:_identify(src/practica1_description) by extension 'ignore'
[1.038s] Level 1:colcon.colcon_core.package_identification:_identify(src/practica1_description) by extension 'ignore_ament_install'
[1.038s] Level 1:colcon.colcon_core.package_identification:_identify(src/practica1_description) by extensions ['colcon_pkg']
[1.038s] Level 1:colcon.colcon_core.package_identification:_identify(src/practica1_description) by extension 'colcon_pkg'
[1.039s] Level 1:colcon.colcon_core.package_identification:_identify(src/practica1_description) by extensions ['colcon_meta']
[1.039s] Level 1:colcon.colcon_core.package_identification:_identify(src/practica1_description) by extension 'colcon_meta'
[1.039s] Level 1:colcon.colcon_core.package_identification:_identify(src/practica1_description) by extensions ['ros']
[1.039s] Level 1:colcon.colcon_core.package_identification:_identify(src/practica1_description) by extension 'ros'
[1.041s] DEBUG:colcon.colcon_core.package_identification:Package 'src/practica1_description' with type 'ros.ament_cmake' and name 'practica1_description'
[1.042s] Level 1:colcon.colcon_core.package_discovery:discover_packages(recursive) using defaults
[1.042s] Level 1:colcon.colcon_core.package_discovery:discover_packages(ignore) discover
[1.042s] Level 1:colcon.colcon_core.package_discovery:discover_packages(ignore) using defaults
[1.042s] Level 1:colcon.colcon_core.package_discovery:discover_packages(path) discover
[1.042s] Level 1:colcon.colcon_core.package_discovery:discover_packages(path) using defaults
[1.134s] Level 1:colcon.colcon_core.package_discovery:discover_packages(prefix_path) check parameters
[1.135s] Level 1:colcon.colcon_core.package_discovery:discover_packages(prefix_path) discover
[1.146s] DEBUG:colcon.colcon_installed_package_information.package_discovery:Found 280 installed packages in /opt/ros/humble
[1.153s] Level 1:colcon.colcon_core.package_discovery:discover_packages(prefix_path) using defaults
[1.374s] Level 5:colcon.colcon_core.verb:set package 'blink_description' build argument 'cmake_args' from command line to 'None'
[1.374s] Level 5:colcon.colcon_core.verb:set package 'blink_description' build argument 'cmake_target' from command line to 'None'
[1.375s] Level 5:colcon.colcon_core.verb:set package 'blink_description' build argument 'cmake_target_skip_unavailable' from command line to 'False'
[1.375s] Level 5:colcon.colcon_core.verb:set package 'blink_description' build argument 'cmake_clean_cache' from command line to 'False'
[1.375s] Level 5:colcon.colcon_core.verb:set package 'blink_description' build argument 'cmake_clean_first' from command line to 'False'
[1.375s] Level 5:colcon.colcon_core.verb:set package 'blink_description' build argument 'cmake_force_configure' from command line to 'False'
[1.375s] Level 5:colcon.colcon_core.verb:set package 'blink_description' build argument 'ament_cmake_args' from command line to 'None'
[1.375s] Level 5:colcon.colcon_core.verb:set package 'blink_description' build argument 'catkin_cmake_args' from command line to 'None'
[1.375s] Level 5:colcon.colcon_core.verb:set package 'blink_description' build argument 'catkin_skip_building_tests' from command line to 'False'
[1.376s] DEBUG:colcon.colcon_core.verb:Building package 'blink_description' with the following arguments: {'ament_cmake_args': None, 'build_base': '/home/robousr/Downloads/Robotica-2025-prac1/build/blink_description', 'catkin_cmake_args': None, 'catkin_skip_building_tests': False, 'cmake_args': None, 'cmake_clean_cache': False, 'cmake_clean_first': False, 'cmake_force_configure': False, 'cmake_target': None, 'cmake_target_skip_unavailable': False, 'install_base': '/home/robousr/Downloads/Robotica-2025-prac1/install/blink_description', 'merge_install': False, 'path': '/home/robousr/Downloads/Robotica-2025-prac1/blink_description', 'symlink_install': False, 'test_result_base': None}
[1.377s] Level 5:colcon.colcon_core.verb:set package 'my_package' build argument 'cmake_args' from command line to 'None'
[1.377s] Level 5:colcon.colcon_core.verb:set package 'my_package' build argument 'cmake_target' from command line to 'None'
[1.378s] Level 5:colcon.colcon_core.verb:set package 'my_package' build argument 'cmake_target_skip_unavailable' from command line to 'False'
[1.378s] Level 5:colcon.colcon_core.verb:set package 'my_package' build argument 'cmake_clean_cache' from command line to 'False'
[1.378s] Level 5:colcon.colcon_core.verb:set package 'my_package' build argument 'cmake_clean_first' from command line to 'False'
[1.378s] Level 5:colcon.colcon_core.verb:set package 'my_package' build argument 'cmake_force_configure' from command line to 'False'
[1.378s] Level 5:colcon.colcon_core.verb:set package 'my_package' build argument 'ament_cmake_args' from command line to 'None'
[1.378s] Level 5:colcon.colcon_core.verb:set package 'my_package' build argument 'catkin_cmake_args' from command line to 'None'
[1.378s] Level 5:colcon.colcon_core.verb:set package 'my_package' build argument 'catkin_skip_building_tests' from command line to 'False'
[1.379s] DEBUG:colcon.colcon_core.verb:Building package 'my_package' with the following arguments: {'ament_cmake_args': None, 'build_base': '/home/robousr/Downloads/Robotica-2025-prac1/build/my_package', 'catkin_cmake_args': None, 'catkin_skip_building_tests': False, 'cmake_args': None, 'cmake_clean_cache': False, 'cmake_clean_first': False, 'cmake_force_configure': False, 'cmake_target': None, 'cmake_target_skip_unavailable': False, 'install_base': '/home/robousr/Downloads/Robotica-2025-prac1/install/my_package', 'merge_install': False, 'path': '/home/robousr/Downloads/Robotica-2025-prac1/src/my_package', 'symlink_install': False, 'test_result_base': None}
[1.380s] Level 5:colcon.colcon_core.verb:set package 'practica1_description' build argument 'cmake_args' from command line to 'None'
[1.380s] Level 5:colcon.colcon_core.verb:set package 'practica1_description' build argument 'cmake_target' from command line to 'None'
[1.380s] Level 5:colcon.colcon_core.verb:set package 'practica1_description' build argument 'cmake_target_skip_unavailable' from command line to 'False'
[1.380s] Level 5:colcon.colcon_core.verb:set package 'practica1_description' build argument 'cmake_clean_cache' from command line to 'False'
[1.380s] Level 5:colcon.colcon_core.verb:set package 'practica1_description' build argument 'cmake_clean_first' from command line to 'False'
[1.380s] Level 5:colcon.colcon_core.verb:set package 'practica1_description' build argument 'cmake_force_configure' from command line to 'False'
[1.381s] Level 5:colcon.colcon_core.verb:set package 'practica1_description' build argument 'ament_cmake_args' from command line to 'None'
[1.381s] Level 5:colcon.colcon_core.verb:set package 'practica1_description' build argument 'catkin_cmake_args' from command line to 'None'
[1.381s] Level 5:colcon.colcon_core.verb:set package 'practica1_description' build argument 'catkin_skip_building_tests' from command line to 'False'
[1.381s] DEBUG:colcon.colcon_core.verb:Building package 'practica1_description' with the following arguments: {'ament_cmake_args': None, 'build_base': '/home/robousr/Downloads/Robotica-2025-prac1/build/practica1_description', 'catkin_cmake_args': None, 'catkin_skip_building_tests': False, 'cmake_args': None, 'cmake_clean_cache': False, 'cmake_clean_first': False, 'cmake_force_configure': False, 'cmake_target': None, 'cmake_target_skip_unavailable': False, 'install_base': '/home/robousr/Downloads/Robotica-2025-prac1/install/practica1_description', 'merge_install': False, 'path': '/home/robousr/Downloads/Robotica-2025-prac1/src/practica1_description', 'symlink_install': False, 'test_result_base': None}
[1.381s] INFO:colcon.colcon_core.executor:Executing jobs using 'parallel' executor
[1.390s] DEBUG:colcon.colcon_parallel_executor.executor.parallel:run_until_complete
[1.395s] INFO:colcon.colcon_ros.task.ament_cmake.build:Building ROS package in '/home/robousr/Downloads/Robotica-2025-prac1/blink_description' with build type 'ament_cmake'
[1.396s] INFO:colcon.colcon_cmake.task.cmake.build:Building CMake package in '/home/robousr/Downloads/Robotica-2025-prac1/blink_description'
[1.412s] INFO:colcon.colcon_core.plugin_system:Skipping extension 'colcon_core.shell.bat': Not used on non-Windows systems
[1.413s] INFO:colcon.colcon_core.shell:Skip shell extension 'powershell' for command environment: Not usable outside of PowerShell
[1.413s] DEBUG:colcon.colcon_core.shell:Skip shell extension 'dsv' for command environment
[1.444s] INFO:colcon.colcon_ros.task.ament_cmake.build:Building ROS package in '/home/robousr/Downloads/Robotica-2025-prac1/src/my_package' with build type 'ament_cmake'
[1.452s] INFO:colcon.colcon_cmake.task.cmake.build:Building CMake package in '/home/robousr/Downloads/Robotica-2025-prac1/src/my_package'
[1.464s] INFO:colcon.colcon_core.shell:Skip shell extension 'powershell' for command environment: Not usable outside of PowerShell
[1.464s] DEBUG:colcon.colcon_core.shell:Skip shell extension 'dsv' for command environment
[1.561s] DEBUG:colcon.colcon_core.event_handler.log_command:Invoking command in '/home/robousr/Downloads/Robotica-2025-prac1/build/blink_description': CMAKE_PREFIX_PATH=/opt/ros/humble /usr/bin/cmake --build /home/robousr/Downloads/Robotica-2025-prac1/build/blink_description -- -j2 -l2
[1.580s] DEBUG:colcon.colcon_core.event_handler.log_command:Invoking command in '/home/robousr/Downloads/Robotica-2025-prac1/build/my_package': CMAKE_PREFIX_PATH=/opt/ros/humble /usr/bin/cmake --build /home/robousr/Downloads/Robotica-2025-prac1/build/my_package -- -j2 -l2
[1.702s] DEBUG:colcon.colcon_core.event_handler.log_command:Invoked command in '/home/robousr/Downloads/Robotica-2025-prac1/build/blink_description' returned '0': CMAKE_PREFIX_PATH=/opt/ros/humble /usr/bin/cmake --build /home/robousr/Downloads/Robotica-2025-prac1/build/blink_description -- -j2 -l2
[1.715s] DEBUG:colcon.colcon_core.event_handler.log_command:Invoked command in '/home/robousr/Downloads/Robotica-2025-prac1/build/my_package' returned '0': CMAKE_PREFIX_PATH=/opt/ros/humble /usr/bin/cmake --build /home/robousr/Downloads/Robotica-2025-prac1/build/my_package -- -j2 -l2
[1.895s] DEBUG:colcon.colcon_core.event_handler.log_command:Invoking command in '/home/robousr/Downloads/Robotica-2025-prac1/build/my_package': CMAKE_PREFIX_PATH=/opt/ros/humble /usr/bin/cmake --install /home/robousr/Downloads/Robotica-2025-prac1/build/my_package
[1.917s] DEBUG:colcon.colcon_core.event_handler.log_command:Invoking command in '/home/robousr/Downloads/Robotica-2025-prac1/build/blink_description': CMAKE_PREFIX_PATH=/opt/ros/humble /usr/bin/cmake --install /home/robousr/Downloads/Robotica-2025-prac1/build/blink_description
[2.003s] Level 1:colcon.colcon_core.environment:create_environment_scripts_only(blink_description)
[2.031s] DEBUG:colcon.colcon_core.event_handler.log_command:Invoked command in '/home/robousr/Downloads/Robotica-2025-prac1/build/blink_description' returned '0': CMAKE_PREFIX_PATH=/opt/ros/humble /usr/bin/cmake --install /home/robousr/Downloads/Robotica-2025-prac1/build/blink_description
[2.036s] Level 1:colcon.colcon_core.environment:checking '/home/robousr/Downloads/Robotica-2025-prac1/install/blink_description' for CMake module files
[2.039s] Level 1:colcon.colcon_core.environment:checking '/home/robousr/Downloads/Robotica-2025-prac1/install/blink_description' for CMake config files
[2.040s] Level 1:colcon.colcon_core.shell:create_environment_hook('blink_description', 'cmake_prefix_path')
[2.041s] INFO:colcon.colcon_core.shell:Creating environment hook '/home/robousr/Downloads/Robotica-2025-prac1/install/blink_description/share/blink_description/hook/cmake_prefix_path.ps1'
[2.045s] INFO:colcon.colcon_core.shell:Creating environment descriptor '/home/robousr/Downloads/Robotica-2025-prac1/install/blink_description/share/blink_description/hook/cmake_prefix_path.dsv'
[2.049s] INFO:colcon.colcon_core.shell:Creating environment hook '/home/robousr/Downloads/Robotica-2025-prac1/install/blink_description/share/blink_description/hook/cmake_prefix_path.sh'
[2.059s] Level 1:colcon.colcon_core.environment:checking '/home/robousr/Downloads/Robotica-2025-prac1/install/blink_description/bin'
[2.060s] Level 1:colcon.colcon_core.environment:checking '/home/robousr/Downloads/Robotica-2025-prac1/install/blink_description/lib/pkgconfig/blink_description.pc'
[2.061s] Level 1:colcon.colcon_core.environment:checking '/home/robousr/Downloads/Robotica-2025-prac1/install/blink_description/lib/python3.10/site-packages'
[2.061s] Level 1:colcon.colcon_core.environment:checking '/home/robousr/Downloads/Robotica-2025-prac1/install/blink_description/bin'
[2.062s] INFO:colcon.colcon_core.shell:Creating package script '/home/robousr/Downloads/Robotica-2025-prac1/install/blink_description/share/blink_description/package.ps1'
[2.067s] INFO:colcon.colcon_core.shell:Creating package descriptor '/home/robousr/Downloads/Robotica-2025-prac1/install/blink_description/share/blink_description/package.dsv'
[2.071s] INFO:colcon.colcon_core.shell:Creating package script '/home/robousr/Downloads/Robotica-2025-prac1/install/blink_description/share/blink_description/package.sh'
[2.078s] INFO:colcon.colcon_core.shell:Creating package script '/home/robousr/Downloads/Robotica-2025-prac1/install/blink_description/share/blink_description/package.bash'
[2.083s] INFO:colcon.colcon_core.shell:Creating package script '/home/robousr/Downloads/Robotica-2025-prac1/install/blink_description/share/blink_description/package.zsh'
[2.086s] Level 1:colcon.colcon_core.environment:create_file_with_runtime_dependencies(/home/robousr/Downloads/Robotica-2025-prac1/install/blink_description/share/colcon-core/packages/blink_description)
[2.089s] Level 1:colcon.colcon_core.environment:create_environment_scripts_only(my_package)
[2.092s] Level 1:colcon.colcon_core.environment:checking '/home/robousr/Downloads/Robotica-2025-prac1/install/my_package' for CMake module files
[2.090s] DEBUG:colcon.colcon_core.event_handler.log_command:Invoked command in '/home/robousr/Downloads/Robotica-2025-prac1/build/my_package' returned '0': CMAKE_PREFIX_PATH=/opt/ros/humble /usr/bin/cmake --install /home/robousr/Downloads/Robotica-2025-prac1/build/my_package
[2.094s] Level 1:colcon.colcon_core.environment:checking '/home/robousr/Downloads/Robotica-2025-prac1/install/my_package' for CMake config files
[2.095s] Level 1:colcon.colcon_core.shell:create_environment_hook('my_package', 'cmake_prefix_path')
[2.096s] INFO:colcon.colcon_core.shell:Creating environment hook '/home/robousr/Downloads/Robotica-2025-prac1/install/my_package/share/my_package/hook/cmake_prefix_path.ps1'
[2.098s] INFO:colcon.colcon_core.shell:Creating environment descriptor '/home/robousr/Downloads/Robotica-2025-prac1/install/my_package/share/my_package/hook/cmake_prefix_path.dsv'
[2.100s] INFO:colcon.colcon_core.shell:Creating environment hook '/home/robousr/Downloads/Robotica-2025-prac1/install/my_package/share/my_package/hook/cmake_prefix_path.sh'
[2.102s] Level 1:colcon.colcon_core.environment:checking '/home/robousr/Downloads/Robotica-2025-prac1/install/my_package/bin'
[2.102s] Level 1:colcon.colcon_core.environment:checking '/home/robousr/Downloads/Robotica-2025-prac1/install/my_package/lib/pkgconfig/my_package.pc'
[2.103s] Level 1:colcon.colcon_core.environment:checking '/home/robousr/Downloads/Robotica-2025-prac1/install/my_package/lib/python3.10/site-packages'
[2.104s] Level 1:colcon.colcon_core.environment:checking '/home/robousr/Downloads/Robotica-2025-prac1/install/my_package/bin'
[2.105s] INFO:colcon.colcon_core.shell:Creating package script '/home/robousr/Downloads/Robotica-2025-prac1/install/my_package/share/my_package/package.ps1'
[2.108s] INFO:colcon.colcon_core.shell:Creating package descriptor '/home/robousr/Downloads/Robotica-2025-prac1/install/my_package/share/my_package/package.dsv'
[2.111s] INFO:colcon.colcon_core.shell:Creating package script '/home/robousr/Downloads/Robotica-2025-prac1/install/my_package/share/my_package/package.sh'
[2.114s] INFO:colcon.colcon_core.shell:Creating package script '/home/robousr/Downloads/Robotica-2025-prac1/install/my_package/share/my_package/package.bash'
[2.116s] INFO:colcon.colcon_core.shell:Creating package script '/home/robousr/Downloads/Robotica-2025-prac1/install/my_package/share/my_package/package.zsh'
[2.120s] Level 1:colcon.colcon_core.environment:create_file_with_runtime_dependencies(/home/robousr/Downloads/Robotica-2025-prac1/install/my_package/share/colcon-core/packages/my_package)
[2.179s] Level 1:colcon.colcon_core.environment:create_environment_scripts_only(blink_description)
[2.180s] Level 1:colcon.colcon_core.environment:checking '/home/robousr/Downloads/Robotica-2025-prac1/install/blink_description' for CMake module files
[2.181s] Level 1:colcon.colcon_core.environment:checking '/home/robousr/Downloads/Robotica-2025-prac1/install/blink_description' for CMake config files
[2.182s] Level 1:colcon.colcon_core.shell:create_environment_hook('blink_description', 'cmake_prefix_path')
[2.183s] INFO:colcon.colcon_core.shell:Creating environment hook '/home/robousr/Downloads/Robotica-2025-prac1/install/blink_description/share/blink_description/hook/cmake_prefix_path.ps1'
[2.185s] INFO:colcon.colcon_core.shell:Creating environment descriptor '/home/robousr/Downloads/Robotica-2025-prac1/install/blink_description/share/blink_description/hook/cmake_prefix_path.dsv'
[2.187s] INFO:colcon.colcon_core.shell:Creating environment hook '/home/robousr/Downloads/Robotica-2025-prac1/install/blink_description/share/blink_description/hook/cmake_prefix_path.sh'
[2.189s] Level 1:colcon.colcon_core.environment:checking '/home/robousr/Downloads/Robotica-2025-prac1/install/blink_description/bin'
[2.189s] Level 1:colcon.colcon_core.environment:checking '/home/robousr/Downloads/Robotica-2025-prac1/install/blink_description/lib/pkgconfig/blink_description.pc'
[2.190s] Level 1:colcon.colcon_core.environment:checking '/home/robousr/Downloads/Robotica-2025-prac1/install/blink_description/lib/python3.10/site-packages'
[2.191s] Level 1:colcon.colcon_core.environment:checking '/home/robousr/Downloads/Robotica-2025-prac1/install/blink_description/bin'
[2.192s] INFO:colcon.colcon_core.shell:Creating package script '/home/robousr/Downloads/Robotica-2025-prac1/install/blink_description/share/blink_description/package.ps1'
[2.194s] INFO:colcon.colcon_core.shell:Creating package descriptor '/home/robousr/Downloads/Robotica-2025-prac1/install/blink_description/share/blink_description/package.dsv'
[2.196s] INFO:colcon.colcon_core.shell:Creating package script '/home/robousr/Downloads/Robotica-2025-prac1/install/blink_description/share/blink_description/package.sh'
[2.198s] INFO:colcon.colcon_core.shell:Creating package script '/home/robousr/Downloads/Robotica-2025-prac1/install/blink_description/share/blink_description/package.bash'
[2.202s] INFO:colcon.colcon_core.shell:Creating package script '/home/robousr/Downloads/Robotica-2025-prac1/install/blink_description/share/blink_description/package.zsh'
[2.207s] Level 1:colcon.colcon_core.environment:create_file_with_runtime_dependencies(/home/robousr/Downloads/Robotica-2025-prac1/install/blink_description/share/colcon-core/packages/blink_description)
[2.209s] INFO:colcon.colcon_ros.task.ament_cmake.build:Building ROS package in '/home/robousr/Downloads/Robotica-2025-prac1/src/practica1_description' with build type 'ament_cmake'
[2.209s] INFO:colcon.colcon_cmake.task.cmake.build:Building CMake package in '/home/robousr/Downloads/Robotica-2025-prac1/src/practica1_description'
[2.211s] INFO:colcon.colcon_core.shell:Skip shell extension 'powershell' for command environment: Not usable outside of PowerShell
[2.211s] DEBUG:colcon.colcon_core.shell:Skip shell extension 'dsv' for command environment
[2.272s] DEBUG:colcon.colcon_core.event_handler.log_command:Invoking command in '/home/robousr/Downloads/Robotica-2025-prac1/build/practica1_description': CMAKE_PREFIX_PATH=/opt/ros/humble /usr/bin/cmake --build /home/robousr/Downloads/Robotica-2025-prac1/build/practica1_description -- -j2 -l2
[2.279s] Level 1:colcon.colcon_core.environment:create_environment_scripts_only(my_package)
[2.284s] Level 1:colcon.colcon_core.environment:checking '/home/robousr/Downloads/Robotica-2025-prac1/install/my_package' for CMake module files
[2.287s] Level 1:colcon.colcon_core.environment:checking '/home/robousr/Downloads/Robotica-2025-prac1/install/my_package' for CMake config files
[2.290s] Level 1:colcon.colcon_core.shell:create_environment_hook('my_package', 'cmake_prefix_path')
[2.293s] INFO:colcon.colcon_core.shell:Creating environment hook '/home/robousr/Downloads/Robotica-2025-prac1/install/my_package/share/my_package/hook/cmake_prefix_path.ps1'
[2.298s] INFO:colcon.colcon_core.shell:Creating environment descriptor '/home/robousr/Downloads/Robotica-2025-prac1/install/my_package/share/my_package/hook/cmake_prefix_path.dsv'
[2.302s] INFO:colcon.colcon_core.shell:Creating environment hook '/home/robousr/Downloads/Robotica-2025-prac1/install/my_package/share/my_package/hook/cmake_prefix_path.sh'
[2.308s] Level 1:colcon.colcon_core.environment:checking '/home/robousr/Downloads/Robotica-2025-prac1/install/my_package/bin'
[2.310s] Level 1:colcon.colcon_core.environment:checking '/home/robousr/Downloads/Robotica-2025-prac1/install/my_package/lib/pkgconfig/my_package.pc'
[2.311s] Level 1:colcon.colcon_core.environment:checking '/home/robousr/Downloads/Robotica-2025-prac1/install/my_package/lib/python3.10/site-packages'
[2.314s] Level 1:colcon.colcon_core.environment:checking '/home/robousr/Downloads/Robotica-2025-prac1/install/my_package/bin'
[2.316s] INFO:colcon.colcon_core.shell:Creating package script '/home/robousr/Downloads/Robotica-2025-prac1/install/my_package/share/my_package/package.ps1'
[2.320s] INFO:colcon.colcon_core.shell:Creating package descriptor '/home/robousr/Downloads/Robotica-2025-prac1/install/my_package/share/my_package/package.dsv'
[2.326s] INFO:colcon.colcon_core.shell:Creating package script '/home/robousr/Downloads/Robotica-2025-prac1/install/my_package/share/my_package/package.sh'
[2.331s] INFO:colcon.colcon_core.shell:Creating package script '/home/robousr/Downloads/Robotica-2025-prac1/install/my_package/share/my_package/package.bash'
[2.338s] INFO:colcon.colcon_core.shell:Creating package script '/home/robousr/Downloads/Robotica-2025-prac1/install/my_package/share/my_package/package.zsh'
[2.346s] Level 1:colcon.colcon_core.environment:create_file_with_runtime_dependencies(/home/robousr/Downloads/Robotica-2025-prac1/install/my_package/share/colcon-core/packages/my_package)
[2.519s] DEBUG:colcon.colcon_core.event_handler.log_command:Invoked command in '/home/robousr/Downloads/Robotica-2025-prac1/build/practica1_description' returned '0': CMAKE_PREFIX_PATH=/opt/ros/humble /usr/bin/cmake --build /home/robousr/Downloads/Robotica-2025-prac1/build/practica1_description -- -j2 -l2
[2.647s] DEBUG:colcon.colcon_core.event_handler.log_command:Invoking command in '/home/robousr/Downloads/Robotica-2025-prac1/build/practica1_description': CMAKE_PREFIX_PATH=/opt/ros/humble /usr/bin/cmake --install /home/robousr/Downloads/Robotica-2025-prac1/build/practica1_description
[2.704s] Level 1:colcon.colcon_core.environment:create_environment_scripts_only(practica1_description)
[2.705s] Level 1:colcon.colcon_core.environment:checking '/home/robousr/Downloads/Robotica-2025-prac1/install/practica1_description' for CMake module files
[2.706s] Level 1:colcon.colcon_core.environment:checking '/home/robousr/Downloads/Robotica-2025-prac1/install/practica1_description' for CMake config files
[2.707s] Level 1:colcon.colcon_core.shell:create_environment_hook('practica1_description', 'cmake_prefix_path')
[2.707s] INFO:colcon.colcon_core.shell:Creating environment hook '/home/robousr/Downloads/Robotica-2025-prac1/install/practica1_description/share/practica1_description/hook/cmake_prefix_path.ps1'
[2.711s] DEBUG:colcon.colcon_core.event_handler.log_command:Invoked command in '/home/robousr/Downloads/Robotica-2025-prac1/build/practica1_description' returned '0': CMAKE_PREFIX_PATH=/opt/ros/humble /usr/bin/cmake --install /home/robousr/Downloads/Robotica-2025-prac1/build/practica1_description
[2.714s] INFO:colcon.colcon_core.shell:Creating environment descriptor '/home/robousr/Downloads/Robotica-2025-prac1/install/practica1_description/share/practica1_description/hook/cmake_prefix_path.dsv'
[2.721s] INFO:colcon.colcon_core.shell:Creating environment hook '/home/robousr/Downloads/Robotica-2025-prac1/install/practica1_description/share/practica1_description/hook/cmake_prefix_path.sh'
[2.727s] Level 1:colcon.colcon_core.environment:checking '/home/robousr/Downloads/Robotica-2025-prac1/install/practica1_description/bin'
[2.727s] Level 1:colcon.colcon_core.environment:checking '/home/robousr/Downloads/Robotica-2025-prac1/install/practica1_description/lib/pkgconfig/practica1_description.pc'
[2.732s] Level 1:colcon.colcon_core.environment:checking '/home/robousr/Downloads/Robotica-2025-prac1/install/practica1_description/lib/python3.10/site-packages'
[2.736s] Level 1:colcon.colcon_core.environment:checking '/home/robousr/Downloads/Robotica-2025-prac1/install/practica1_description/bin'
[2.737s] INFO:colcon.colcon_core.shell:Creating package script '/home/robousr/Downloads/Robotica-2025-prac1/install/practica1_description/share/practica1_description/package.ps1'
[2.742s] INFO:colcon.colcon_core.shell:Creating package descriptor '/home/robousr/Downloads/Robotica-2025-prac1/install/practica1_description/share/practica1_description/package.dsv'
[2.748s] INFO:colcon.colcon_core.shell:Creating package script '/home/robousr/Downloads/Robotica-2025-prac1/install/practica1_description/share/practica1_description/package.sh'
[2.754s] INFO:colcon.colcon_core.shell:Creating package script '/home/robousr/Downloads/Robotica-2025-prac1/install/practica1_description/share/practica1_description/package.bash'
[2.759s] INFO:colcon.colcon_core.shell:Creating package script '/home/robousr/Downloads/Robotica-2025-prac1/install/practica1_description/share/practica1_description/package.zsh'
[2.763s] Level 1:colcon.colcon_core.environment:create_file_with_runtime_dependencies(/home/robousr/Downloads/Robotica-2025-prac1/install/practica1_description/share/colcon-core/packages/practica1_description)
[2.906s] Level 1:colcon.colcon_core.environment:create_environment_scripts_only(practica1_description)
[2.910s] Level 1:colcon.colcon_core.environment:checking '/home/robousr/Downloads/Robotica-2025-prac1/install/practica1_description' for CMake module files
[2.913s] Level 1:colcon.colcon_core.environment:checking '/home/robousr/Downloads/Robotica-2025-prac1/install/practica1_description' for CMake config files
[2.916s] Level 1:colcon.colcon_core.shell:create_environment_hook('practica1_description', 'cmake_prefix_path')
[2.921s] INFO:colcon.colcon_core.shell:Creating environment hook '/home/robousr/Downloads/Robotica-2025-prac1/install/practica1_description/share/practica1_description/hook/cmake_prefix_path.ps1'
[2.927s] INFO:colcon.colcon_core.shell:Creating environment descriptor '/home/robousr/Downloads/Robotica-2025-prac1/install/practica1_description/share/practica1_description/hook/cmake_prefix_path.dsv'
[2.937s] INFO:colcon.colcon_core.shell:Creating environment hook '/home/robousr/Downloads/Robotica-2025-prac1/install/practica1_description/share/practica1_description/hook/cmake_prefix_path.sh'
[2.942s] Level 1:colcon.colcon_core.environment:checking '/home/robousr/Downloads/Robotica-2025-prac1/install/practica1_description/bin'
[2.943s] Level 1:colcon.colcon_core.environment:checking '/home/robousr/Downloads/Robotica-2025-prac1/install/practica1_description/lib/pkgconfig/practica1_description.pc'
[2.944s] Level 1:colcon.colcon_core.environment:checking '/home/robousr/Downloads/Robotica-2025-prac1/install/practica1_description/lib/python3.10/site-packages'
[2.944s] Level 1:colcon.colcon_core.environment:checking '/home/robousr/Downloads/Robotica-2025-prac1/install/practica1_description/bin'
[2.945s] INFO:colcon.colcon_core.shell:Creating package script '/home/robousr/Downloads/Robotica-2025-prac1/install/practica1_description/share/practica1_description/package.ps1'
[2.952s] INFO:colcon.colcon_core.shell:Creating package descriptor '/home/robousr/Downloads/Robotica-2025-prac1/install/practica1_description/share/practica1_description/package.dsv'
[2.955s] INFO:colcon.colcon_core.shell:Creating package script '/home/robousr/Downloads/Robotica-2025-prac1/install/practica1_description/share/practica1_description/package.sh'
[2.958s] INFO:colcon.colcon_core.shell:Creating package script '/home/robousr/Downloads/Robotica-2025-prac1/install/practica1_description/share/practica1_description/package.bash'
[2.961s] INFO:colcon.colcon_core.shell:Creating package script '/home/robousr/Downloads/Robotica-2025-prac1/install/practica1_description/share/practica1_description/package.zsh'
[2.963s] Level 1:colcon.colcon_core.environment:create_file_with_runtime_dependencies(/home/robousr/Downloads/Robotica-2025-prac1/install/practica1_description/share/colcon-core/packages/practica1_description)
[2.963s] DEBUG:colcon.colcon_parallel_executor.executor.parallel:closing loop
[2.964s] DEBUG:colcon.colcon_parallel_executor.executor.parallel:loop closed
[2.964s] DEBUG:colcon.colcon_parallel_executor.executor.parallel:run_until_complete finished with '0'
[2.965s] DEBUG:colcon.colcon_core.event_reactor:joining thread
[3.021s] INFO:colcon.colcon_core.plugin_system:Skipping extension 'colcon_notification.desktop_notification.terminal_notifier': Not used on non-Darwin systems
[3.022s] INFO:colcon.colcon_core.plugin_system:Skipping extension 'colcon_notification.desktop_notification.win32': Not used on non-Windows systems
[3.022s] INFO:colcon.colcon_notification.desktop_notification:Sending desktop notification using 'notify2'
[3.098s] DEBUG:colcon.colcon_core.event_reactor:joined thread
[3.099s] INFO:colcon.colcon_core.shell:Creating prefix script '/home/robousr/Downloads/Robotica-2025-prac1/install/local_setup.ps1'
[3.108s] INFO:colcon.colcon_core.shell:Creating prefix util module '/home/robousr/Downloads/Robotica-2025-prac1/install/_local_setup_util_ps1.py'
[3.116s] INFO:colcon.colcon_core.shell:Creating prefix chain script '/home/robousr/Downloads/Robotica-2025-prac1/install/setup.ps1'
[3.121s] INFO:colcon.colcon_core.shell:Creating prefix script '/home/robousr/Downloads/Robotica-2025-prac1/install/local_setup.sh'
[3.124s] INFO:colcon.colcon_core.shell:Creating prefix util module '/home/robousr/Downloads/Robotica-2025-prac1/install/_local_setup_util_sh.py'
[3.129s] INFO:colcon.colcon_core.shell:Creating prefix chain script '/home/robousr/Downloads/Robotica-2025-prac1/install/setup.sh'
[3.139s] INFO:colcon.colcon_core.shell:Creating prefix script '/home/robousr/Downloads/Robotica-2025-prac1/install/local_setup.bash'
[3.145s] INFO:colcon.colcon_core.shell:Creating prefix chain script '/home/robousr/Downloads/Robotica-2025-prac1/install/setup.bash'
[3.159s] INFO:colcon.colcon_core.shell:Creating prefix script '/home/robousr/Downloads/Robotica-2025-prac1/install/local_setup.zsh'
[3.164s] INFO:colcon.colcon_core.shell:Creating prefix chain script '/home/robousr/Downloads/Robotica-2025-prac1/install/setup.zsh'
