[0.076s] Invoking command in '/home/robousr/Downloads/Robotica-2025-prac1/build/practica1_description': CMAKE_PREFIX_PATH=/opt/ros/humble /usr/bin/cmake --build /home/robousr/Downloads/Robotica-2025-prac1/build/practica1_description -- -j2 -l2
[0.237s] Invoked command in '/home/robousr/Downloads/Robotica-2025-prac1/build/practica1_description' returned '0': CMAKE_PREFIX_PATH=/opt/ros/humble /usr/bin/cmake --build /home/robousr/Downloads/Robotica-2025-prac1/build/practica1_description -- -j2 -l2
[0.345s] Invoking command in '/home/robousr/Downloads/Robotica-2025-prac1/build/practica1_description': CMAKE_PREFIX_PATH=/opt/ros/humble /usr/bin/cmake --install /home/robousr/Downloads/Robotica-2025-prac1/build/practica1_description
[0.391s] -- Install configuration: ""
[0.391s] -- Up-to-date: /home/robousr/Downloads/Robotica-2025-prac1/install/practica1_description/share/practica1_description//urdf
[0.394s] -- Up-to-date: /home/robousr/Downloads/Robotica-2025-prac1/install/practica1_description/share/practica1_description//urdf/basic_link.urdf
[0.397s] -- Up-to-date: /home/robousr/Downloads/Robotica-2025-prac1/install/practica1_description/share/practica1_description//launch
[0.398s] -- Up-to-date: /home/robousr/Downloads/Robotica-2025-prac1/install/practica1_description/share/practica1_description//launch/basic_link_display.launch.xml
[0.398s] -- Up-to-date: /home/robousr/Downloads/Robotica-2025-prac1/install/practica1_description/share/practica1_description//rviz
[0.398s] -- Up-to-date: /home/robousr/Downloads/Robotica-2025-prac1/install/practica1_description/share/practica1_description//rviz/basic_link_display.rviz
[0.398s] -- Up-to-date: /home/robousr/Downloads/Robotica-2025-prac1/install/practica1_description/share/ament_index/resource_index/package_run_dependencies/practica1_description
[0.400s] -- Up-to-date: /home/robousr/Downloads/Robotica-2025-prac1/install/practica1_description/share/ament_index/resource_index/parent_prefix_path/practica1_description
[0.404s] -- Up-to-date: /home/robousr/Downloads/Robotica-2025-prac1/install/practica1_description/share/practica1_description/environment/ament_prefix_path.sh
[0.404s] -- Up-to-date: /home/robousr/Downloads/Robotica-2025-prac1/install/practica1_description/share/practica1_description/environment/ament_prefix_path.dsv
[0.405s] -- Up-to-date: /home/robousr/Downloads/Robotica-2025-prac1/install/practica1_description/share/practica1_description/environment/path.sh
[0.405s] -- Up-to-date: /home/robousr/Downloads/Robotica-2025-prac1/install/practica1_description/share/practica1_description/environment/path.dsv
[0.407s] -- Up-to-date: /home/robousr/Downloads/Robotica-2025-prac1/install/practica1_description/share/practica1_description/local_setup.bash
[0.409s] -- Up-to-date: /home/robousr/Downloads/Robotica-2025-prac1/install/practica1_description/share/practica1_description/local_setup.sh
[0.410s] -- Up-to-date: /home/robousr/Downloads/Robotica-2025-prac1/install/practica1_description/share/practica1_description/local_setup.zsh
[0.410s] -- Up-to-date: /home/robousr/Downloads/Robotica-2025-prac1/install/practica1_description/share/practica1_description/local_setup.dsv
[0.411s] -- Up-to-date: /home/robousr/Downloads/Robotica-2025-prac1/install/practica1_description/share/practica1_description/package.dsv
[0.412s] -- Up-to-date: /home/robousr/Downloads/Robotica-2025-prac1/install/practica1_description/share/ament_index/resource_index/packages/practica1_description
[0.413s] -- Up-to-date: /home/robousr/Downloads/Robotica-2025-prac1/install/practica1_description/share/practica1_description/cmake/practica1_descriptionConfig.cmake
[0.414s] -- Up-to-date: /home/robousr/Downloads/Robotica-2025-prac1/install/practica1_description/share/practica1_description/cmake/practica1_descriptionConfig-version.cmake
[0.420s] -- Up-to-date: /home/robousr/Downloads/Robotica-2025-prac1/install/practica1_description/share/practica1_description/package.xml
[0.435s] Invoked command in '/home/robousr/Downloads/Robotica-2025-prac1/build/practica1_description' returned '0': CMAKE_PREFIX_PATH=/opt/ros/humble /usr/bin/cmake --install /home/robousr/Downloads/Robotica-2025-prac1/build/practica1_description
