[0.340s] DEBUG:colcon:Command line arguments: ['/usr/bin/colcon', 'build']
[0.341s] DEBUG:colcon:Parsed command line arguments: Namespace(log_base=None, log_level=None, verb_name='build', build_base='build', install_base='install', merge_install=False, symlink_install=False, test_result_base=None, continue_on_error=False, executor='parallel', parallel_workers=2, event_handlers=None, ignore_user_meta=False, metas=['./colcon.meta'], base_paths=['.'], packages_ignore=None, packages_ignore_regex=None, paths=None, packages_up_to=None, packages_up_to_regex=None, packages_above=None, packages_above_and_dependencies=None, packages_above_depth=None, packages_select_by_dep=None, packages_skip_by_dep=None, packages_skip_up_to=None, packages_select_build_failed=False, packages_skip_build_finished=False, packages_select_test_failures=False, packages_skip_test_passed=False, packages_select=None, packages_skip=None, packages_select_regex=None, packages_skip_regex=None, packages_start=None, packages_end=None, allow_overriding=[], cmake_args=None, cmake_target=None, cmake_target_skip_unavailable=False, cmake_clean_cache=False, cmake_clean_first=False, cmake_force_configure=False, ament_cmake_args=None, catkin_cmake_args=None, catkin_skip_building_tests=False, mixin_files=None, mixin=None, verb_parser=<colcon_mixin.mixin.mixin_argument.MixinArgumentDecorator object at 0x771c237475b0>, verb_extension=<colcon_core.verb.build.BuildVerb object at 0x771c23747070>, main=<bound method BuildVerb.main of <colcon_core.verb.build.BuildVerb object at 0x771c23747070>>, mixin_verb=('build',))
[0.836s] Level 1:colcon.colcon_core.package_discovery:discover_packages(colcon_meta) check parameters
[0.837s] Level 1:colcon.colcon_core.package_discovery:discover_packages(recursive) check parameters
[0.838s] Level 1:colcon.colcon_core.package_discovery:discover_packages(ignore) check parameters
[0.838s] Level 1:colcon.colcon_core.package_discovery:discover_packages(path) check parameters
[0.838s] Level 1:colcon.colcon_core.package_discovery:discover_packages(colcon_meta) discover
[0.838s] Level 1:colcon.colcon_core.package_discovery:discover_packages(recursive) discover
[0.838s] INFO:colcon.colcon_core.package_discovery:Crawling recursively for packages in '/home/robousr/Downloads/Robotica-2025-prac1'
[0.839s] Level 1:colcon.colcon_core.package_identification:_identify(.) by extensions ['ignore', 'ignore_ament_install']
[0.839s] Level 1:colcon.colcon_core.package_identification:_identify(.) by extension 'ignore'
[0.840s] Level 1:colcon.colcon_core.package_identification:_identify(.) by extension 'ignore_ament_install'
[0.841s] Level 1:colcon.colcon_core.package_identification:_identify(.) by extensions ['colcon_pkg']
[0.841s] Level 1:colcon.colcon_core.package_identification:_identify(.) by extension 'colcon_pkg'
[0.841s] Level 1:colcon.colcon_core.package_identification:_identify(.) by extensions ['colcon_meta']
[0.841s] Level 1:colcon.colcon_core.package_identification:_identify(.) by extension 'colcon_meta'
[0.841s] Level 1:colcon.colcon_core.package_identification:_identify(.) by extensions ['ros']
[0.841s] Level 1:colcon.colcon_core.package_identification:_identify(.) by extension 'ros'
[0.873s] Level 1:colcon.colcon_core.package_identification:_identify(.) by extensions ['cmake', 'python']
[0.874s] Level 1:colcon.colcon_core.package_identification:_identify(.) by extension 'cmake'
[0.874s] Level 1:colcon.colcon_core.package_identification:_identify(.) by extension 'python'
[0.874s] Level 1:colcon.colcon_core.package_identification:_identify(.) by extensions ['python_setup_py']
[0.874s] Level 1:colcon.colcon_core.package_identification:_identify(.) by extension 'python_setup_py'
[0.875s] Level 1:colcon.colcon_core.package_identification:_identify(blink_description) by extensions ['ignore', 'ignore_ament_install']
[0.875s] Level 1:colcon.colcon_core.package_identification:_identify(blink_description) by extension 'ignore'
[0.875s] Level 1:colcon.colcon_core.package_identification:_identify(blink_description) by extension 'ignore_ament_install'
[0.875s] Level 1:colcon.colcon_core.package_identification:_identify(blink_description) by extensions ['colcon_pkg']
[0.875s] Level 1:colcon.colcon_core.package_identification:_identify(blink_description) by extension 'colcon_pkg'
[0.876s] Level 1:colcon.colcon_core.package_identification:_identify(blink_description) by extensions ['colcon_meta']
[0.876s] Level 1:colcon.colcon_core.package_identification:_identify(blink_description) by extension 'colcon_meta'
[0.876s] Level 1:colcon.colcon_core.package_identification:_identify(blink_description) by extensions ['ros']
[0.877s] Level 1:colcon.colcon_core.package_identification:_identify(blink_description) by extension 'ros'
[0.883s] DEBUG:colcon.colcon_core.package_identification:Package 'blink_description' with type 'ros.ament_cmake' and name 'blink_description'
[0.883s] Level 1:colcon.colcon_core.package_identification:_identify(build) by extensions ['ignore', 'ignore_ament_install']
[0.883s] Level 1:colcon.colcon_core.package_identification:_identify(build) by extension 'ignore'
[0.883s] Level 1:colcon.colcon_core.package_identification:_identify(build) ignored
[0.884s] Level 1:colcon.colcon_core.package_identification:_identify(install) by extensions ['ignore', 'ignore_ament_install']
[0.884s] Level 1:colcon.colcon_core.package_identification:_identify(install) by extension 'ignore'
[0.884s] Level 1:colcon.colcon_core.package_identification:_identify(install) ignored
[0.884s] Level 1:colcon.colcon_core.package_identification:_identify(log) by extensions ['ignore', 'ignore_ament_install']
[0.885s] Level 1:colcon.colcon_core.package_identification:_identify(log) by extension 'ignore'
[0.885s] Level 1:colcon.colcon_core.package_identification:_identify(log) ignored
[0.885s] Level 1:colcon.colcon_core.package_identification:_identify(notebooks) by extensions ['ignore', 'ignore_ament_install']
[0.886s] Level 1:colcon.colcon_core.package_identification:_identify(notebooks) by extension 'ignore'
[0.886s] Level 1:colcon.colcon_core.package_identification:_identify(notebooks) by extension 'ignore_ament_install'
[0.886s] Level 1:colcon.colcon_core.package_identification:_identify(notebooks) by extensions ['colcon_pkg']
[0.886s] Level 1:colcon.colcon_core.package_identification:_identify(notebooks) by extension 'colcon_pkg'
[0.886s] Level 1:colcon.colcon_core.package_identification:_identify(notebooks) by extensions ['colcon_meta']
[0.886s] Level 1:colcon.colcon_core.package_identification:_identify(notebooks) by extension 'colcon_meta'
[0.887s] Level 1:colcon.colcon_core.package_identification:_identify(notebooks) by extensions ['ros']
[0.887s] Level 1:colcon.colcon_core.package_identification:_identify(notebooks) by extension 'ros'
[0.887s] Level 1:colcon.colcon_core.package_identification:_identify(notebooks) by extensions ['cmake', 'python']
[0.887s] Level 1:colcon.colcon_core.package_identification:_identify(notebooks) by extension 'cmake'
[0.887s] Level 1:colcon.colcon_core.package_identification:_identify(notebooks) by extension 'python'
[0.887s] Level 1:colcon.colcon_core.package_identification:_identify(notebooks) by extensions ['python_setup_py']
[0.887s] Level 1:colcon.colcon_core.package_identification:_identify(notebooks) by extension 'python_setup_py'
[0.888s] Level 1:colcon.colcon_core.package_identification:_identify(notebooks/Practica_1) by extensions ['ignore', 'ignore_ament_install']
[0.888s] Level 1:colcon.colcon_core.package_identification:_identify(notebooks/Practica_1) by extension 'ignore'
[0.888s] Level 1:colcon.colcon_core.package_identification:_identify(notebooks/Practica_1) by extension 'ignore_ament_install'
[0.888s] Level 1:colcon.colcon_core.package_identification:_identify(notebooks/Practica_1) by extensions ['colcon_pkg']
[0.888s] Level 1:colcon.colcon_core.package_identification:_identify(notebooks/Practica_1) by extension 'colcon_pkg'
[0.888s] Level 1:colcon.colcon_core.package_identification:_identify(notebooks/Practica_1) by extensions ['colcon_meta']
[0.889s] Level 1:colcon.colcon_core.package_identification:_identify(notebooks/Practica_1) by extension 'colcon_meta'
[0.889s] Level 1:colcon.colcon_core.package_identification:_identify(notebooks/Practica_1) by extensions ['ros']
[0.889s] Level 1:colcon.colcon_core.package_identification:_identify(notebooks/Practica_1) by extension 'ros'
[0.889s] Level 1:colcon.colcon_core.package_identification:_identify(notebooks/Practica_1) by extensions ['cmake', 'python']
[0.889s] Level 1:colcon.colcon_core.package_identification:_identify(notebooks/Practica_1) by extension 'cmake'
[0.890s] Level 1:colcon.colcon_core.package_identification:_identify(notebooks/Practica_1) by extension 'python'
[0.890s] Level 1:colcon.colcon_core.package_identification:_identify(notebooks/Practica_1) by extensions ['python_setup_py']
[0.890s] Level 1:colcon.colcon_core.package_identification:_identify(notebooks/Practica_1) by extension 'python_setup_py'
[0.890s] Level 1:colcon.colcon_core.package_identification:_identify(notebooks/Practica_1/Imagenes_P1) by extensions ['ignore', 'ignore_ament_install']
[0.890s] Level 1:colcon.colcon_core.package_identification:_identify(notebooks/Practica_1/Imagenes_P1) by extension 'ignore'
[0.891s] Level 1:colcon.colcon_core.package_identification:_identify(notebooks/Practica_1/Imagenes_P1) by extension 'ignore_ament_install'
[0.891s] Level 1:colcon.colcon_core.package_identification:_identify(notebooks/Practica_1/Imagenes_P1) by extensions ['colcon_pkg']
[0.891s] Level 1:colcon.colcon_core.package_identification:_identify(notebooks/Practica_1/Imagenes_P1) by extension 'colcon_pkg'
[0.891s] Level 1:colcon.colcon_core.package_identification:_identify(notebooks/Practica_1/Imagenes_P1) by extensions ['colcon_meta']
[0.891s] Level 1:colcon.colcon_core.package_identification:_identify(notebooks/Practica_1/Imagenes_P1) by extension 'colcon_meta'
[0.891s] Level 1:colcon.colcon_core.package_identification:_identify(notebooks/Practica_1/Imagenes_P1) by extensions ['ros']
[0.891s] Level 1:colcon.colcon_core.package_identification:_identify(notebooks/Practica_1/Imagenes_P1) by extension 'ros'
[0.892s] Level 1:colcon.colcon_core.package_identification:_identify(notebooks/Practica_1/Imagenes_P1) by extensions ['cmake', 'python']
[0.892s] Level 1:colcon.colcon_core.package_identification:_identify(notebooks/Practica_1/Imagenes_P1) by extension 'cmake'
[0.892s] Level 1:colcon.colcon_core.package_identification:_identify(notebooks/Practica_1/Imagenes_P1) by extension 'python'
[0.892s] Level 1:colcon.colcon_core.package_identification:_identify(notebooks/Practica_1/Imagenes_P1) by extensions ['python_setup_py']
[0.892s] Level 1:colcon.colcon_core.package_identification:_identify(notebooks/Practica_1/Imagenes_P1) by extension 'python_setup_py'
[0.892s] Level 1:colcon.colcon_core.package_identification:_identify(src) by extensions ['ignore', 'ignore_ament_install']
[0.892s] Level 1:colcon.colcon_core.package_identification:_identify(src) by extension 'ignore'
[0.893s] Level 1:colcon.colcon_core.package_identification:_identify(src) by extension 'ignore_ament_install'
[0.893s] Level 1:colcon.colcon_core.package_identification:_identify(src) by extensions ['colcon_pkg']
[0.893s] Level 1:colcon.colcon_core.package_identification:_identify(src) by extension 'colcon_pkg'
[0.893s] Level 1:colcon.colcon_core.package_identification:_identify(src) by extensions ['colcon_meta']
[0.893s] Level 1:colcon.colcon_core.package_identification:_identify(src) by extension 'colcon_meta'
[0.893s] Level 1:colcon.colcon_core.package_identification:_identify(src) by extensions ['ros']
[0.893s] Level 1:colcon.colcon_core.package_identification:_identify(src) by extension 'ros'
[0.894s] Level 1:colcon.colcon_core.package_identification:_identify(src) by extensions ['cmake', 'python']
[0.894s] Level 1:colcon.colcon_core.package_identification:_identify(src) by extension 'cmake'
[0.894s] Level 1:colcon.colcon_core.package_identification:_identify(src) by extension 'python'
[0.894s] Level 1:colcon.colcon_core.package_identification:_identify(src) by extensions ['python_setup_py']
[0.895s] Level 1:colcon.colcon_core.package_identification:_identify(src) by extension 'python_setup_py'
[0.896s] Level 1:colcon.colcon_core.package_identification:_identify(src/my_package) by extensions ['ignore', 'ignore_ament_install']
[0.896s] Level 1:colcon.colcon_core.package_identification:_identify(src/my_package) by extension 'ignore'
[0.896s] Level 1:colcon.colcon_core.package_identification:_identify(src/my_package) by extension 'ignore_ament_install'
[0.896s] Level 1:colcon.colcon_core.package_identification:_identify(src/my_package) by extensions ['colcon_pkg']
[0.896s] Level 1:colcon.colcon_core.package_identification:_identify(src/my_package) by extension 'colcon_pkg'
[0.896s] Level 1:colcon.colcon_core.package_identification:_identify(src/my_package) by extensions ['colcon_meta']
[0.897s] Level 1:colcon.colcon_core.package_identification:_identify(src/my_package) by extension 'colcon_meta'
[0.897s] Level 1:colcon.colcon_core.package_identification:_identify(src/my_package) by extensions ['ros']
[0.897s] Level 1:colcon.colcon_core.package_identification:_identify(src/my_package) by extension 'ros'
[0.898s] DEBUG:colcon.colcon_core.package_identification:Package 'src/my_package' with type 'ros.ament_cmake' and name 'my_package'
[0.899s] Level 1:colcon.colcon_core.package_identification:_identify(src/practica1_description) by extensions ['ignore', 'ignore_ament_install']
[0.899s] Level 1:colcon.colcon_core.package_identification:_identify(src/practica1_description) by extension 'ignore'
[0.899s] Level 1:colcon.colcon_core.package_identification:_identify(src/practica1_description) by extension 'ignore_ament_install'
[0.899s] Level 1:colcon.colcon_core.package_identification:_identify(src/practica1_description) by extensions ['colcon_pkg']
[0.899s] Level 1:colcon.colcon_core.package_identification:_identify(src/practica1_description) by extension 'colcon_pkg'
[0.900s] Level 1:colcon.colcon_core.package_identification:_identify(src/practica1_description) by extensions ['colcon_meta']
[0.901s] Level 1:colcon.colcon_core.package_identification:_identify(src/practica1_description) by extension 'colcon_meta'
[0.901s] Level 1:colcon.colcon_core.package_identification:_identify(src/practica1_description) by extensions ['ros']
[0.901s] Level 1:colcon.colcon_core.package_identification:_identify(src/practica1_description) by extension 'ros'
[0.903s] DEBUG:colcon.colcon_core.package_identification:Package 'src/practica1_description' with type 'ros.ament_cmake' and name 'practica1_description'
[0.903s] Level 1:colcon.colcon_core.package_discovery:discover_packages(recursive) using defaults
[0.903s] Level 1:colcon.colcon_core.package_discovery:discover_packages(ignore) discover
[0.903s] Level 1:colcon.colcon_core.package_discovery:discover_packages(ignore) using defaults
[0.903s] Level 1:colcon.colcon_core.package_discovery:discover_packages(path) discover
[0.903s] Level 1:colcon.colcon_core.package_discovery:discover_packages(path) using defaults
[0.965s] Level 1:colcon.colcon_core.package_discovery:discover_packages(prefix_path) check parameters
[0.966s] Level 1:colcon.colcon_core.package_discovery:discover_packages(prefix_path) discover
[0.975s] DEBUG:colcon.colcon_installed_package_information.package_discovery:Found 280 installed packages in /opt/ros/humble
[0.982s] Level 1:colcon.colcon_core.package_discovery:discover_packages(prefix_path) using defaults
[1.182s] Level 5:colcon.colcon_core.verb:set package 'blink_description' build argument 'cmake_args' from command line to 'None'
[1.185s] Level 5:colcon.colcon_core.verb:set package 'blink_description' build argument 'cmake_target' from command line to 'None'
[1.185s] Level 5:colcon.colcon_core.verb:set package 'blink_description' build argument 'cmake_target_skip_unavailable' from command line to 'False'
[1.186s] Level 5:colcon.colcon_core.verb:set package 'blink_description' build argument 'cmake_clean_cache' from command line to 'False'
[1.186s] Level 5:colcon.colcon_core.verb:set package 'blink_description' build argument 'cmake_clean_first' from command line to 'False'
[1.186s] Level 5:colcon.colcon_core.verb:set package 'blink_description' build argument 'cmake_force_configure' from command line to 'False'
[1.186s] Level 5:colcon.colcon_core.verb:set package 'blink_description' build argument 'ament_cmake_args' from command line to 'None'
[1.186s] Level 5:colcon.colcon_core.verb:set package 'blink_description' build argument 'catkin_cmake_args' from command line to 'None'
[1.186s] Level 5:colcon.colcon_core.verb:set package 'blink_description' build argument 'catkin_skip_building_tests' from command line to 'False'
[1.187s] DEBUG:colcon.colcon_core.verb:Building package 'blink_description' with the following arguments: {'ament_cmake_args': None, 'build_base': '/home/robousr/Downloads/Robotica-2025-prac1/build/blink_description', 'catkin_cmake_args': None, 'catkin_skip_building_tests': False, 'cmake_args': None, 'cmake_clean_cache': False, 'cmake_clean_first': False, 'cmake_force_configure': False, 'cmake_target': None, 'cmake_target_skip_unavailable': False, 'install_base': '/home/robousr/Downloads/Robotica-2025-prac1/install/blink_description', 'merge_install': False, 'path': '/home/robousr/Downloads/Robotica-2025-prac1/blink_description', 'symlink_install': False, 'test_result_base': None}
[1.188s] Level 5:colcon.colcon_core.verb:set package 'my_package' build argument 'cmake_args' from command line to 'None'
[1.189s] Level 5:colcon.colcon_core.verb:set package 'my_package' build argument 'cmake_target' from command line to 'None'
[1.189s] Level 5:colcon.colcon_core.verb:set package 'my_package' build argument 'cmake_target_skip_unavailable' from command line to 'False'
[1.189s] Level 5:colcon.colcon_core.verb:set package 'my_package' build argument 'cmake_clean_cache' from command line to 'False'
[1.189s] Level 5:colcon.colcon_core.verb:set package 'my_package' build argument 'cmake_clean_first' from command line to 'False'
[1.189s] Level 5:colcon.colcon_core.verb:set package 'my_package' build argument 'cmake_force_configure' from command line to 'False'
[1.189s] Level 5:colcon.colcon_core.verb:set package 'my_package' build argument 'ament_cmake_args' from command line to 'None'
[1.189s] Level 5:colcon.colcon_core.verb:set package 'my_package' build argument 'catkin_cmake_args' from command line to 'None'
[1.189s] Level 5:colcon.colcon_core.verb:set package 'my_package' build argument 'catkin_skip_building_tests' from command line to 'False'
[1.189s] DEBUG:colcon.colcon_core.verb:Building package 'my_package' with the following arguments: {'ament_cmake_args': None, 'build_base': '/home/robousr/Downloads/Robotica-2025-prac1/build/my_package', 'catkin_cmake_args': None, 'catkin_skip_building_tests': False, 'cmake_args': None, 'cmake_clean_cache': False, 'cmake_clean_first': False, 'cmake_force_configure': False, 'cmake_target': None, 'cmake_target_skip_unavailable': False, 'install_base': '/home/robousr/Downloads/Robotica-2025-prac1/install/my_package', 'merge_install': False, 'path': '/home/robousr/Downloads/Robotica-2025-prac1/src/my_package', 'symlink_install': False, 'test_result_base': None}
[1.190s] Level 5:colcon.colcon_core.verb:set package 'practica1_description' build argument 'cmake_args' from command line to 'None'
[1.190s] Level 5:colcon.colcon_core.verb:set package 'practica1_description' build argument 'cmake_target' from command line to 'None'
[1.191s] Level 5:colcon.colcon_core.verb:set package 'practica1_description' build argument 'cmake_target_skip_unavailable' from command line to 'False'
[1.191s] Level 5:colcon.colcon_core.verb:set package 'practica1_description' build argument 'cmake_clean_cache' from command line to 'False'
[1.191s] Level 5:colcon.colcon_core.verb:set package 'practica1_description' build argument 'cmake_clean_first' from command line to 'False'
[1.191s] Level 5:colcon.colcon_core.verb:set package 'practica1_description' build argument 'cmake_force_configure' from command line to 'False'
[1.191s] Level 5:colcon.colcon_core.verb:set package 'practica1_description' build argument 'ament_cmake_args' from command line to 'None'
[1.191s] Level 5:colcon.colcon_core.verb:set package 'practica1_description' build argument 'catkin_cmake_args' from command line to 'None'
[1.191s] Level 5:colcon.colcon_core.verb:set package 'practica1_description' build argument 'catkin_skip_building_tests' from command line to 'False'
[1.191s] DEBUG:colcon.colcon_core.verb:Building package 'practica1_description' with the following arguments: {'ament_cmake_args': None, 'build_base': '/home/robousr/Downloads/Robotica-2025-prac1/build/practica1_description', 'catkin_cmake_args': None, 'catkin_skip_building_tests': False, 'cmake_args': None, 'cmake_clean_cache': False, 'cmake_clean_first': False, 'cmake_force_configure': False, 'cmake_target': None, 'cmake_target_skip_unavailable': False, 'install_base': '/home/robousr/Downloads/Robotica-2025-prac1/install/practica1_description', 'merge_install': False, 'path': '/home/robousr/Downloads/Robotica-2025-prac1/src/practica1_description', 'symlink_install': False, 'test_result_base': None}
[1.191s] INFO:colcon.colcon_core.executor:Executing jobs using 'parallel' executor
[1.196s] DEBUG:colcon.colcon_parallel_executor.executor.parallel:run_until_complete
[1.197s] INFO:colcon.colcon_ros.task.ament_cmake.build:Building ROS package in '/home/robousr/Downloads/Robotica-2025-prac1/blink_description' with build type 'ament_cmake'
[1.197s] INFO:colcon.colcon_cmake.task.cmake.build:Building CMake package in '/home/robousr/Downloads/Robotica-2025-prac1/blink_description'
[1.212s] INFO:colcon.colcon_core.plugin_system:Skipping extension 'colcon_core.shell.bat': Not used on non-Windows systems
[1.213s] INFO:colcon.colcon_core.shell:Skip shell extension 'powershell' for command environment: Not usable outside of PowerShell
[1.214s] DEBUG:colcon.colcon_core.shell:Skip shell extension 'dsv' for command environment
[1.226s] INFO:colcon.colcon_ros.task.ament_cmake.build:Building ROS package in '/home/robousr/Downloads/Robotica-2025-prac1/src/my_package' with build type 'ament_cmake'
[1.226s] INFO:colcon.colcon_cmake.task.cmake.build:Building CMake package in '/home/robousr/Downloads/Robotica-2025-prac1/src/my_package'
[1.235s] INFO:colcon.colcon_core.shell:Skip shell extension 'powershell' for command environment: Not usable outside of PowerShell
[1.236s] DEBUG:colcon.colcon_core.shell:Skip shell extension 'dsv' for command environment
[1.292s] DEBUG:colcon.colcon_core.event_handler.log_command:Invoking command in '/home/robousr/Downloads/Robotica-2025-prac1/build/blink_description': CMAKE_PREFIX_PATH=/opt/ros/humble /usr/bin/cmake /home/robousr/Downloads/Robotica-2025-prac1/blink_description -DCMAKE_INSTALL_PREFIX=/home/robousr/Downloads/Robotica-2025-prac1/install/blink_description
[1.302s] DEBUG:colcon.colcon_core.event_handler.log_command:Invoking command in '/home/robousr/Downloads/Robotica-2025-prac1/build/my_package': CMAKE_PREFIX_PATH=/opt/ros/humble /usr/bin/cmake /home/robousr/Downloads/Robotica-2025-prac1/src/my_package -DCMAKE_INSTALL_PREFIX=/home/robousr/Downloads/Robotica-2025-prac1/install/my_package
[5.873s] DEBUG:colcon.colcon_core.event_handler.log_command:Invoked command in '/home/robousr/Downloads/Robotica-2025-prac1/build/my_package' returned '0': CMAKE_PREFIX_PATH=/opt/ros/humble /usr/bin/cmake /home/robousr/Downloads/Robotica-2025-prac1/src/my_package -DCMAKE_INSTALL_PREFIX=/home/robousr/Downloads/Robotica-2025-prac1/install/my_package
[5.875s] DEBUG:colcon.colcon_core.event_handler.log_command:Invoking command in '/home/robousr/Downloads/Robotica-2025-prac1/build/my_package': CMAKE_PREFIX_PATH=/opt/ros/humble /usr/bin/cmake --build /home/robousr/Downloads/Robotica-2025-prac1/build/my_package -- -j2 -l2
[5.889s] DEBUG:colcon.colcon_core.event_handler.log_command:Invoked command in '/home/robousr/Downloads/Robotica-2025-prac1/build/blink_description' returned '0': CMAKE_PREFIX_PATH=/opt/ros/humble /usr/bin/cmake /home/robousr/Downloads/Robotica-2025-prac1/blink_description -DCMAKE_INSTALL_PREFIX=/home/robousr/Downloads/Robotica-2025-prac1/install/blink_description
[5.892s] DEBUG:colcon.colcon_core.event_handler.log_command:Invoking command in '/home/robousr/Downloads/Robotica-2025-prac1/build/blink_description': CMAKE_PREFIX_PATH=/opt/ros/humble /usr/bin/cmake --build /home/robousr/Downloads/Robotica-2025-prac1/build/blink_description -- -j2 -l2
[6.058s] DEBUG:colcon.colcon_core.event_handler.log_command:Invoked command in '/home/robousr/Downloads/Robotica-2025-prac1/build/my_package' returned '0': CMAKE_PREFIX_PATH=/opt/ros/humble /usr/bin/cmake --build /home/robousr/Downloads/Robotica-2025-prac1/build/my_package -- -j2 -l2
[6.087s] DEBUG:colcon.colcon_core.event_handler.log_command:Invoked command in '/home/robousr/Downloads/Robotica-2025-prac1/build/blink_description' returned '0': CMAKE_PREFIX_PATH=/opt/ros/humble /usr/bin/cmake --build /home/robousr/Downloads/Robotica-2025-prac1/build/blink_description -- -j2 -l2
[6.171s] DEBUG:colcon.colcon_core.event_handler.log_command:Invoking command in '/home/robousr/Downloads/Robotica-2025-prac1/build/my_package': CMAKE_PREFIX_PATH=/opt/ros/humble /usr/bin/cmake --install /home/robousr/Downloads/Robotica-2025-prac1/build/my_package
[6.186s] DEBUG:colcon.colcon_core.event_handler.log_command:Invoking command in '/home/robousr/Downloads/Robotica-2025-prac1/build/blink_description': CMAKE_PREFIX_PATH=/opt/ros/humble /usr/bin/cmake --install /home/robousr/Downloads/Robotica-2025-prac1/build/blink_description
[6.242s] Level 1:colcon.colcon_core.environment:create_environment_scripts_only(my_package)
[6.253s] DEBUG:colcon.colcon_core.event_handler.log_command:Invoked command in '/home/robousr/Downloads/Robotica-2025-prac1/build/my_package' returned '0': CMAKE_PREFIX_PATH=/opt/ros/humble /usr/bin/cmake --install /home/robousr/Downloads/Robotica-2025-prac1/build/my_package
[6.260s] Level 1:colcon.colcon_core.environment:checking '/home/robousr/Downloads/Robotica-2025-prac1/install/my_package' for CMake module files
[6.261s] Level 1:colcon.colcon_core.environment:checking '/home/robousr/Downloads/Robotica-2025-prac1/install/my_package' for CMake config files
[6.262s] Level 1:colcon.colcon_core.shell:create_environment_hook('my_package', 'cmake_prefix_path')
[6.263s] INFO:colcon.colcon_core.shell:Creating environment hook '/home/robousr/Downloads/Robotica-2025-prac1/install/my_package/share/my_package/hook/cmake_prefix_path.ps1'
[6.265s] INFO:colcon.colcon_core.shell:Creating environment descriptor '/home/robousr/Downloads/Robotica-2025-prac1/install/my_package/share/my_package/hook/cmake_prefix_path.dsv'
[6.267s] INFO:colcon.colcon_core.shell:Creating environment hook '/home/robousr/Downloads/Robotica-2025-prac1/install/my_package/share/my_package/hook/cmake_prefix_path.sh'
[6.269s] Level 1:colcon.colcon_core.environment:checking '/home/robousr/Downloads/Robotica-2025-prac1/install/my_package/bin'
[6.269s] Level 1:colcon.colcon_core.environment:checking '/home/robousr/Downloads/Robotica-2025-prac1/install/my_package/lib/pkgconfig/my_package.pc'
[6.270s] Level 1:colcon.colcon_core.environment:checking '/home/robousr/Downloads/Robotica-2025-prac1/install/my_package/lib/python3.10/site-packages'
[6.271s] Level 1:colcon.colcon_core.environment:checking '/home/robousr/Downloads/Robotica-2025-prac1/install/my_package/bin'
[6.272s] INFO:colcon.colcon_core.shell:Creating package script '/home/robousr/Downloads/Robotica-2025-prac1/install/my_package/share/my_package/package.ps1'
[6.274s] INFO:colcon.colcon_core.shell:Creating package descriptor '/home/robousr/Downloads/Robotica-2025-prac1/install/my_package/share/my_package/package.dsv'
[6.276s] INFO:colcon.colcon_core.shell:Creating package script '/home/robousr/Downloads/Robotica-2025-prac1/install/my_package/share/my_package/package.sh'
[6.278s] INFO:colcon.colcon_core.shell:Creating package script '/home/robousr/Downloads/Robotica-2025-prac1/install/my_package/share/my_package/package.bash'
[6.280s] INFO:colcon.colcon_core.shell:Creating package script '/home/robousr/Downloads/Robotica-2025-prac1/install/my_package/share/my_package/package.zsh'
[6.281s] Level 1:colcon.colcon_core.environment:create_file_with_runtime_dependencies(/home/robousr/Downloads/Robotica-2025-prac1/install/my_package/share/colcon-core/packages/my_package)
[6.286s] Level 1:colcon.colcon_core.environment:create_environment_scripts_only(blink_description)
[6.287s] DEBUG:colcon.colcon_core.event_handler.log_command:Invoked command in '/home/robousr/Downloads/Robotica-2025-prac1/build/blink_description' returned '0': CMAKE_PREFIX_PATH=/opt/ros/humble /usr/bin/cmake --install /home/robousr/Downloads/Robotica-2025-prac1/build/blink_description
[6.288s] Level 1:colcon.colcon_core.environment:checking '/home/robousr/Downloads/Robotica-2025-prac1/install/blink_description' for CMake module files
[6.289s] Level 1:colcon.colcon_core.environment:checking '/home/robousr/Downloads/Robotica-2025-prac1/install/blink_description' for CMake config files
[6.290s] Level 1:colcon.colcon_core.shell:create_environment_hook('blink_description', 'cmake_prefix_path')
[6.291s] INFO:colcon.colcon_core.shell:Creating environment hook '/home/robousr/Downloads/Robotica-2025-prac1/install/blink_description/share/blink_description/hook/cmake_prefix_path.ps1'
[6.293s] INFO:colcon.colcon_core.shell:Creating environment descriptor '/home/robousr/Downloads/Robotica-2025-prac1/install/blink_description/share/blink_description/hook/cmake_prefix_path.dsv'
[6.294s] INFO:colcon.colcon_core.shell:Creating environment hook '/home/robousr/Downloads/Robotica-2025-prac1/install/blink_description/share/blink_description/hook/cmake_prefix_path.sh'
[6.295s] Level 1:colcon.colcon_core.environment:checking '/home/robousr/Downloads/Robotica-2025-prac1/install/blink_description/bin'
[6.296s] Level 1:colcon.colcon_core.environment:checking '/home/robousr/Downloads/Robotica-2025-prac1/install/blink_description/lib/pkgconfig/blink_description.pc'
[6.297s] Level 1:colcon.colcon_core.environment:checking '/home/robousr/Downloads/Robotica-2025-prac1/install/blink_description/lib/python3.10/site-packages'
[6.298s] Level 1:colcon.colcon_core.environment:checking '/home/robousr/Downloads/Robotica-2025-prac1/install/blink_description/bin'
[6.299s] INFO:colcon.colcon_core.shell:Creating package script '/home/robousr/Downloads/Robotica-2025-prac1/install/blink_description/share/blink_description/package.ps1'
[6.300s] INFO:colcon.colcon_core.shell:Creating package descriptor '/home/robousr/Downloads/Robotica-2025-prac1/install/blink_description/share/blink_description/package.dsv'
[6.302s] INFO:colcon.colcon_core.shell:Creating package script '/home/robousr/Downloads/Robotica-2025-prac1/install/blink_description/share/blink_description/package.sh'
[6.303s] INFO:colcon.colcon_core.shell:Creating package script '/home/robousr/Downloads/Robotica-2025-prac1/install/blink_description/share/blink_description/package.bash'
[6.304s] INFO:colcon.colcon_core.shell:Creating package script '/home/robousr/Downloads/Robotica-2025-prac1/install/blink_description/share/blink_description/package.zsh'
[6.305s] Level 1:colcon.colcon_core.environment:create_file_with_runtime_dependencies(/home/robousr/Downloads/Robotica-2025-prac1/install/blink_description/share/colcon-core/packages/blink_description)
[6.361s] Level 1:colcon.colcon_core.environment:create_environment_scripts_only(my_package)
[6.362s] Level 1:colcon.colcon_core.environment:checking '/home/robousr/Downloads/Robotica-2025-prac1/install/my_package' for CMake module files
[6.364s] Level 1:colcon.colcon_core.environment:checking '/home/robousr/Downloads/Robotica-2025-prac1/install/my_package' for CMake config files
[6.364s] Level 1:colcon.colcon_core.shell:create_environment_hook('my_package', 'cmake_prefix_path')
[6.365s] INFO:colcon.colcon_core.shell:Creating environment hook '/home/robousr/Downloads/Robotica-2025-prac1/install/my_package/share/my_package/hook/cmake_prefix_path.ps1'
[6.368s] INFO:colcon.colcon_core.shell:Creating environment descriptor '/home/robousr/Downloads/Robotica-2025-prac1/install/my_package/share/my_package/hook/cmake_prefix_path.dsv'
[6.369s] INFO:colcon.colcon_core.shell:Creating environment hook '/home/robousr/Downloads/Robotica-2025-prac1/install/my_package/share/my_package/hook/cmake_prefix_path.sh'
[6.372s] Level 1:colcon.colcon_core.environment:checking '/home/robousr/Downloads/Robotica-2025-prac1/install/my_package/bin'
[6.372s] Level 1:colcon.colcon_core.environment:checking '/home/robousr/Downloads/Robotica-2025-prac1/install/my_package/lib/pkgconfig/my_package.pc'
[6.373s] Level 1:colcon.colcon_core.environment:checking '/home/robousr/Downloads/Robotica-2025-prac1/install/my_package/lib/python3.10/site-packages'
[6.374s] Level 1:colcon.colcon_core.environment:checking '/home/robousr/Downloads/Robotica-2025-prac1/install/my_package/bin'
[6.375s] INFO:colcon.colcon_core.shell:Creating package script '/home/robousr/Downloads/Robotica-2025-prac1/install/my_package/share/my_package/package.ps1'
[6.377s] INFO:colcon.colcon_core.shell:Creating package descriptor '/home/robousr/Downloads/Robotica-2025-prac1/install/my_package/share/my_package/package.dsv'
[6.379s] INFO:colcon.colcon_core.shell:Creating package script '/home/robousr/Downloads/Robotica-2025-prac1/install/my_package/share/my_package/package.sh'
[6.381s] INFO:colcon.colcon_core.shell:Creating package script '/home/robousr/Downloads/Robotica-2025-prac1/install/my_package/share/my_package/package.bash'
[6.383s] INFO:colcon.colcon_core.shell:Creating package script '/home/robousr/Downloads/Robotica-2025-prac1/install/my_package/share/my_package/package.zsh'
[6.384s] Level 1:colcon.colcon_core.environment:create_file_with_runtime_dependencies(/home/robousr/Downloads/Robotica-2025-prac1/install/my_package/share/colcon-core/packages/my_package)
[6.387s] INFO:colcon.colcon_ros.task.ament_cmake.build:Building ROS package in '/home/robousr/Downloads/Robotica-2025-prac1/src/practica1_description' with build type 'ament_cmake'
[6.388s] INFO:colcon.colcon_cmake.task.cmake.build:Building CMake package in '/home/robousr/Downloads/Robotica-2025-prac1/src/practica1_description'
[6.388s] INFO:colcon.colcon_core.shell:Skip shell extension 'powershell' for command environment: Not usable outside of PowerShell
[6.389s] DEBUG:colcon.colcon_core.shell:Skip shell extension 'dsv' for command environment
[6.405s] Level 1:colcon.colcon_core.environment:create_environment_scripts_only(blink_description)
[6.409s] Level 1:colcon.colcon_core.environment:checking '/home/robousr/Downloads/Robotica-2025-prac1/install/blink_description' for CMake module files
[6.411s] Level 1:colcon.colcon_core.environment:checking '/home/robousr/Downloads/Robotica-2025-prac1/install/blink_description' for CMake config files
[6.411s] Level 1:colcon.colcon_core.shell:create_environment_hook('blink_description', 'cmake_prefix_path')
[6.412s] INFO:colcon.colcon_core.shell:Creating environment hook '/home/robousr/Downloads/Robotica-2025-prac1/install/blink_description/share/blink_description/hook/cmake_prefix_path.ps1'
[6.414s] INFO:colcon.colcon_core.shell:Creating environment descriptor '/home/robousr/Downloads/Robotica-2025-prac1/install/blink_description/share/blink_description/hook/cmake_prefix_path.dsv'
[6.416s] INFO:colcon.colcon_core.shell:Creating environment hook '/home/robousr/Downloads/Robotica-2025-prac1/install/blink_description/share/blink_description/hook/cmake_prefix_path.sh'
[6.417s] Level 1:colcon.colcon_core.environment:checking '/home/robousr/Downloads/Robotica-2025-prac1/install/blink_description/bin'
[6.418s] Level 1:colcon.colcon_core.environment:checking '/home/robousr/Downloads/Robotica-2025-prac1/install/blink_description/lib/pkgconfig/blink_description.pc'
[6.419s] Level 1:colcon.colcon_core.environment:checking '/home/robousr/Downloads/Robotica-2025-prac1/install/blink_description/lib/python3.10/site-packages'
[6.420s] Level 1:colcon.colcon_core.environment:checking '/home/robousr/Downloads/Robotica-2025-prac1/install/blink_description/bin'
[6.422s] INFO:colcon.colcon_core.shell:Creating package script '/home/robousr/Downloads/Robotica-2025-prac1/install/blink_description/share/blink_description/package.ps1'
[6.423s] INFO:colcon.colcon_core.shell:Creating package descriptor '/home/robousr/Downloads/Robotica-2025-prac1/install/blink_description/share/blink_description/package.dsv'
[6.425s] INFO:colcon.colcon_core.shell:Creating package script '/home/robousr/Downloads/Robotica-2025-prac1/install/blink_description/share/blink_description/package.sh'
[6.427s] INFO:colcon.colcon_core.shell:Creating package script '/home/robousr/Downloads/Robotica-2025-prac1/install/blink_description/share/blink_description/package.bash'
[6.428s] INFO:colcon.colcon_core.shell:Creating package script '/home/robousr/Downloads/Robotica-2025-prac1/install/blink_description/share/blink_description/package.zsh'
[6.429s] Level 1:colcon.colcon_core.environment:create_file_with_runtime_dependencies(/home/robousr/Downloads/Robotica-2025-prac1/install/blink_description/share/colcon-core/packages/blink_description)
[6.441s] DEBUG:colcon.colcon_core.event_handler.log_command:Invoking command in '/home/robousr/Downloads/Robotica-2025-prac1/build/practica1_description': CMAKE_PREFIX_PATH=/opt/ros/humble /usr/bin/cmake /home/robousr/Downloads/Robotica-2025-prac1/src/practica1_description -DCMAKE_INSTALL_PREFIX=/home/robousr/Downloads/Robotica-2025-prac1/install/practica1_description
[10.214s] DEBUG:colcon.colcon_core.event_handler.log_command:Invoked command in '/home/robousr/Downloads/Robotica-2025-prac1/build/practica1_description' returned '0': CMAKE_PREFIX_PATH=/opt/ros/humble /usr/bin/cmake /home/robousr/Downloads/Robotica-2025-prac1/src/practica1_description -DCMAKE_INSTALL_PREFIX=/home/robousr/Downloads/Robotica-2025-prac1/install/practica1_description
[10.224s] DEBUG:colcon.colcon_core.event_handler.log_command:Invoking command in '/home/robousr/Downloads/Robotica-2025-prac1/build/practica1_description': CMAKE_PREFIX_PATH=/opt/ros/humble /usr/bin/cmake --build /home/robousr/Downloads/Robotica-2025-prac1/build/practica1_description -- -j2 -l2
[10.339s] DEBUG:colcon.colcon_core.event_handler.log_command:Invoked command in '/home/robousr/Downloads/Robotica-2025-prac1/build/practica1_description' returned '0': CMAKE_PREFIX_PATH=/opt/ros/humble /usr/bin/cmake --build /home/robousr/Downloads/Robotica-2025-prac1/build/practica1_description -- -j2 -l2
[10.441s] DEBUG:colcon.colcon_core.event_handler.log_command:Invoking command in '/home/robousr/Downloads/Robotica-2025-prac1/build/practica1_description': CMAKE_PREFIX_PATH=/opt/ros/humble /usr/bin/cmake --install /home/robousr/Downloads/Robotica-2025-prac1/build/practica1_description
[10.504s] Level 1:colcon.colcon_core.environment:create_environment_scripts_only(practica1_description)
[10.505s] Level 1:colcon.colcon_core.environment:checking '/home/robousr/Downloads/Robotica-2025-prac1/install/practica1_description' for CMake module files
[10.508s] DEBUG:colcon.colcon_core.event_handler.log_command:Invoked command in '/home/robousr/Downloads/Robotica-2025-prac1/build/practica1_description' returned '0': CMAKE_PREFIX_PATH=/opt/ros/humble /usr/bin/cmake --install /home/robousr/Downloads/Robotica-2025-prac1/build/practica1_description
[10.510s] Level 1:colcon.colcon_core.environment:checking '/home/robousr/Downloads/Robotica-2025-prac1/install/practica1_description' for CMake config files
[10.510s] Level 1:colcon.colcon_core.shell:create_environment_hook('practica1_description', 'cmake_prefix_path')
[10.511s] INFO:colcon.colcon_core.shell:Creating environment hook '/home/robousr/Downloads/Robotica-2025-prac1/install/practica1_description/share/practica1_description/hook/cmake_prefix_path.ps1'
[10.512s] INFO:colcon.colcon_core.shell:Creating environment descriptor '/home/robousr/Downloads/Robotica-2025-prac1/install/practica1_description/share/practica1_description/hook/cmake_prefix_path.dsv'
[10.513s] INFO:colcon.colcon_core.shell:Creating environment hook '/home/robousr/Downloads/Robotica-2025-prac1/install/practica1_description/share/practica1_description/hook/cmake_prefix_path.sh'
[10.515s] Level 1:colcon.colcon_core.environment:checking '/home/robousr/Downloads/Robotica-2025-prac1/install/practica1_description/bin'
[10.515s] Level 1:colcon.colcon_core.environment:checking '/home/robousr/Downloads/Robotica-2025-prac1/install/practica1_description/lib/pkgconfig/practica1_description.pc'
[10.516s] Level 1:colcon.colcon_core.environment:checking '/home/robousr/Downloads/Robotica-2025-prac1/install/practica1_description/lib/python3.10/site-packages'
[10.516s] Level 1:colcon.colcon_core.environment:checking '/home/robousr/Downloads/Robotica-2025-prac1/install/practica1_description/bin'
[10.517s] INFO:colcon.colcon_core.shell:Creating package script '/home/robousr/Downloads/Robotica-2025-prac1/install/practica1_description/share/practica1_description/package.ps1'
[10.519s] INFO:colcon.colcon_core.shell:Creating package descriptor '/home/robousr/Downloads/Robotica-2025-prac1/install/practica1_description/share/practica1_description/package.dsv'
[10.520s] INFO:colcon.colcon_core.shell:Creating package script '/home/robousr/Downloads/Robotica-2025-prac1/install/practica1_description/share/practica1_description/package.sh'
[10.521s] INFO:colcon.colcon_core.shell:Creating package script '/home/robousr/Downloads/Robotica-2025-prac1/install/practica1_description/share/practica1_description/package.bash'
[10.522s] INFO:colcon.colcon_core.shell:Creating package script '/home/robousr/Downloads/Robotica-2025-prac1/install/practica1_description/share/practica1_description/package.zsh'
[10.523s] Level 1:colcon.colcon_core.environment:create_file_with_runtime_dependencies(/home/robousr/Downloads/Robotica-2025-prac1/install/practica1_description/share/colcon-core/packages/practica1_description)
[10.610s] Level 1:colcon.colcon_core.environment:create_environment_scripts_only(practica1_description)
[10.611s] Level 1:colcon.colcon_core.environment:checking '/home/robousr/Downloads/Robotica-2025-prac1/install/practica1_description' for CMake module files
[10.612s] Level 1:colcon.colcon_core.environment:checking '/home/robousr/Downloads/Robotica-2025-prac1/install/practica1_description' for CMake config files
[10.614s] Level 1:colcon.colcon_core.shell:create_environment_hook('practica1_description', 'cmake_prefix_path')
[10.614s] INFO:colcon.colcon_core.shell:Creating environment hook '/home/robousr/Downloads/Robotica-2025-prac1/install/practica1_description/share/practica1_description/hook/cmake_prefix_path.ps1'
[10.616s] INFO:colcon.colcon_core.shell:Creating environment descriptor '/home/robousr/Downloads/Robotica-2025-prac1/install/practica1_description/share/practica1_description/hook/cmake_prefix_path.dsv'
[10.617s] INFO:colcon.colcon_core.shell:Creating environment hook '/home/robousr/Downloads/Robotica-2025-prac1/install/practica1_description/share/practica1_description/hook/cmake_prefix_path.sh'
[10.620s] Level 1:colcon.colcon_core.environment:checking '/home/robousr/Downloads/Robotica-2025-prac1/install/practica1_description/bin'
[10.620s] Level 1:colcon.colcon_core.environment:checking '/home/robousr/Downloads/Robotica-2025-prac1/install/practica1_description/lib/pkgconfig/practica1_description.pc'
[10.621s] Level 1:colcon.colcon_core.environment:checking '/home/robousr/Downloads/Robotica-2025-prac1/install/practica1_description/lib/python3.10/site-packages'
[10.622s] Level 1:colcon.colcon_core.environment:checking '/home/robousr/Downloads/Robotica-2025-prac1/install/practica1_description/bin'
[10.623s] INFO:colcon.colcon_core.shell:Creating package script '/home/robousr/Downloads/Robotica-2025-prac1/install/practica1_description/share/practica1_description/package.ps1'
[10.626s] INFO:colcon.colcon_core.shell:Creating package descriptor '/home/robousr/Downloads/Robotica-2025-prac1/install/practica1_description/share/practica1_description/package.dsv'
[10.633s] INFO:colcon.colcon_core.shell:Creating package script '/home/robousr/Downloads/Robotica-2025-prac1/install/practica1_description/share/practica1_description/package.sh'
[10.635s] INFO:colcon.colcon_core.shell:Creating package script '/home/robousr/Downloads/Robotica-2025-prac1/install/practica1_description/share/practica1_description/package.bash'
[10.637s] INFO:colcon.colcon_core.shell:Creating package script '/home/robousr/Downloads/Robotica-2025-prac1/install/practica1_description/share/practica1_description/package.zsh'
[10.639s] Level 1:colcon.colcon_core.environment:create_file_with_runtime_dependencies(/home/robousr/Downloads/Robotica-2025-prac1/install/practica1_description/share/colcon-core/packages/practica1_description)
[10.641s] DEBUG:colcon.colcon_parallel_executor.executor.parallel:closing loop
[10.647s] DEBUG:colcon.colcon_parallel_executor.executor.parallel:loop closed
[10.648s] DEBUG:colcon.colcon_parallel_executor.executor.parallel:run_until_complete finished with '0'
[10.648s] DEBUG:colcon.colcon_core.event_reactor:joining thread
[10.680s] INFO:colcon.colcon_core.plugin_system:Skipping extension 'colcon_notification.desktop_notification.terminal_notifier': Not used on non-Darwin systems
[10.680s] INFO:colcon.colcon_core.plugin_system:Skipping extension 'colcon_notification.desktop_notification.win32': Not used on non-Windows systems
[10.681s] INFO:colcon.colcon_notification.desktop_notification:Sending desktop notification using 'notify2'
[10.771s] DEBUG:colcon.colcon_core.event_reactor:joined thread
[10.772s] INFO:colcon.colcon_core.shell:Creating prefix script '/home/robousr/Downloads/Robotica-2025-prac1/install/local_setup.ps1'
[10.777s] INFO:colcon.colcon_core.shell:Creating prefix util module '/home/robousr/Downloads/Robotica-2025-prac1/install/_local_setup_util_ps1.py'
[10.784s] INFO:colcon.colcon_core.shell:Creating prefix chain script '/home/robousr/Downloads/Robotica-2025-prac1/install/setup.ps1'
[10.788s] INFO:colcon.colcon_core.shell:Creating prefix script '/home/robousr/Downloads/Robotica-2025-prac1/install/local_setup.sh'
[10.792s] INFO:colcon.colcon_core.shell:Creating prefix util module '/home/robousr/Downloads/Robotica-2025-prac1/install/_local_setup_util_sh.py'
[10.806s] INFO:colcon.colcon_core.shell:Creating prefix chain script '/home/robousr/Downloads/Robotica-2025-prac1/install/setup.sh'
[10.818s] INFO:colcon.colcon_core.shell:Creating prefix script '/home/robousr/Downloads/Robotica-2025-prac1/install/local_setup.bash'
[10.825s] INFO:colcon.colcon_core.shell:Creating prefix chain script '/home/robousr/Downloads/Robotica-2025-prac1/install/setup.bash'
[10.830s] INFO:colcon.colcon_core.shell:Creating prefix script '/home/robousr/Downloads/Robotica-2025-prac1/install/local_setup.zsh'
[10.832s] INFO:colcon.colcon_core.shell:Creating prefix chain script '/home/robousr/Downloads/Robotica-2025-prac1/install/setup.zsh'
