[0.338s] DEBUG:colcon:Command line arguments: ['/usr/bin/colcon', 'build']
[0.339s] DEBUG:colcon:Parsed command line arguments: Namespace(log_base=None, log_level=None, verb_name='build', build_base='build', install_base='install', merge_install=False, symlink_install=False, test_result_base=None, continue_on_error=False, executor='parallel', parallel_workers=2, event_handlers=None, ignore_user_meta=False, metas=['./colcon.meta'], base_paths=['.'], packages_ignore=None, packages_ignore_regex=None, paths=None, packages_up_to=None, packages_up_to_regex=None, packages_above=None, packages_above_and_dependencies=None, packages_above_depth=None, packages_select_by_dep=None, packages_skip_by_dep=None, packages_skip_up_to=None, packages_select_build_failed=False, packages_skip_build_finished=False, packages_select_test_failures=False, packages_skip_test_passed=False, packages_select=None, packages_skip=None, packages_select_regex=None, packages_skip_regex=None, packages_start=None, packages_end=None, allow_overriding=[], cmake_args=None, cmake_target=None, cmake_target_skip_unavailable=False, cmake_clean_cache=False, cmake_clean_first=False, cmake_force_configure=False, ament_cmake_args=None, catkin_cmake_args=None, catkin_skip_building_tests=False, mixin_files=None, mixin=None, verb_parser=<colcon_mixin.mixin.mixin_argument.MixinArgumentDecorator object at 0x71d94e73f640>, verb_extension=<colcon_core.verb.build.BuildVerb object at 0x71d94e73f100>, main=<bound method BuildVerb.main of <colcon_core.verb.build.BuildVerb object at 0x71d94e73f100>>, mixin_verb=('build',))
[0.853s] Level 1:colcon.colcon_core.package_discovery:discover_packages(colcon_meta) check parameters
[0.854s] Level 1:colcon.colcon_core.package_discovery:discover_packages(recursive) check parameters
[0.854s] Level 1:colcon.colcon_core.package_discovery:discover_packages(ignore) check parameters
[0.854s] Level 1:colcon.colcon_core.package_discovery:discover_packages(path) check parameters
[0.854s] Level 1:colcon.colcon_core.package_discovery:discover_packages(colcon_meta) discover
[0.854s] Level 1:colcon.colcon_core.package_discovery:discover_packages(recursive) discover
[0.855s] INFO:colcon.colcon_core.package_discovery:Crawling recursively for packages in '/home/robousr/Downloads/Robotica-2025-prac1'
[0.855s] Level 1:colcon.colcon_core.package_identification:_identify(.) by extensions ['ignore', 'ignore_ament_install']
[0.855s] Level 1:colcon.colcon_core.package_identification:_identify(.) by extension 'ignore'
[0.855s] Level 1:colcon.colcon_core.package_identification:_identify(.) by extension 'ignore_ament_install'
[0.856s] Level 1:colcon.colcon_core.package_identification:_identify(.) by extensions ['colcon_pkg']
[0.856s] Level 1:colcon.colcon_core.package_identification:_identify(.) by extension 'colcon_pkg'
[0.856s] Level 1:colcon.colcon_core.package_identification:_identify(.) by extensions ['colcon_meta']
[0.856s] Level 1:colcon.colcon_core.package_identification:_identify(.) by extension 'colcon_meta'
[0.856s] Level 1:colcon.colcon_core.package_identification:_identify(.) by extensions ['ros']
[0.856s] Level 1:colcon.colcon_core.package_identification:_identify(.) by extension 'ros'
[0.894s] Level 1:colcon.colcon_core.package_identification:_identify(.) by extensions ['cmake', 'python']
[0.895s] Level 1:colcon.colcon_core.package_identification:_identify(.) by extension 'cmake'
[0.895s] Level 1:colcon.colcon_core.package_identification:_identify(.) by extension 'python'
[0.895s] Level 1:colcon.colcon_core.package_identification:_identify(.) by extensions ['python_setup_py']
[0.895s] Level 1:colcon.colcon_core.package_identification:_identify(.) by extension 'python_setup_py'
[0.895s] Level 1:colcon.colcon_core.package_identification:_identify(Descripcion de Practica) by extensions ['ignore', 'ignore_ament_install']
[0.896s] Level 1:colcon.colcon_core.package_identification:_identify(Descripcion de Practica) by extension 'ignore'
[0.896s] Level 1:colcon.colcon_core.package_identification:_identify(Descripcion de Practica) by extension 'ignore_ament_install'
[0.896s] Level 1:colcon.colcon_core.package_identification:_identify(Descripcion de Practica) by extensions ['colcon_pkg']
[0.896s] Level 1:colcon.colcon_core.package_identification:_identify(Descripcion de Practica) by extension 'colcon_pkg'
[0.896s] Level 1:colcon.colcon_core.package_identification:_identify(Descripcion de Practica) by extensions ['colcon_meta']
[0.896s] Level 1:colcon.colcon_core.package_identification:_identify(Descripcion de Practica) by extension 'colcon_meta'
[0.897s] Level 1:colcon.colcon_core.package_identification:_identify(Descripcion de Practica) by extensions ['ros']
[0.897s] Level 1:colcon.colcon_core.package_identification:_identify(Descripcion de Practica) by extension 'ros'
[0.897s] Level 1:colcon.colcon_core.package_identification:_identify(Descripcion de Practica) by extensions ['cmake', 'python']
[0.897s] Level 1:colcon.colcon_core.package_identification:_identify(Descripcion de Practica) by extension 'cmake'
[0.897s] Level 1:colcon.colcon_core.package_identification:_identify(Descripcion de Practica) by extension 'python'
[0.898s] Level 1:colcon.colcon_core.package_identification:_identify(Descripcion de Practica) by extensions ['python_setup_py']
[0.898s] Level 1:colcon.colcon_core.package_identification:_identify(Descripcion de Practica) by extension 'python_setup_py'
[0.898s] Level 1:colcon.colcon_core.package_identification:_identify(blink_description) by extensions ['ignore', 'ignore_ament_install']
[0.898s] Level 1:colcon.colcon_core.package_identification:_identify(blink_description) by extension 'ignore'
[0.898s] Level 1:colcon.colcon_core.package_identification:_identify(blink_description) by extension 'ignore_ament_install'
[0.899s] Level 1:colcon.colcon_core.package_identification:_identify(blink_description) by extensions ['colcon_pkg']
[0.899s] Level 1:colcon.colcon_core.package_identification:_identify(blink_description) by extension 'colcon_pkg'
[0.899s] Level 1:colcon.colcon_core.package_identification:_identify(blink_description) by extensions ['colcon_meta']
[0.899s] Level 1:colcon.colcon_core.package_identification:_identify(blink_description) by extension 'colcon_meta'
[0.899s] Level 1:colcon.colcon_core.package_identification:_identify(blink_description) by extensions ['ros']
[0.899s] Level 1:colcon.colcon_core.package_identification:_identify(blink_description) by extension 'ros'
[0.906s] DEBUG:colcon.colcon_core.package_identification:Package 'blink_description' with type 'ros.ament_cmake' and name 'blink_description'
[0.907s] Level 1:colcon.colcon_core.package_identification:_identify(build) by extensions ['ignore', 'ignore_ament_install']
[0.907s] Level 1:colcon.colcon_core.package_identification:_identify(build) by extension 'ignore'
[0.907s] Level 1:colcon.colcon_core.package_identification:_identify(build) ignored
[0.907s] Level 1:colcon.colcon_core.package_identification:_identify(install) by extensions ['ignore', 'ignore_ament_install']
[0.908s] Level 1:colcon.colcon_core.package_identification:_identify(install) by extension 'ignore'
[0.908s] Level 1:colcon.colcon_core.package_identification:_identify(install) ignored
[0.908s] Level 1:colcon.colcon_core.package_identification:_identify(log) by extensions ['ignore', 'ignore_ament_install']
[0.908s] Level 1:colcon.colcon_core.package_identification:_identify(log) by extension 'ignore'
[0.908s] Level 1:colcon.colcon_core.package_identification:_identify(log) ignored
[0.909s] Level 1:colcon.colcon_core.package_identification:_identify(notebooks) by extensions ['ignore', 'ignore_ament_install']
[0.909s] Level 1:colcon.colcon_core.package_identification:_identify(notebooks) by extension 'ignore'
[0.909s] Level 1:colcon.colcon_core.package_identification:_identify(notebooks) by extension 'ignore_ament_install'
[0.909s] Level 1:colcon.colcon_core.package_identification:_identify(notebooks) by extensions ['colcon_pkg']
[0.909s] Level 1:colcon.colcon_core.package_identification:_identify(notebooks) by extension 'colcon_pkg'
[0.909s] Level 1:colcon.colcon_core.package_identification:_identify(notebooks) by extensions ['colcon_meta']
[0.910s] Level 1:colcon.colcon_core.package_identification:_identify(notebooks) by extension 'colcon_meta'
[0.910s] Level 1:colcon.colcon_core.package_identification:_identify(notebooks) by extensions ['ros']
[0.910s] Level 1:colcon.colcon_core.package_identification:_identify(notebooks) by extension 'ros'
[0.910s] Level 1:colcon.colcon_core.package_identification:_identify(notebooks) by extensions ['cmake', 'python']
[0.910s] Level 1:colcon.colcon_core.package_identification:_identify(notebooks) by extension 'cmake'
[0.910s] Level 1:colcon.colcon_core.package_identification:_identify(notebooks) by extension 'python'
[0.910s] Level 1:colcon.colcon_core.package_identification:_identify(notebooks) by extensions ['python_setup_py']
[0.910s] Level 1:colcon.colcon_core.package_identification:_identify(notebooks) by extension 'python_setup_py'
[0.911s] Level 1:colcon.colcon_core.package_identification:_identify(notebooks/Practica_1) by extensions ['ignore', 'ignore_ament_install']
[0.911s] Level 1:colcon.colcon_core.package_identification:_identify(notebooks/Practica_1) by extension 'ignore'
[0.911s] Level 1:colcon.colcon_core.package_identification:_identify(notebooks/Practica_1) by extension 'ignore_ament_install'
[0.911s] Level 1:colcon.colcon_core.package_identification:_identify(notebooks/Practica_1) by extensions ['colcon_pkg']
[0.911s] Level 1:colcon.colcon_core.package_identification:_identify(notebooks/Practica_1) by extension 'colcon_pkg'
[0.911s] Level 1:colcon.colcon_core.package_identification:_identify(notebooks/Practica_1) by extensions ['colcon_meta']
[0.911s] Level 1:colcon.colcon_core.package_identification:_identify(notebooks/Practica_1) by extension 'colcon_meta'
[0.912s] Level 1:colcon.colcon_core.package_identification:_identify(notebooks/Practica_1) by extensions ['ros']
[0.912s] Level 1:colcon.colcon_core.package_identification:_identify(notebooks/Practica_1) by extension 'ros'
[0.912s] Level 1:colcon.colcon_core.package_identification:_identify(notebooks/Practica_1) by extensions ['cmake', 'python']
[0.912s] Level 1:colcon.colcon_core.package_identification:_identify(notebooks/Practica_1) by extension 'cmake'
[0.913s] Level 1:colcon.colcon_core.package_identification:_identify(notebooks/Practica_1) by extension 'python'
[0.913s] Level 1:colcon.colcon_core.package_identification:_identify(notebooks/Practica_1) by extensions ['python_setup_py']
[0.913s] Level 1:colcon.colcon_core.package_identification:_identify(notebooks/Practica_1) by extension 'python_setup_py'
[0.913s] Level 1:colcon.colcon_core.package_identification:_identify(notebooks/Practica_1/Imagenes_P1) by extensions ['ignore', 'ignore_ament_install']
[0.913s] Level 1:colcon.colcon_core.package_identification:_identify(notebooks/Practica_1/Imagenes_P1) by extension 'ignore'
[0.914s] Level 1:colcon.colcon_core.package_identification:_identify(notebooks/Practica_1/Imagenes_P1) by extension 'ignore_ament_install'
[0.914s] Level 1:colcon.colcon_core.package_identification:_identify(notebooks/Practica_1/Imagenes_P1) by extensions ['colcon_pkg']
[0.914s] Level 1:colcon.colcon_core.package_identification:_identify(notebooks/Practica_1/Imagenes_P1) by extension 'colcon_pkg'
[0.914s] Level 1:colcon.colcon_core.package_identification:_identify(notebooks/Practica_1/Imagenes_P1) by extensions ['colcon_meta']
[0.914s] Level 1:colcon.colcon_core.package_identification:_identify(notebooks/Practica_1/Imagenes_P1) by extension 'colcon_meta'
[0.914s] Level 1:colcon.colcon_core.package_identification:_identify(notebooks/Practica_1/Imagenes_P1) by extensions ['ros']
[0.914s] Level 1:colcon.colcon_core.package_identification:_identify(notebooks/Practica_1/Imagenes_P1) by extension 'ros'
[0.915s] Level 1:colcon.colcon_core.package_identification:_identify(notebooks/Practica_1/Imagenes_P1) by extensions ['cmake', 'python']
[0.915s] Level 1:colcon.colcon_core.package_identification:_identify(notebooks/Practica_1/Imagenes_P1) by extension 'cmake'
[0.915s] Level 1:colcon.colcon_core.package_identification:_identify(notebooks/Practica_1/Imagenes_P1) by extension 'python'
[0.915s] Level 1:colcon.colcon_core.package_identification:_identify(notebooks/Practica_1/Imagenes_P1) by extensions ['python_setup_py']
[0.915s] Level 1:colcon.colcon_core.package_identification:_identify(notebooks/Practica_1/Imagenes_P1) by extension 'python_setup_py'
[0.915s] Level 1:colcon.colcon_core.package_identification:_identify(src) by extensions ['ignore', 'ignore_ament_install']
[0.916s] Level 1:colcon.colcon_core.package_identification:_identify(src) by extension 'ignore'
[0.916s] Level 1:colcon.colcon_core.package_identification:_identify(src) by extension 'ignore_ament_install'
[0.916s] Level 1:colcon.colcon_core.package_identification:_identify(src) by extensions ['colcon_pkg']
[0.916s] Level 1:colcon.colcon_core.package_identification:_identify(src) by extension 'colcon_pkg'
[0.916s] Level 1:colcon.colcon_core.package_identification:_identify(src) by extensions ['colcon_meta']
[0.917s] Level 1:colcon.colcon_core.package_identification:_identify(src) by extension 'colcon_meta'
[0.917s] Level 1:colcon.colcon_core.package_identification:_identify(src) by extensions ['ros']
[0.917s] Level 1:colcon.colcon_core.package_identification:_identify(src) by extension 'ros'
[0.917s] Level 1:colcon.colcon_core.package_identification:_identify(src) by extensions ['cmake', 'python']
[0.917s] Level 1:colcon.colcon_core.package_identification:_identify(src) by extension 'cmake'
[0.917s] Level 1:colcon.colcon_core.package_identification:_identify(src) by extension 'python'
[0.917s] Level 1:colcon.colcon_core.package_identification:_identify(src) by extensions ['python_setup_py']
[0.917s] Level 1:colcon.colcon_core.package_identification:_identify(src) by extension 'python_setup_py'
[0.918s] Level 1:colcon.colcon_core.package_identification:_identify(src/my_package) by extensions ['ignore', 'ignore_ament_install']
[0.918s] Level 1:colcon.colcon_core.package_identification:_identify(src/my_package) by extension 'ignore'
[0.918s] Level 1:colcon.colcon_core.package_identification:_identify(src/my_package) by extension 'ignore_ament_install'
[0.918s] Level 1:colcon.colcon_core.package_identification:_identify(src/my_package) by extensions ['colcon_pkg']
[0.918s] Level 1:colcon.colcon_core.package_identification:_identify(src/my_package) by extension 'colcon_pkg'
[0.918s] Level 1:colcon.colcon_core.package_identification:_identify(src/my_package) by extensions ['colcon_meta']
[0.918s] Level 1:colcon.colcon_core.package_identification:_identify(src/my_package) by extension 'colcon_meta'
[0.918s] Level 1:colcon.colcon_core.package_identification:_identify(src/my_package) by extensions ['ros']
[0.918s] Level 1:colcon.colcon_core.package_identification:_identify(src/my_package) by extension 'ros'
[0.920s] DEBUG:colcon.colcon_core.package_identification:Package 'src/my_package' with type 'ros.ament_cmake' and name 'my_package'
[0.920s] Level 1:colcon.colcon_core.package_identification:_identify(src/practica1_description) by extensions ['ignore', 'ignore_ament_install']
[0.921s] Level 1:colcon.colcon_core.package_identification:_identify(src/practica1_description) by extension 'ignore'
[0.923s] Level 1:colcon.colcon_core.package_identification:_identify(src/practica1_description) by extension 'ignore_ament_install'
[0.923s] Level 1:colcon.colcon_core.package_identification:_identify(src/practica1_description) by extensions ['colcon_pkg']
[0.923s] Level 1:colcon.colcon_core.package_identification:_identify(src/practica1_description) by extension 'colcon_pkg'
[0.923s] Level 1:colcon.colcon_core.package_identification:_identify(src/practica1_description) by extensions ['colcon_meta']
[0.923s] Level 1:colcon.colcon_core.package_identification:_identify(src/practica1_description) by extension 'colcon_meta'
[0.923s] Level 1:colcon.colcon_core.package_identification:_identify(src/practica1_description) by extensions ['ros']
[0.923s] Level 1:colcon.colcon_core.package_identification:_identify(src/practica1_description) by extension 'ros'
[0.925s] DEBUG:colcon.colcon_core.package_identification:Package 'src/practica1_description' with type 'ros.ament_cmake' and name 'practica1_description'
[0.925s] Level 1:colcon.colcon_core.package_discovery:discover_packages(recursive) using defaults
[0.926s] Level 1:colcon.colcon_core.package_discovery:discover_packages(ignore) discover
[0.926s] Level 1:colcon.colcon_core.package_discovery:discover_packages(ignore) using defaults
[0.926s] Level 1:colcon.colcon_core.package_discovery:discover_packages(path) discover
[0.926s] Level 1:colcon.colcon_core.package_discovery:discover_packages(path) using defaults
[1.003s] Level 1:colcon.colcon_core.package_discovery:discover_packages(prefix_path) check parameters
[1.003s] Level 1:colcon.colcon_core.package_discovery:discover_packages(prefix_path) discover
[1.010s] DEBUG:colcon.colcon_installed_package_information.package_discovery:Found 280 installed packages in /opt/ros/humble
[1.014s] Level 1:colcon.colcon_core.package_discovery:discover_packages(prefix_path) using defaults
[1.218s] Level 5:colcon.colcon_core.verb:set package 'blink_description' build argument 'cmake_args' from command line to 'None'
[1.218s] Level 5:colcon.colcon_core.verb:set package 'blink_description' build argument 'cmake_target' from command line to 'None'
[1.218s] Level 5:colcon.colcon_core.verb:set package 'blink_description' build argument 'cmake_target_skip_unavailable' from command line to 'False'
[1.218s] Level 5:colcon.colcon_core.verb:set package 'blink_description' build argument 'cmake_clean_cache' from command line to 'False'
[1.219s] Level 5:colcon.colcon_core.verb:set package 'blink_description' build argument 'cmake_clean_first' from command line to 'False'
[1.219s] Level 5:colcon.colcon_core.verb:set package 'blink_description' build argument 'cmake_force_configure' from command line to 'False'
[1.219s] Level 5:colcon.colcon_core.verb:set package 'blink_description' build argument 'ament_cmake_args' from command line to 'None'
[1.219s] Level 5:colcon.colcon_core.verb:set package 'blink_description' build argument 'catkin_cmake_args' from command line to 'None'
[1.219s] Level 5:colcon.colcon_core.verb:set package 'blink_description' build argument 'catkin_skip_building_tests' from command line to 'False'
[1.220s] DEBUG:colcon.colcon_core.verb:Building package 'blink_description' with the following arguments: {'ament_cmake_args': None, 'build_base': '/home/robousr/Downloads/Robotica-2025-prac1/build/blink_description', 'catkin_cmake_args': None, 'catkin_skip_building_tests': False, 'cmake_args': None, 'cmake_clean_cache': False, 'cmake_clean_first': False, 'cmake_force_configure': False, 'cmake_target': None, 'cmake_target_skip_unavailable': False, 'install_base': '/home/robousr/Downloads/Robotica-2025-prac1/install/blink_description', 'merge_install': False, 'path': '/home/robousr/Downloads/Robotica-2025-prac1/blink_description', 'symlink_install': False, 'test_result_base': None}
[1.221s] Level 5:colcon.colcon_core.verb:set package 'my_package' build argument 'cmake_args' from command line to 'None'
[1.221s] Level 5:colcon.colcon_core.verb:set package 'my_package' build argument 'cmake_target' from command line to 'None'
[1.221s] Level 5:colcon.colcon_core.verb:set package 'my_package' build argument 'cmake_target_skip_unavailable' from command line to 'False'
[1.222s] Level 5:colcon.colcon_core.verb:set package 'my_package' build argument 'cmake_clean_cache' from command line to 'False'
[1.222s] Level 5:colcon.colcon_core.verb:set package 'my_package' build argument 'cmake_clean_first' from command line to 'False'
[1.222s] Level 5:colcon.colcon_core.verb:set package 'my_package' build argument 'cmake_force_configure' from command line to 'False'
[1.222s] Level 5:colcon.colcon_core.verb:set package 'my_package' build argument 'ament_cmake_args' from command line to 'None'
[1.222s] Level 5:colcon.colcon_core.verb:set package 'my_package' build argument 'catkin_cmake_args' from command line to 'None'
[1.223s] Level 5:colcon.colcon_core.verb:set package 'my_package' build argument 'catkin_skip_building_tests' from command line to 'False'
[1.223s] DEBUG:colcon.colcon_core.verb:Building package 'my_package' with the following arguments: {'ament_cmake_args': None, 'build_base': '/home/robousr/Downloads/Robotica-2025-prac1/build/my_package', 'catkin_cmake_args': None, 'catkin_skip_building_tests': False, 'cmake_args': None, 'cmake_clean_cache': False, 'cmake_clean_first': False, 'cmake_force_configure': False, 'cmake_target': None, 'cmake_target_skip_unavailable': False, 'install_base': '/home/robousr/Downloads/Robotica-2025-prac1/install/my_package', 'merge_install': False, 'path': '/home/robousr/Downloads/Robotica-2025-prac1/src/my_package', 'symlink_install': False, 'test_result_base': None}
[1.224s] Level 5:colcon.colcon_core.verb:set package 'practica1_description' build argument 'cmake_args' from command line to 'None'
[1.224s] Level 5:colcon.colcon_core.verb:set package 'practica1_description' build argument 'cmake_target' from command line to 'None'
[1.224s] Level 5:colcon.colcon_core.verb:set package 'practica1_description' build argument 'cmake_target_skip_unavailable' from command line to 'False'
[1.224s] Level 5:colcon.colcon_core.verb:set package 'practica1_description' build argument 'cmake_clean_cache' from command line to 'False'
[1.224s] Level 5:colcon.colcon_core.verb:set package 'practica1_description' build argument 'cmake_clean_first' from command line to 'False'
[1.224s] Level 5:colcon.colcon_core.verb:set package 'practica1_description' build argument 'cmake_force_configure' from command line to 'False'
[1.224s] Level 5:colcon.colcon_core.verb:set package 'practica1_description' build argument 'ament_cmake_args' from command line to 'None'
[1.224s] Level 5:colcon.colcon_core.verb:set package 'practica1_description' build argument 'catkin_cmake_args' from command line to 'None'
[1.225s] Level 5:colcon.colcon_core.verb:set package 'practica1_description' build argument 'catkin_skip_building_tests' from command line to 'False'
[1.225s] DEBUG:colcon.colcon_core.verb:Building package 'practica1_description' with the following arguments: {'ament_cmake_args': None, 'build_base': '/home/robousr/Downloads/Robotica-2025-prac1/build/practica1_description', 'catkin_cmake_args': None, 'catkin_skip_building_tests': False, 'cmake_args': None, 'cmake_clean_cache': False, 'cmake_clean_first': False, 'cmake_force_configure': False, 'cmake_target': None, 'cmake_target_skip_unavailable': False, 'install_base': '/home/robousr/Downloads/Robotica-2025-prac1/install/practica1_description', 'merge_install': False, 'path': '/home/robousr/Downloads/Robotica-2025-prac1/src/practica1_description', 'symlink_install': False, 'test_result_base': None}
[1.225s] INFO:colcon.colcon_core.executor:Executing jobs using 'parallel' executor
[1.230s] DEBUG:colcon.colcon_parallel_executor.executor.parallel:run_until_complete
[1.231s] INFO:colcon.colcon_ros.task.ament_cmake.build:Building ROS package in '/home/robousr/Downloads/Robotica-2025-prac1/blink_description' with build type 'ament_cmake'
[1.231s] INFO:colcon.colcon_cmake.task.cmake.build:Building CMake package in '/home/robousr/Downloads/Robotica-2025-prac1/blink_description'
[1.238s] INFO:colcon.colcon_core.plugin_system:Skipping extension 'colcon_core.shell.bat': Not used on non-Windows systems
[1.239s] INFO:colcon.colcon_core.shell:Skip shell extension 'powershell' for command environment: Not usable outside of PowerShell
[1.239s] DEBUG:colcon.colcon_core.shell:Skip shell extension 'dsv' for command environment
[1.251s] INFO:colcon.colcon_ros.task.ament_cmake.build:Building ROS package in '/home/robousr/Downloads/Robotica-2025-prac1/src/my_package' with build type 'ament_cmake'
[1.251s] INFO:colcon.colcon_cmake.task.cmake.build:Building CMake package in '/home/robousr/Downloads/Robotica-2025-prac1/src/my_package'
[1.252s] INFO:colcon.colcon_core.shell:Skip shell extension 'powershell' for command environment: Not usable outside of PowerShell
[1.252s] DEBUG:colcon.colcon_core.shell:Skip shell extension 'dsv' for command environment
[1.300s] DEBUG:colcon.colcon_core.event_handler.log_command:Invoking command in '/home/robousr/Downloads/Robotica-2025-prac1/build/blink_description': CMAKE_PREFIX_PATH=/opt/ros/humble /usr/bin/cmake --build /home/robousr/Downloads/Robotica-2025-prac1/build/blink_description -- -j2 -l2
[1.357s] DEBUG:colcon.colcon_core.event_handler.log_command:Invoking command in '/home/robousr/Downloads/Robotica-2025-prac1/build/my_package': CMAKE_PREFIX_PATH=/opt/ros/humble /usr/bin/cmake --build /home/robousr/Downloads/Robotica-2025-prac1/build/my_package -- -j2 -l2
[1.508s] DEBUG:colcon.colcon_core.event_handler.log_command:Invoked command in '/home/robousr/Downloads/Robotica-2025-prac1/build/my_package' returned '0': CMAKE_PREFIX_PATH=/opt/ros/humble /usr/bin/cmake --build /home/robousr/Downloads/Robotica-2025-prac1/build/my_package -- -j2 -l2
[1.544s] DEBUG:colcon.colcon_core.event_handler.log_command:Invoked command in '/home/robousr/Downloads/Robotica-2025-prac1/build/blink_description' returned '0': CMAKE_PREFIX_PATH=/opt/ros/humble /usr/bin/cmake --build /home/robousr/Downloads/Robotica-2025-prac1/build/blink_description -- -j2 -l2
[1.674s] DEBUG:colcon.colcon_core.event_handler.log_command:Invoking command in '/home/robousr/Downloads/Robotica-2025-prac1/build/blink_description': CMAKE_PREFIX_PATH=/opt/ros/humble /usr/bin/cmake --install /home/robousr/Downloads/Robotica-2025-prac1/build/blink_description
[1.696s] DEBUG:colcon.colcon_core.event_handler.log_command:Invoking command in '/home/robousr/Downloads/Robotica-2025-prac1/build/my_package': CMAKE_PREFIX_PATH=/opt/ros/humble /usr/bin/cmake --install /home/robousr/Downloads/Robotica-2025-prac1/build/my_package
[1.716s] Level 1:colcon.colcon_core.environment:create_environment_scripts_only(blink_description)
[1.748s] DEBUG:colcon.colcon_core.event_handler.log_command:Invoked command in '/home/robousr/Downloads/Robotica-2025-prac1/build/blink_description' returned '0': CMAKE_PREFIX_PATH=/opt/ros/humble /usr/bin/cmake --install /home/robousr/Downloads/Robotica-2025-prac1/build/blink_description
[1.751s] Level 1:colcon.colcon_core.environment:checking '/home/robousr/Downloads/Robotica-2025-prac1/install/blink_description' for CMake module files
[1.768s] Level 1:colcon.colcon_core.environment:checking '/home/robousr/Downloads/Robotica-2025-prac1/install/blink_description' for CMake config files
[1.769s] Level 1:colcon.colcon_core.shell:create_environment_hook('blink_description', 'cmake_prefix_path')
[1.769s] INFO:colcon.colcon_core.shell:Creating environment hook '/home/robousr/Downloads/Robotica-2025-prac1/install/blink_description/share/blink_description/hook/cmake_prefix_path.ps1'
[1.773s] INFO:colcon.colcon_core.shell:Creating environment descriptor '/home/robousr/Downloads/Robotica-2025-prac1/install/blink_description/share/blink_description/hook/cmake_prefix_path.dsv'
[1.775s] INFO:colcon.colcon_core.shell:Creating environment hook '/home/robousr/Downloads/Robotica-2025-prac1/install/blink_description/share/blink_description/hook/cmake_prefix_path.sh'
[1.782s] Level 1:colcon.colcon_core.environment:checking '/home/robousr/Downloads/Robotica-2025-prac1/install/blink_description/bin'
[1.782s] Level 1:colcon.colcon_core.environment:checking '/home/robousr/Downloads/Robotica-2025-prac1/install/blink_description/lib/pkgconfig/blink_description.pc'
[1.783s] Level 1:colcon.colcon_core.environment:checking '/home/robousr/Downloads/Robotica-2025-prac1/install/blink_description/lib/python3.10/site-packages'
[1.785s] Level 1:colcon.colcon_core.environment:checking '/home/robousr/Downloads/Robotica-2025-prac1/install/blink_description/bin'
[1.786s] INFO:colcon.colcon_core.shell:Creating package script '/home/robousr/Downloads/Robotica-2025-prac1/install/blink_description/share/blink_description/package.ps1'
[1.789s] INFO:colcon.colcon_core.shell:Creating package descriptor '/home/robousr/Downloads/Robotica-2025-prac1/install/blink_description/share/blink_description/package.dsv'
[1.792s] INFO:colcon.colcon_core.shell:Creating package script '/home/robousr/Downloads/Robotica-2025-prac1/install/blink_description/share/blink_description/package.sh'
[1.795s] INFO:colcon.colcon_core.shell:Creating package script '/home/robousr/Downloads/Robotica-2025-prac1/install/blink_description/share/blink_description/package.bash'
[1.798s] INFO:colcon.colcon_core.shell:Creating package script '/home/robousr/Downloads/Robotica-2025-prac1/install/blink_description/share/blink_description/package.zsh'
[1.801s] Level 1:colcon.colcon_core.environment:create_file_with_runtime_dependencies(/home/robousr/Downloads/Robotica-2025-prac1/install/blink_description/share/colcon-core/packages/blink_description)
[1.809s] Level 1:colcon.colcon_core.environment:create_environment_scripts_only(my_package)
[1.811s] Level 1:colcon.colcon_core.environment:checking '/home/robousr/Downloads/Robotica-2025-prac1/install/my_package' for CMake module files
[1.813s] Level 1:colcon.colcon_core.environment:checking '/home/robousr/Downloads/Robotica-2025-prac1/install/my_package' for CMake config files
[1.814s] Level 1:colcon.colcon_core.shell:create_environment_hook('my_package', 'cmake_prefix_path')
[1.812s] DEBUG:colcon.colcon_core.event_handler.log_command:Invoked command in '/home/robousr/Downloads/Robotica-2025-prac1/build/my_package' returned '0': CMAKE_PREFIX_PATH=/opt/ros/humble /usr/bin/cmake --install /home/robousr/Downloads/Robotica-2025-prac1/build/my_package
[1.815s] INFO:colcon.colcon_core.shell:Creating environment hook '/home/robousr/Downloads/Robotica-2025-prac1/install/my_package/share/my_package/hook/cmake_prefix_path.ps1'
[1.818s] INFO:colcon.colcon_core.shell:Creating environment descriptor '/home/robousr/Downloads/Robotica-2025-prac1/install/my_package/share/my_package/hook/cmake_prefix_path.dsv'
[1.819s] INFO:colcon.colcon_core.shell:Creating environment hook '/home/robousr/Downloads/Robotica-2025-prac1/install/my_package/share/my_package/hook/cmake_prefix_path.sh'
[1.821s] Level 1:colcon.colcon_core.environment:checking '/home/robousr/Downloads/Robotica-2025-prac1/install/my_package/bin'
[1.821s] Level 1:colcon.colcon_core.environment:checking '/home/robousr/Downloads/Robotica-2025-prac1/install/my_package/lib/pkgconfig/my_package.pc'
[1.822s] Level 1:colcon.colcon_core.environment:checking '/home/robousr/Downloads/Robotica-2025-prac1/install/my_package/lib/python3.10/site-packages'
[1.823s] Level 1:colcon.colcon_core.environment:checking '/home/robousr/Downloads/Robotica-2025-prac1/install/my_package/bin'
[1.824s] INFO:colcon.colcon_core.shell:Creating package script '/home/robousr/Downloads/Robotica-2025-prac1/install/my_package/share/my_package/package.ps1'
[1.825s] INFO:colcon.colcon_core.shell:Creating package descriptor '/home/robousr/Downloads/Robotica-2025-prac1/install/my_package/share/my_package/package.dsv'
[1.827s] INFO:colcon.colcon_core.shell:Creating package script '/home/robousr/Downloads/Robotica-2025-prac1/install/my_package/share/my_package/package.sh'
[1.829s] INFO:colcon.colcon_core.shell:Creating package script '/home/robousr/Downloads/Robotica-2025-prac1/install/my_package/share/my_package/package.bash'
[1.830s] INFO:colcon.colcon_core.shell:Creating package script '/home/robousr/Downloads/Robotica-2025-prac1/install/my_package/share/my_package/package.zsh'
[1.831s] Level 1:colcon.colcon_core.environment:create_file_with_runtime_dependencies(/home/robousr/Downloads/Robotica-2025-prac1/install/my_package/share/colcon-core/packages/my_package)
[1.907s] Level 1:colcon.colcon_core.environment:create_environment_scripts_only(blink_description)
[1.908s] Level 1:colcon.colcon_core.environment:checking '/home/robousr/Downloads/Robotica-2025-prac1/install/blink_description' for CMake module files
[1.909s] Level 1:colcon.colcon_core.environment:checking '/home/robousr/Downloads/Robotica-2025-prac1/install/blink_description' for CMake config files
[1.910s] Level 1:colcon.colcon_core.shell:create_environment_hook('blink_description', 'cmake_prefix_path')
[1.912s] INFO:colcon.colcon_core.shell:Creating environment hook '/home/robousr/Downloads/Robotica-2025-prac1/install/blink_description/share/blink_description/hook/cmake_prefix_path.ps1'
[1.914s] INFO:colcon.colcon_core.shell:Creating environment descriptor '/home/robousr/Downloads/Robotica-2025-prac1/install/blink_description/share/blink_description/hook/cmake_prefix_path.dsv'
[1.915s] INFO:colcon.colcon_core.shell:Creating environment hook '/home/robousr/Downloads/Robotica-2025-prac1/install/blink_description/share/blink_description/hook/cmake_prefix_path.sh'
[1.917s] Level 1:colcon.colcon_core.environment:checking '/home/robousr/Downloads/Robotica-2025-prac1/install/blink_description/bin'
[1.918s] Level 1:colcon.colcon_core.environment:checking '/home/robousr/Downloads/Robotica-2025-prac1/install/blink_description/lib/pkgconfig/blink_description.pc'
[1.918s] Level 1:colcon.colcon_core.environment:checking '/home/robousr/Downloads/Robotica-2025-prac1/install/blink_description/lib/python3.10/site-packages'
[1.919s] Level 1:colcon.colcon_core.environment:checking '/home/robousr/Downloads/Robotica-2025-prac1/install/blink_description/bin'
[1.920s] INFO:colcon.colcon_core.shell:Creating package script '/home/robousr/Downloads/Robotica-2025-prac1/install/blink_description/share/blink_description/package.ps1'
[1.927s] INFO:colcon.colcon_core.shell:Creating package descriptor '/home/robousr/Downloads/Robotica-2025-prac1/install/blink_description/share/blink_description/package.dsv'
[1.930s] INFO:colcon.colcon_core.shell:Creating package script '/home/robousr/Downloads/Robotica-2025-prac1/install/blink_description/share/blink_description/package.sh'
[1.931s] INFO:colcon.colcon_core.shell:Creating package script '/home/robousr/Downloads/Robotica-2025-prac1/install/blink_description/share/blink_description/package.bash'
[1.934s] INFO:colcon.colcon_core.shell:Creating package script '/home/robousr/Downloads/Robotica-2025-prac1/install/blink_description/share/blink_description/package.zsh'
[1.936s] Level 1:colcon.colcon_core.environment:create_file_with_runtime_dependencies(/home/robousr/Downloads/Robotica-2025-prac1/install/blink_description/share/colcon-core/packages/blink_description)
[1.938s] INFO:colcon.colcon_ros.task.ament_cmake.build:Building ROS package in '/home/robousr/Downloads/Robotica-2025-prac1/src/practica1_description' with build type 'ament_cmake'
[1.940s] INFO:colcon.colcon_cmake.task.cmake.build:Building CMake package in '/home/robousr/Downloads/Robotica-2025-prac1/src/practica1_description'
[1.941s] INFO:colcon.colcon_core.shell:Skip shell extension 'powershell' for command environment: Not usable outside of PowerShell
[1.941s] DEBUG:colcon.colcon_core.shell:Skip shell extension 'dsv' for command environment
[1.958s] Level 1:colcon.colcon_core.environment:create_environment_scripts_only(my_package)
[1.959s] Level 1:colcon.colcon_core.environment:checking '/home/robousr/Downloads/Robotica-2025-prac1/install/my_package' for CMake module files
[1.960s] Level 1:colcon.colcon_core.environment:checking '/home/robousr/Downloads/Robotica-2025-prac1/install/my_package' for CMake config files
[1.961s] Level 1:colcon.colcon_core.shell:create_environment_hook('my_package', 'cmake_prefix_path')
[1.961s] INFO:colcon.colcon_core.shell:Creating environment hook '/home/robousr/Downloads/Robotica-2025-prac1/install/my_package/share/my_package/hook/cmake_prefix_path.ps1'
[1.963s] INFO:colcon.colcon_core.shell:Creating environment descriptor '/home/robousr/Downloads/Robotica-2025-prac1/install/my_package/share/my_package/hook/cmake_prefix_path.dsv'
[1.965s] INFO:colcon.colcon_core.shell:Creating environment hook '/home/robousr/Downloads/Robotica-2025-prac1/install/my_package/share/my_package/hook/cmake_prefix_path.sh'
[1.967s] Level 1:colcon.colcon_core.environment:checking '/home/robousr/Downloads/Robotica-2025-prac1/install/my_package/bin'
[1.967s] Level 1:colcon.colcon_core.environment:checking '/home/robousr/Downloads/Robotica-2025-prac1/install/my_package/lib/pkgconfig/my_package.pc'
[1.967s] Level 1:colcon.colcon_core.environment:checking '/home/robousr/Downloads/Robotica-2025-prac1/install/my_package/lib/python3.10/site-packages'
[1.968s] Level 1:colcon.colcon_core.environment:checking '/home/robousr/Downloads/Robotica-2025-prac1/install/my_package/bin'
[1.969s] INFO:colcon.colcon_core.shell:Creating package script '/home/robousr/Downloads/Robotica-2025-prac1/install/my_package/share/my_package/package.ps1'
[1.972s] INFO:colcon.colcon_core.shell:Creating package descriptor '/home/robousr/Downloads/Robotica-2025-prac1/install/my_package/share/my_package/package.dsv'
[1.977s] INFO:colcon.colcon_core.shell:Creating package script '/home/robousr/Downloads/Robotica-2025-prac1/install/my_package/share/my_package/package.sh'
[1.983s] INFO:colcon.colcon_core.shell:Creating package script '/home/robousr/Downloads/Robotica-2025-prac1/install/my_package/share/my_package/package.bash'
[1.987s] INFO:colcon.colcon_core.shell:Creating package script '/home/robousr/Downloads/Robotica-2025-prac1/install/my_package/share/my_package/package.zsh'
[1.992s] Level 1:colcon.colcon_core.environment:create_file_with_runtime_dependencies(/home/robousr/Downloads/Robotica-2025-prac1/install/my_package/share/colcon-core/packages/my_package)
[2.012s] DEBUG:colcon.colcon_core.event_handler.log_command:Invoking command in '/home/robousr/Downloads/Robotica-2025-prac1/build/practica1_description': CMAKE_PREFIX_PATH=/opt/ros/humble /usr/bin/cmake --build /home/robousr/Downloads/Robotica-2025-prac1/build/practica1_description -- -j2 -l2
[2.153s] DEBUG:colcon.colcon_core.event_handler.log_command:Invoked command in '/home/robousr/Downloads/Robotica-2025-prac1/build/practica1_description' returned '0': CMAKE_PREFIX_PATH=/opt/ros/humble /usr/bin/cmake --build /home/robousr/Downloads/Robotica-2025-prac1/build/practica1_description -- -j2 -l2
[2.252s] DEBUG:colcon.colcon_core.event_handler.log_command:Invoking command in '/home/robousr/Downloads/Robotica-2025-prac1/build/practica1_description': CMAKE_PREFIX_PATH=/opt/ros/humble /usr/bin/cmake --install /home/robousr/Downloads/Robotica-2025-prac1/build/practica1_description
[2.301s] Level 1:colcon.colcon_core.environment:create_environment_scripts_only(practica1_description)
[2.302s] Level 1:colcon.colcon_core.environment:checking '/home/robousr/Downloads/Robotica-2025-prac1/install/practica1_description' for CMake module files
[2.305s] Level 1:colcon.colcon_core.environment:checking '/home/robousr/Downloads/Robotica-2025-prac1/install/practica1_description' for CMake config files
[2.306s] Level 1:colcon.colcon_core.shell:create_environment_hook('practica1_description', 'cmake_prefix_path')
[2.303s] DEBUG:colcon.colcon_core.event_handler.log_command:Invoked command in '/home/robousr/Downloads/Robotica-2025-prac1/build/practica1_description' returned '0': CMAKE_PREFIX_PATH=/opt/ros/humble /usr/bin/cmake --install /home/robousr/Downloads/Robotica-2025-prac1/build/practica1_description
[2.306s] INFO:colcon.colcon_core.shell:Creating environment hook '/home/robousr/Downloads/Robotica-2025-prac1/install/practica1_description/share/practica1_description/hook/cmake_prefix_path.ps1'
[2.308s] INFO:colcon.colcon_core.shell:Creating environment descriptor '/home/robousr/Downloads/Robotica-2025-prac1/install/practica1_description/share/practica1_description/hook/cmake_prefix_path.dsv'
[2.309s] INFO:colcon.colcon_core.shell:Creating environment hook '/home/robousr/Downloads/Robotica-2025-prac1/install/practica1_description/share/practica1_description/hook/cmake_prefix_path.sh'
[2.311s] Level 1:colcon.colcon_core.environment:checking '/home/robousr/Downloads/Robotica-2025-prac1/install/practica1_description/bin'
[2.311s] Level 1:colcon.colcon_core.environment:checking '/home/robousr/Downloads/Robotica-2025-prac1/install/practica1_description/lib/pkgconfig/practica1_description.pc'
[2.312s] Level 1:colcon.colcon_core.environment:checking '/home/robousr/Downloads/Robotica-2025-prac1/install/practica1_description/lib/python3.10/site-packages'
[2.312s] Level 1:colcon.colcon_core.environment:checking '/home/robousr/Downloads/Robotica-2025-prac1/install/practica1_description/bin'
[2.313s] INFO:colcon.colcon_core.shell:Creating package script '/home/robousr/Downloads/Robotica-2025-prac1/install/practica1_description/share/practica1_description/package.ps1'
[2.315s] INFO:colcon.colcon_core.shell:Creating package descriptor '/home/robousr/Downloads/Robotica-2025-prac1/install/practica1_description/share/practica1_description/package.dsv'
[2.318s] INFO:colcon.colcon_core.shell:Creating package script '/home/robousr/Downloads/Robotica-2025-prac1/install/practica1_description/share/practica1_description/package.sh'
[2.320s] INFO:colcon.colcon_core.shell:Creating package script '/home/robousr/Downloads/Robotica-2025-prac1/install/practica1_description/share/practica1_description/package.bash'
[2.322s] INFO:colcon.colcon_core.shell:Creating package script '/home/robousr/Downloads/Robotica-2025-prac1/install/practica1_description/share/practica1_description/package.zsh'
[2.324s] Level 1:colcon.colcon_core.environment:create_file_with_runtime_dependencies(/home/robousr/Downloads/Robotica-2025-prac1/install/practica1_description/share/colcon-core/packages/practica1_description)
[2.441s] Level 1:colcon.colcon_core.environment:create_environment_scripts_only(practica1_description)
[2.446s] Level 1:colcon.colcon_core.environment:checking '/home/robousr/Downloads/Robotica-2025-prac1/install/practica1_description' for CMake module files
[2.450s] Level 1:colcon.colcon_core.environment:checking '/home/robousr/Downloads/Robotica-2025-prac1/install/practica1_description' for CMake config files
[2.452s] Level 1:colcon.colcon_core.shell:create_environment_hook('practica1_description', 'cmake_prefix_path')
[2.453s] INFO:colcon.colcon_core.shell:Creating environment hook '/home/robousr/Downloads/Robotica-2025-prac1/install/practica1_description/share/practica1_description/hook/cmake_prefix_path.ps1'
[2.460s] INFO:colcon.colcon_core.shell:Creating environment descriptor '/home/robousr/Downloads/Robotica-2025-prac1/install/practica1_description/share/practica1_description/hook/cmake_prefix_path.dsv'
[2.463s] INFO:colcon.colcon_core.shell:Creating environment hook '/home/robousr/Downloads/Robotica-2025-prac1/install/practica1_description/share/practica1_description/hook/cmake_prefix_path.sh'
[2.466s] Level 1:colcon.colcon_core.environment:checking '/home/robousr/Downloads/Robotica-2025-prac1/install/practica1_description/bin'
[2.467s] Level 1:colcon.colcon_core.environment:checking '/home/robousr/Downloads/Robotica-2025-prac1/install/practica1_description/lib/pkgconfig/practica1_description.pc'
[2.468s] Level 1:colcon.colcon_core.environment:checking '/home/robousr/Downloads/Robotica-2025-prac1/install/practica1_description/lib/python3.10/site-packages'
[2.468s] Level 1:colcon.colcon_core.environment:checking '/home/robousr/Downloads/Robotica-2025-prac1/install/practica1_description/bin'
[2.470s] INFO:colcon.colcon_core.shell:Creating package script '/home/robousr/Downloads/Robotica-2025-prac1/install/practica1_description/share/practica1_description/package.ps1'
[2.473s] INFO:colcon.colcon_core.shell:Creating package descriptor '/home/robousr/Downloads/Robotica-2025-prac1/install/practica1_description/share/practica1_description/package.dsv'
[2.475s] INFO:colcon.colcon_core.shell:Creating package script '/home/robousr/Downloads/Robotica-2025-prac1/install/practica1_description/share/practica1_description/package.sh'
[2.477s] INFO:colcon.colcon_core.shell:Creating package script '/home/robousr/Downloads/Robotica-2025-prac1/install/practica1_description/share/practica1_description/package.bash'
[2.480s] INFO:colcon.colcon_core.shell:Creating package script '/home/robousr/Downloads/Robotica-2025-prac1/install/practica1_description/share/practica1_description/package.zsh'
[2.482s] Level 1:colcon.colcon_core.environment:create_file_with_runtime_dependencies(/home/robousr/Downloads/Robotica-2025-prac1/install/practica1_description/share/colcon-core/packages/practica1_description)
[2.483s] DEBUG:colcon.colcon_parallel_executor.executor.parallel:closing loop
[2.485s] DEBUG:colcon.colcon_parallel_executor.executor.parallel:loop closed
[2.486s] DEBUG:colcon.colcon_parallel_executor.executor.parallel:run_until_complete finished with '0'
[2.486s] DEBUG:colcon.colcon_core.event_reactor:joining thread
[2.534s] INFO:colcon.colcon_core.plugin_system:Skipping extension 'colcon_notification.desktop_notification.terminal_notifier': Not used on non-Darwin systems
[2.535s] INFO:colcon.colcon_core.plugin_system:Skipping extension 'colcon_notification.desktop_notification.win32': Not used on non-Windows systems
[2.535s] INFO:colcon.colcon_notification.desktop_notification:Sending desktop notification using 'notify2'
[2.615s] DEBUG:colcon.colcon_core.event_reactor:joined thread
[2.616s] INFO:colcon.colcon_core.shell:Creating prefix script '/home/robousr/Downloads/Robotica-2025-prac1/install/local_setup.ps1'
[2.623s] INFO:colcon.colcon_core.shell:Creating prefix util module '/home/robousr/Downloads/Robotica-2025-prac1/install/_local_setup_util_ps1.py'
[2.628s] INFO:colcon.colcon_core.shell:Creating prefix chain script '/home/robousr/Downloads/Robotica-2025-prac1/install/setup.ps1'
[2.637s] INFO:colcon.colcon_core.shell:Creating prefix script '/home/robousr/Downloads/Robotica-2025-prac1/install/local_setup.sh'
[2.642s] INFO:colcon.colcon_core.shell:Creating prefix util module '/home/robousr/Downloads/Robotica-2025-prac1/install/_local_setup_util_sh.py'
[2.645s] INFO:colcon.colcon_core.shell:Creating prefix chain script '/home/robousr/Downloads/Robotica-2025-prac1/install/setup.sh'
[2.650s] INFO:colcon.colcon_core.shell:Creating prefix script '/home/robousr/Downloads/Robotica-2025-prac1/install/local_setup.bash'
[2.653s] INFO:colcon.colcon_core.shell:Creating prefix chain script '/home/robousr/Downloads/Robotica-2025-prac1/install/setup.bash'
[2.657s] INFO:colcon.colcon_core.shell:Creating prefix script '/home/robousr/Downloads/Robotica-2025-prac1/install/local_setup.zsh'
[2.661s] INFO:colcon.colcon_core.shell:Creating prefix chain script '/home/robousr/Downloads/Robotica-2025-prac1/install/setup.zsh'
