[0.078s] Invoking command in '/home/robousr/Downloads/Robotica-2025-prac1/build/my_package': CMAKE_PREFIX_PATH=/opt/ros/humble /usr/bin/cmake --build /home/robousr/Downloads/Robotica-2025-prac1/build/my_package -- -j2 -l2
[0.344s] Invoked command in '/home/robousr/Downloads/Robotica-2025-prac1/build/my_package' returned '0': CMAKE_PREFIX_PATH=/opt/ros/humble /usr/bin/cmake --build /home/robousr/Downloads/Robotica-2025-prac1/build/my_package -- -j2 -l2
[0.644s] Invoking command in '/home/robousr/Downloads/Robotica-2025-prac1/build/my_package': CMAKE_PREFIX_PATH=/opt/ros/humble /usr/bin/cmake --install /home/robousr/Downloads/Robotica-2025-prac1/build/my_package
[0.661s] -- Install configuration: ""
[0.661s] -- Up-to-date: /home/robousr/Downloads/Robotica-2025-prac1/install/my_package/share/ament_index/resource_index/package_run_dependencies/my_package
[0.678s] -- Up-to-date: /home/robousr/Downloads/Robotica-2025-prac1/install/my_package/share/ament_index/resource_index/parent_prefix_path/my_package
[0.690s] -- Up-to-date: /home/robousr/Downloads/Robotica-2025-prac1/install/my_package/share/my_package/environment/ament_prefix_path.sh
[0.691s] -- Up-to-date: /home/robousr/Downloads/Robotica-2025-prac1/install/my_package/share/my_package/environment/ament_prefix_path.dsv
[0.691s] -- Up-to-date: /home/robousr/Downloads/Robotica-2025-prac1/install/my_package/share/my_package/environment/path.sh
[0.692s] -- Up-to-date: /home/robousr/Downloads/Robotica-2025-prac1/install/my_package/share/my_package/environment/path.dsv
[0.695s] -- Up-to-date: /home/robousr/Downloads/Robotica-2025-prac1/install/my_package/share/my_package/local_setup.bash
[0.699s] -- Up-to-date: /home/robousr/Downloads/Robotica-2025-prac1/install/my_package/share/my_package/local_setup.sh
[0.703s] -- Up-to-date: /home/robousr/Downloads/Robotica-2025-prac1/install/my_package/share/my_package/local_setup.zsh
[0.704s] -- Up-to-date: /home/robousr/Downloads/Robotica-2025-prac1/install/my_package/share/my_package/local_setup.dsv
[0.705s] -- Up-to-date: /home/robousr/Downloads/Robotica-2025-prac1/install/my_package/share/my_package/package.dsv
[0.705s] -- Up-to-date: /home/robousr/Downloads/Robotica-2025-prac1/install/my_package/share/ament_index/resource_index/packages/my_package
[0.705s] -- Up-to-date: /home/robousr/Downloads/Robotica-2025-prac1/install/my_package/share/my_package/cmake/my_packageConfig.cmake
[0.706s] -- Up-to-date: /home/robousr/Downloads/Robotica-2025-prac1/install/my_package/share/my_package/cmake/my_packageConfig-version.cmake
[0.711s] -- Up-to-date: /home/robousr/Downloads/Robotica-2025-prac1/install/my_package/share/my_package/package.xml
[0.711s] Invoked command in '/home/robousr/Downloads/Robotica-2025-prac1/build/my_package' returned '0': CMAKE_PREFIX_PATH=/opt/ros/humble /usr/bin/cmake --install /home/robousr/Downloads/Robotica-2025-prac1/build/my_package
