[0.466s] DEBUG:colcon:Command line arguments: ['/usr/bin/colcon', 'build']
[0.469s] DEBUG:colcon:Parsed command line arguments: Namespace(log_base=None, log_level=None, verb_name='build', build_base='build', install_base='install', merge_install=False, symlink_install=False, test_result_base=None, continue_on_error=False, executor='parallel', parallel_workers=2, event_handlers=None, ignore_user_meta=False, metas=['./colcon.meta'], base_paths=['.'], packages_ignore=None, packages_ignore_regex=None, paths=None, packages_up_to=None, packages_up_to_regex=None, packages_above=None, packages_above_and_dependencies=None, packages_above_depth=None, packages_select_by_dep=None, packages_skip_by_dep=None, packages_skip_up_to=None, packages_select_build_failed=False, packages_skip_build_finished=False, packages_select_test_failures=False, packages_skip_test_passed=False, packages_select=None, packages_skip=None, packages_select_regex=None, packages_skip_regex=None, packages_start=None, packages_end=None, allow_overriding=[], cmake_args=None, cmake_target=None, cmake_target_skip_unavailable=False, cmake_clean_cache=False, cmake_clean_first=False, cmake_force_configure=False, ament_cmake_args=None, catkin_cmake_args=None, catkin_skip_building_tests=False, mixin_files=None, mixin=None, verb_parser=<colcon_mixin.mixin.mixin_argument.MixinArgumentDecorator object at 0x7e9fa1b4b5b0>, verb_extension=<colcon_core.verb.build.BuildVerb object at 0x7e9fa1b4b070>, main=<bound method BuildVerb.main of <colcon_core.verb.build.BuildVerb object at 0x7e9fa1b4b070>>, mixin_verb=('build',))
[1.081s] Level 1:colcon.colcon_core.package_discovery:discover_packages(colcon_meta) check parameters
[1.081s] Level 1:colcon.colcon_core.package_discovery:discover_packages(recursive) check parameters
[1.081s] Level 1:colcon.colcon_core.package_discovery:discover_packages(ignore) check parameters
[1.081s] Level 1:colcon.colcon_core.package_discovery:discover_packages(path) check parameters
[1.081s] Level 1:colcon.colcon_core.package_discovery:discover_packages(colcon_meta) discover
[1.082s] Level 1:colcon.colcon_core.package_discovery:discover_packages(recursive) discover
[1.082s] INFO:colcon.colcon_core.package_discovery:Crawling recursively for packages in '/home/robousr/Downloads/Robotica-2025-prac1'
[1.082s] Level 1:colcon.colcon_core.package_identification:_identify(.) by extensions ['ignore', 'ignore_ament_install']
[1.082s] Level 1:colcon.colcon_core.package_identification:_identify(.) by extension 'ignore'
[1.082s] Level 1:colcon.colcon_core.package_identification:_identify(.) by extension 'ignore_ament_install'
[1.085s] Level 1:colcon.colcon_core.package_identification:_identify(.) by extensions ['colcon_pkg']
[1.085s] Level 1:colcon.colcon_core.package_identification:_identify(.) by extension 'colcon_pkg'
[1.085s] Level 1:colcon.colcon_core.package_identification:_identify(.) by extensions ['colcon_meta']
[1.085s] Level 1:colcon.colcon_core.package_identification:_identify(.) by extension 'colcon_meta'
[1.085s] Level 1:colcon.colcon_core.package_identification:_identify(.) by extensions ['ros']
[1.085s] Level 1:colcon.colcon_core.package_identification:_identify(.) by extension 'ros'
[1.122s] Level 1:colcon.colcon_core.package_identification:_identify(.) by extensions ['cmake', 'python']
[1.123s] Level 1:colcon.colcon_core.package_identification:_identify(.) by extension 'cmake'
[1.123s] Level 1:colcon.colcon_core.package_identification:_identify(.) by extension 'python'
[1.123s] Level 1:colcon.colcon_core.package_identification:_identify(.) by extensions ['python_setup_py']
[1.123s] Level 1:colcon.colcon_core.package_identification:_identify(.) by extension 'python_setup_py'
[1.124s] Level 1:colcon.colcon_core.package_identification:_identify(blink_description) by extensions ['ignore', 'ignore_ament_install']
[1.124s] Level 1:colcon.colcon_core.package_identification:_identify(blink_description) by extension 'ignore'
[1.124s] Level 1:colcon.colcon_core.package_identification:_identify(blink_description) by extension 'ignore_ament_install'
[1.124s] Level 1:colcon.colcon_core.package_identification:_identify(blink_description) by extensions ['colcon_pkg']
[1.124s] Level 1:colcon.colcon_core.package_identification:_identify(blink_description) by extension 'colcon_pkg'
[1.125s] Level 1:colcon.colcon_core.package_identification:_identify(blink_description) by extensions ['colcon_meta']
[1.125s] Level 1:colcon.colcon_core.package_identification:_identify(blink_description) by extension 'colcon_meta'
[1.125s] Level 1:colcon.colcon_core.package_identification:_identify(blink_description) by extensions ['ros']
[1.125s] Level 1:colcon.colcon_core.package_identification:_identify(blink_description) by extension 'ros'
[1.132s] DEBUG:colcon.colcon_core.package_identification:Package 'blink_description' with type 'ros.ament_cmake' and name 'blink_description'
[1.132s] Level 1:colcon.colcon_core.package_identification:_identify(build) by extensions ['ignore', 'ignore_ament_install']
[1.133s] Level 1:colcon.colcon_core.package_identification:_identify(build) by extension 'ignore'
[1.133s] Level 1:colcon.colcon_core.package_identification:_identify(build) ignored
[1.133s] Level 1:colcon.colcon_core.package_identification:_identify(install) by extensions ['ignore', 'ignore_ament_install']
[1.133s] Level 1:colcon.colcon_core.package_identification:_identify(install) by extension 'ignore'
[1.133s] Level 1:colcon.colcon_core.package_identification:_identify(install) ignored
[1.134s] Level 1:colcon.colcon_core.package_identification:_identify(log) by extensions ['ignore', 'ignore_ament_install']
[1.134s] Level 1:colcon.colcon_core.package_identification:_identify(log) by extension 'ignore'
[1.134s] Level 1:colcon.colcon_core.package_identification:_identify(log) ignored
[1.134s] Level 1:colcon.colcon_core.package_identification:_identify(notebooks) by extensions ['ignore', 'ignore_ament_install']
[1.134s] Level 1:colcon.colcon_core.package_identification:_identify(notebooks) by extension 'ignore'
[1.134s] Level 1:colcon.colcon_core.package_identification:_identify(notebooks) by extension 'ignore_ament_install'
[1.135s] Level 1:colcon.colcon_core.package_identification:_identify(notebooks) by extensions ['colcon_pkg']
[1.135s] Level 1:colcon.colcon_core.package_identification:_identify(notebooks) by extension 'colcon_pkg'
[1.135s] Level 1:colcon.colcon_core.package_identification:_identify(notebooks) by extensions ['colcon_meta']
[1.135s] Level 1:colcon.colcon_core.package_identification:_identify(notebooks) by extension 'colcon_meta'
[1.135s] Level 1:colcon.colcon_core.package_identification:_identify(notebooks) by extensions ['ros']
[1.135s] Level 1:colcon.colcon_core.package_identification:_identify(notebooks) by extension 'ros'
[1.135s] Level 1:colcon.colcon_core.package_identification:_identify(notebooks) by extensions ['cmake', 'python']
[1.135s] Level 1:colcon.colcon_core.package_identification:_identify(notebooks) by extension 'cmake'
[1.136s] Level 1:colcon.colcon_core.package_identification:_identify(notebooks) by extension 'python'
[1.136s] Level 1:colcon.colcon_core.package_identification:_identify(notebooks) by extensions ['python_setup_py']
[1.136s] Level 1:colcon.colcon_core.package_identification:_identify(notebooks) by extension 'python_setup_py'
[1.136s] Level 1:colcon.colcon_core.package_identification:_identify(notebooks/Practica_1) by extensions ['ignore', 'ignore_ament_install']
[1.136s] Level 1:colcon.colcon_core.package_identification:_identify(notebooks/Practica_1) by extension 'ignore'
[1.136s] Level 1:colcon.colcon_core.package_identification:_identify(notebooks/Practica_1) by extension 'ignore_ament_install'
[1.136s] Level 1:colcon.colcon_core.package_identification:_identify(notebooks/Practica_1) by extensions ['colcon_pkg']
[1.137s] Level 1:colcon.colcon_core.package_identification:_identify(notebooks/Practica_1) by extension 'colcon_pkg'
[1.137s] Level 1:colcon.colcon_core.package_identification:_identify(notebooks/Practica_1) by extensions ['colcon_meta']
[1.137s] Level 1:colcon.colcon_core.package_identification:_identify(notebooks/Practica_1) by extension 'colcon_meta'
[1.137s] Level 1:colcon.colcon_core.package_identification:_identify(notebooks/Practica_1) by extensions ['ros']
[1.137s] Level 1:colcon.colcon_core.package_identification:_identify(notebooks/Practica_1) by extension 'ros'
[1.137s] Level 1:colcon.colcon_core.package_identification:_identify(notebooks/Practica_1) by extensions ['cmake', 'python']
[1.137s] Level 1:colcon.colcon_core.package_identification:_identify(notebooks/Practica_1) by extension 'cmake'
[1.137s] Level 1:colcon.colcon_core.package_identification:_identify(notebooks/Practica_1) by extension 'python'
[1.137s] Level 1:colcon.colcon_core.package_identification:_identify(notebooks/Practica_1) by extensions ['python_setup_py']
[1.137s] Level 1:colcon.colcon_core.package_identification:_identify(notebooks/Practica_1) by extension 'python_setup_py'
[1.138s] Level 1:colcon.colcon_core.package_identification:_identify(notebooks/Practica_1/Imagenes_P1) by extensions ['ignore', 'ignore_ament_install']
[1.138s] Level 1:colcon.colcon_core.package_identification:_identify(notebooks/Practica_1/Imagenes_P1) by extension 'ignore'
[1.138s] Level 1:colcon.colcon_core.package_identification:_identify(notebooks/Practica_1/Imagenes_P1) by extension 'ignore_ament_install'
[1.138s] Level 1:colcon.colcon_core.package_identification:_identify(notebooks/Practica_1/Imagenes_P1) by extensions ['colcon_pkg']
[1.138s] Level 1:colcon.colcon_core.package_identification:_identify(notebooks/Practica_1/Imagenes_P1) by extension 'colcon_pkg'
[1.138s] Level 1:colcon.colcon_core.package_identification:_identify(notebooks/Practica_1/Imagenes_P1) by extensions ['colcon_meta']
[1.138s] Level 1:colcon.colcon_core.package_identification:_identify(notebooks/Practica_1/Imagenes_P1) by extension 'colcon_meta'
[1.139s] Level 1:colcon.colcon_core.package_identification:_identify(notebooks/Practica_1/Imagenes_P1) by extensions ['ros']
[1.139s] Level 1:colcon.colcon_core.package_identification:_identify(notebooks/Practica_1/Imagenes_P1) by extension 'ros'
[1.139s] Level 1:colcon.colcon_core.package_identification:_identify(notebooks/Practica_1/Imagenes_P1) by extensions ['cmake', 'python']
[1.139s] Level 1:colcon.colcon_core.package_identification:_identify(notebooks/Practica_1/Imagenes_P1) by extension 'cmake'
[1.139s] Level 1:colcon.colcon_core.package_identification:_identify(notebooks/Practica_1/Imagenes_P1) by extension 'python'
[1.139s] Level 1:colcon.colcon_core.package_identification:_identify(notebooks/Practica_1/Imagenes_P1) by extensions ['python_setup_py']
[1.140s] Level 1:colcon.colcon_core.package_identification:_identify(notebooks/Practica_1/Imagenes_P1) by extension 'python_setup_py'
[1.140s] Level 1:colcon.colcon_core.package_identification:_identify(src) by extensions ['ignore', 'ignore_ament_install']
[1.140s] Level 1:colcon.colcon_core.package_identification:_identify(src) by extension 'ignore'
[1.140s] Level 1:colcon.colcon_core.package_identification:_identify(src) by extension 'ignore_ament_install'
[1.141s] Level 1:colcon.colcon_core.package_identification:_identify(src) by extensions ['colcon_pkg']
[1.141s] Level 1:colcon.colcon_core.package_identification:_identify(src) by extension 'colcon_pkg'
[1.141s] Level 1:colcon.colcon_core.package_identification:_identify(src) by extensions ['colcon_meta']
[1.141s] Level 1:colcon.colcon_core.package_identification:_identify(src) by extension 'colcon_meta'
[1.141s] Level 1:colcon.colcon_core.package_identification:_identify(src) by extensions ['ros']
[1.141s] Level 1:colcon.colcon_core.package_identification:_identify(src) by extension 'ros'
[1.141s] Level 1:colcon.colcon_core.package_identification:_identify(src) by extensions ['cmake', 'python']
[1.141s] Level 1:colcon.colcon_core.package_identification:_identify(src) by extension 'cmake'
[1.141s] Level 1:colcon.colcon_core.package_identification:_identify(src) by extension 'python'
[1.141s] Level 1:colcon.colcon_core.package_identification:_identify(src) by extensions ['python_setup_py']
[1.141s] Level 1:colcon.colcon_core.package_identification:_identify(src) by extension 'python_setup_py'
[1.142s] Level 1:colcon.colcon_core.package_identification:_identify(src/my_package) by extensions ['ignore', 'ignore_ament_install']
[1.142s] Level 1:colcon.colcon_core.package_identification:_identify(src/my_package) by extension 'ignore'
[1.142s] Level 1:colcon.colcon_core.package_identification:_identify(src/my_package) by extension 'ignore_ament_install'
[1.142s] Level 1:colcon.colcon_core.package_identification:_identify(src/my_package) by extensions ['colcon_pkg']
[1.142s] Level 1:colcon.colcon_core.package_identification:_identify(src/my_package) by extension 'colcon_pkg'
[1.143s] Level 1:colcon.colcon_core.package_identification:_identify(src/my_package) by extensions ['colcon_meta']
[1.143s] Level 1:colcon.colcon_core.package_identification:_identify(src/my_package) by extension 'colcon_meta'
[1.143s] Level 1:colcon.colcon_core.package_identification:_identify(src/my_package) by extensions ['ros']
[1.143s] Level 1:colcon.colcon_core.package_identification:_identify(src/my_package) by extension 'ros'
[1.144s] DEBUG:colcon.colcon_core.package_identification:Package 'src/my_package' with type 'ros.ament_cmake' and name 'my_package'
[1.145s] Level 1:colcon.colcon_core.package_identification:_identify(src/practica1_description) by extensions ['ignore', 'ignore_ament_install']
[1.145s] Level 1:colcon.colcon_core.package_identification:_identify(src/practica1_description) by extension 'ignore'
[1.145s] Level 1:colcon.colcon_core.package_identification:_identify(src/practica1_description) by extension 'ignore_ament_install'
[1.145s] Level 1:colcon.colcon_core.package_identification:_identify(src/practica1_description) by extensions ['colcon_pkg']
[1.146s] Level 1:colcon.colcon_core.package_identification:_identify(src/practica1_description) by extension 'colcon_pkg'
[1.146s] Level 1:colcon.colcon_core.package_identification:_identify(src/practica1_description) by extensions ['colcon_meta']
[1.146s] Level 1:colcon.colcon_core.package_identification:_identify(src/practica1_description) by extension 'colcon_meta'
[1.146s] Level 1:colcon.colcon_core.package_identification:_identify(src/practica1_description) by extensions ['ros']
[1.146s] Level 1:colcon.colcon_core.package_identification:_identify(src/practica1_description) by extension 'ros'
[1.148s] DEBUG:colcon.colcon_core.package_identification:Package 'src/practica1_description' with type 'ros.ament_cmake' and name 'practica1_description'
[1.148s] Level 1:colcon.colcon_core.package_discovery:discover_packages(recursive) using defaults
[1.148s] Level 1:colcon.colcon_core.package_discovery:discover_packages(ignore) discover
[1.148s] Level 1:colcon.colcon_core.package_discovery:discover_packages(ignore) using defaults
[1.148s] Level 1:colcon.colcon_core.package_discovery:discover_packages(path) discover
[1.148s] Level 1:colcon.colcon_core.package_discovery:discover_packages(path) using defaults
[1.224s] Level 1:colcon.colcon_core.package_discovery:discover_packages(prefix_path) check parameters
[1.224s] Level 1:colcon.colcon_core.package_discovery:discover_packages(prefix_path) discover
[1.231s] DEBUG:colcon.colcon_installed_package_information.package_discovery:Found 280 installed packages in /opt/ros/humble
[1.236s] Level 1:colcon.colcon_core.package_discovery:discover_packages(prefix_path) using defaults
[1.380s] Level 5:colcon.colcon_core.verb:set package 'blink_description' build argument 'cmake_args' from command line to 'None'
[1.380s] Level 5:colcon.colcon_core.verb:set package 'blink_description' build argument 'cmake_target' from command line to 'None'
[1.380s] Level 5:colcon.colcon_core.verb:set package 'blink_description' build argument 'cmake_target_skip_unavailable' from command line to 'False'
[1.380s] Level 5:colcon.colcon_core.verb:set package 'blink_description' build argument 'cmake_clean_cache' from command line to 'False'
[1.380s] Level 5:colcon.colcon_core.verb:set package 'blink_description' build argument 'cmake_clean_first' from command line to 'False'
[1.380s] Level 5:colcon.colcon_core.verb:set package 'blink_description' build argument 'cmake_force_configure' from command line to 'False'
[1.380s] Level 5:colcon.colcon_core.verb:set package 'blink_description' build argument 'ament_cmake_args' from command line to 'None'
[1.380s] Level 5:colcon.colcon_core.verb:set package 'blink_description' build argument 'catkin_cmake_args' from command line to 'None'
[1.380s] Level 5:colcon.colcon_core.verb:set package 'blink_description' build argument 'catkin_skip_building_tests' from command line to 'False'
[1.380s] DEBUG:colcon.colcon_core.verb:Building package 'blink_description' with the following arguments: {'ament_cmake_args': None, 'build_base': '/home/robousr/Downloads/Robotica-2025-prac1/build/blink_description', 'catkin_cmake_args': None, 'catkin_skip_building_tests': False, 'cmake_args': None, 'cmake_clean_cache': False, 'cmake_clean_first': False, 'cmake_force_configure': False, 'cmake_target': None, 'cmake_target_skip_unavailable': False, 'install_base': '/home/robousr/Downloads/Robotica-2025-prac1/install/blink_description', 'merge_install': False, 'path': '/home/robousr/Downloads/Robotica-2025-prac1/blink_description', 'symlink_install': False, 'test_result_base': None}
[1.382s] Level 5:colcon.colcon_core.verb:set package 'my_package' build argument 'cmake_args' from command line to 'None'
[1.382s] Level 5:colcon.colcon_core.verb:set package 'my_package' build argument 'cmake_target' from command line to 'None'
[1.382s] Level 5:colcon.colcon_core.verb:set package 'my_package' build argument 'cmake_target_skip_unavailable' from command line to 'False'
[1.382s] Level 5:colcon.colcon_core.verb:set package 'my_package' build argument 'cmake_clean_cache' from command line to 'False'
[1.383s] Level 5:colcon.colcon_core.verb:set package 'my_package' build argument 'cmake_clean_first' from command line to 'False'
[1.383s] Level 5:colcon.colcon_core.verb:set package 'my_package' build argument 'cmake_force_configure' from command line to 'False'
[1.383s] Level 5:colcon.colcon_core.verb:set package 'my_package' build argument 'ament_cmake_args' from command line to 'None'
[1.383s] Level 5:colcon.colcon_core.verb:set package 'my_package' build argument 'catkin_cmake_args' from command line to 'None'
[1.383s] Level 5:colcon.colcon_core.verb:set package 'my_package' build argument 'catkin_skip_building_tests' from command line to 'False'
[1.383s] DEBUG:colcon.colcon_core.verb:Building package 'my_package' with the following arguments: {'ament_cmake_args': None, 'build_base': '/home/robousr/Downloads/Robotica-2025-prac1/build/my_package', 'catkin_cmake_args': None, 'catkin_skip_building_tests': False, 'cmake_args': None, 'cmake_clean_cache': False, 'cmake_clean_first': False, 'cmake_force_configure': False, 'cmake_target': None, 'cmake_target_skip_unavailable': False, 'install_base': '/home/robousr/Downloads/Robotica-2025-prac1/install/my_package', 'merge_install': False, 'path': '/home/robousr/Downloads/Robotica-2025-prac1/src/my_package', 'symlink_install': False, 'test_result_base': None}
[1.385s] Level 5:colcon.colcon_core.verb:set package 'practica1_description' build argument 'cmake_args' from command line to 'None'
[1.385s] Level 5:colcon.colcon_core.verb:set package 'practica1_description' build argument 'cmake_target' from command line to 'None'
[1.385s] Level 5:colcon.colcon_core.verb:set package 'practica1_description' build argument 'cmake_target_skip_unavailable' from command line to 'False'
[1.385s] Level 5:colcon.colcon_core.verb:set package 'practica1_description' build argument 'cmake_clean_cache' from command line to 'False'
[1.385s] Level 5:colcon.colcon_core.verb:set package 'practica1_description' build argument 'cmake_clean_first' from command line to 'False'
[1.385s] Level 5:colcon.colcon_core.verb:set package 'practica1_description' build argument 'cmake_force_configure' from command line to 'False'
[1.385s] Level 5:colcon.colcon_core.verb:set package 'practica1_description' build argument 'ament_cmake_args' from command line to 'None'
[1.385s] Level 5:colcon.colcon_core.verb:set package 'practica1_description' build argument 'catkin_cmake_args' from command line to 'None'
[1.385s] Level 5:colcon.colcon_core.verb:set package 'practica1_description' build argument 'catkin_skip_building_tests' from command line to 'False'
[1.385s] DEBUG:colcon.colcon_core.verb:Building package 'practica1_description' with the following arguments: {'ament_cmake_args': None, 'build_base': '/home/robousr/Downloads/Robotica-2025-prac1/build/practica1_description', 'catkin_cmake_args': None, 'catkin_skip_building_tests': False, 'cmake_args': None, 'cmake_clean_cache': False, 'cmake_clean_first': False, 'cmake_force_configure': False, 'cmake_target': None, 'cmake_target_skip_unavailable': False, 'install_base': '/home/robousr/Downloads/Robotica-2025-prac1/install/practica1_description', 'merge_install': False, 'path': '/home/robousr/Downloads/Robotica-2025-prac1/src/practica1_description', 'symlink_install': False, 'test_result_base': None}
[1.386s] INFO:colcon.colcon_core.executor:Executing jobs using 'parallel' executor
[1.389s] DEBUG:colcon.colcon_parallel_executor.executor.parallel:run_until_complete
[1.390s] INFO:colcon.colcon_ros.task.ament_cmake.build:Building ROS package in '/home/robousr/Downloads/Robotica-2025-prac1/blink_description' with build type 'ament_cmake'
[1.391s] INFO:colcon.colcon_cmake.task.cmake.build:Building CMake package in '/home/robousr/Downloads/Robotica-2025-prac1/blink_description'
[1.397s] INFO:colcon.colcon_core.plugin_system:Skipping extension 'colcon_core.shell.bat': Not used on non-Windows systems
[1.398s] INFO:colcon.colcon_core.shell:Skip shell extension 'powershell' for command environment: Not usable outside of PowerShell
[1.398s] DEBUG:colcon.colcon_core.shell:Skip shell extension 'dsv' for command environment
[1.411s] INFO:colcon.colcon_ros.task.ament_cmake.build:Building ROS package in '/home/robousr/Downloads/Robotica-2025-prac1/src/my_package' with build type 'ament_cmake'
[1.412s] INFO:colcon.colcon_cmake.task.cmake.build:Building CMake package in '/home/robousr/Downloads/Robotica-2025-prac1/src/my_package'
[1.413s] INFO:colcon.colcon_core.shell:Skip shell extension 'powershell' for command environment: Not usable outside of PowerShell
[1.413s] DEBUG:colcon.colcon_core.shell:Skip shell extension 'dsv' for command environment
[1.457s] DEBUG:colcon.colcon_core.event_handler.log_command:Invoking command in '/home/robousr/Downloads/Robotica-2025-prac1/build/blink_description': CMAKE_PREFIX_PATH=/opt/ros/humble /usr/bin/cmake --build /home/robousr/Downloads/Robotica-2025-prac1/build/blink_description -- -j2 -l2
[1.496s] DEBUG:colcon.colcon_core.event_handler.log_command:Invoking command in '/home/robousr/Downloads/Robotica-2025-prac1/build/my_package': CMAKE_PREFIX_PATH=/opt/ros/humble /usr/bin/cmake --build /home/robousr/Downloads/Robotica-2025-prac1/build/my_package -- -j2 -l2
[1.762s] DEBUG:colcon.colcon_core.event_handler.log_command:Invoked command in '/home/robousr/Downloads/Robotica-2025-prac1/build/my_package' returned '0': CMAKE_PREFIX_PATH=/opt/ros/humble /usr/bin/cmake --build /home/robousr/Downloads/Robotica-2025-prac1/build/my_package -- -j2 -l2
[1.792s] DEBUG:colcon.colcon_core.event_handler.log_command:Invoked command in '/home/robousr/Downloads/Robotica-2025-prac1/build/blink_description' returned '0': CMAKE_PREFIX_PATH=/opt/ros/humble /usr/bin/cmake --build /home/robousr/Downloads/Robotica-2025-prac1/build/blink_description -- -j2 -l2
[2.046s] DEBUG:colcon.colcon_core.event_handler.log_command:Invoking command in '/home/robousr/Downloads/Robotica-2025-prac1/build/blink_description': CMAKE_PREFIX_PATH=/opt/ros/humble /usr/bin/cmake --install /home/robousr/Downloads/Robotica-2025-prac1/build/blink_description
[2.063s] DEBUG:colcon.colcon_core.event_handler.log_command:Invoking command in '/home/robousr/Downloads/Robotica-2025-prac1/build/my_package': CMAKE_PREFIX_PATH=/opt/ros/humble /usr/bin/cmake --install /home/robousr/Downloads/Robotica-2025-prac1/build/my_package
[2.102s] Level 1:colcon.colcon_core.environment:create_environment_scripts_only(my_package)
[2.130s] DEBUG:colcon.colcon_core.event_handler.log_command:Invoked command in '/home/robousr/Downloads/Robotica-2025-prac1/build/my_package' returned '0': CMAKE_PREFIX_PATH=/opt/ros/humble /usr/bin/cmake --install /home/robousr/Downloads/Robotica-2025-prac1/build/my_package
[2.155s] Level 1:colcon.colcon_core.environment:checking '/home/robousr/Downloads/Robotica-2025-prac1/install/my_package' for CMake module files
[2.163s] Level 1:colcon.colcon_core.environment:checking '/home/robousr/Downloads/Robotica-2025-prac1/install/my_package' for CMake config files
[2.169s] Level 1:colcon.colcon_core.shell:create_environment_hook('my_package', 'cmake_prefix_path')
[2.171s] INFO:colcon.colcon_core.shell:Creating environment hook '/home/robousr/Downloads/Robotica-2025-prac1/install/my_package/share/my_package/hook/cmake_prefix_path.ps1'
[2.183s] INFO:colcon.colcon_core.shell:Creating environment descriptor '/home/robousr/Downloads/Robotica-2025-prac1/install/my_package/share/my_package/hook/cmake_prefix_path.dsv'
[2.185s] INFO:colcon.colcon_core.shell:Creating environment hook '/home/robousr/Downloads/Robotica-2025-prac1/install/my_package/share/my_package/hook/cmake_prefix_path.sh'
[2.189s] Level 1:colcon.colcon_core.environment:checking '/home/robousr/Downloads/Robotica-2025-prac1/install/my_package/bin'
[2.189s] Level 1:colcon.colcon_core.environment:checking '/home/robousr/Downloads/Robotica-2025-prac1/install/my_package/lib/pkgconfig/my_package.pc'
[2.194s] Level 1:colcon.colcon_core.environment:checking '/home/robousr/Downloads/Robotica-2025-prac1/install/my_package/lib/python3.10/site-packages'
[2.197s] Level 1:colcon.colcon_core.environment:checking '/home/robousr/Downloads/Robotica-2025-prac1/install/my_package/bin'
[2.203s] INFO:colcon.colcon_core.shell:Creating package script '/home/robousr/Downloads/Robotica-2025-prac1/install/my_package/share/my_package/package.ps1'
[2.211s] INFO:colcon.colcon_core.shell:Creating package descriptor '/home/robousr/Downloads/Robotica-2025-prac1/install/my_package/share/my_package/package.dsv'
[2.217s] INFO:colcon.colcon_core.shell:Creating package script '/home/robousr/Downloads/Robotica-2025-prac1/install/my_package/share/my_package/package.sh'
[2.223s] INFO:colcon.colcon_core.shell:Creating package script '/home/robousr/Downloads/Robotica-2025-prac1/install/my_package/share/my_package/package.bash'
[2.229s] INFO:colcon.colcon_core.shell:Creating package script '/home/robousr/Downloads/Robotica-2025-prac1/install/my_package/share/my_package/package.zsh'
[2.236s] Level 1:colcon.colcon_core.environment:create_file_with_runtime_dependencies(/home/robousr/Downloads/Robotica-2025-prac1/install/my_package/share/colcon-core/packages/my_package)
[2.250s] Level 1:colcon.colcon_core.environment:create_environment_scripts_only(blink_description)
[2.251s] Level 1:colcon.colcon_core.environment:checking '/home/robousr/Downloads/Robotica-2025-prac1/install/blink_description' for CMake module files
[2.255s] Level 1:colcon.colcon_core.environment:checking '/home/robousr/Downloads/Robotica-2025-prac1/install/blink_description' for CMake config files
[2.256s] DEBUG:colcon.colcon_core.event_handler.log_command:Invoked command in '/home/robousr/Downloads/Robotica-2025-prac1/build/blink_description' returned '0': CMAKE_PREFIX_PATH=/opt/ros/humble /usr/bin/cmake --install /home/robousr/Downloads/Robotica-2025-prac1/build/blink_description
[2.259s] Level 1:colcon.colcon_core.shell:create_environment_hook('blink_description', 'cmake_prefix_path')
[2.260s] INFO:colcon.colcon_core.shell:Creating environment hook '/home/robousr/Downloads/Robotica-2025-prac1/install/blink_description/share/blink_description/hook/cmake_prefix_path.ps1'
[2.265s] INFO:colcon.colcon_core.shell:Creating environment descriptor '/home/robousr/Downloads/Robotica-2025-prac1/install/blink_description/share/blink_description/hook/cmake_prefix_path.dsv'
[2.270s] INFO:colcon.colcon_core.shell:Creating environment hook '/home/robousr/Downloads/Robotica-2025-prac1/install/blink_description/share/blink_description/hook/cmake_prefix_path.sh'
[2.274s] Level 1:colcon.colcon_core.environment:checking '/home/robousr/Downloads/Robotica-2025-prac1/install/blink_description/bin'
[2.275s] Level 1:colcon.colcon_core.environment:checking '/home/robousr/Downloads/Robotica-2025-prac1/install/blink_description/lib/pkgconfig/blink_description.pc'
[2.278s] Level 1:colcon.colcon_core.environment:checking '/home/robousr/Downloads/Robotica-2025-prac1/install/blink_description/lib/python3.10/site-packages'
[2.279s] Level 1:colcon.colcon_core.environment:checking '/home/robousr/Downloads/Robotica-2025-prac1/install/blink_description/bin'
[2.280s] INFO:colcon.colcon_core.shell:Creating package script '/home/robousr/Downloads/Robotica-2025-prac1/install/blink_description/share/blink_description/package.ps1'
[2.287s] INFO:colcon.colcon_core.shell:Creating package descriptor '/home/robousr/Downloads/Robotica-2025-prac1/install/blink_description/share/blink_description/package.dsv'
[2.289s] INFO:colcon.colcon_core.shell:Creating package script '/home/robousr/Downloads/Robotica-2025-prac1/install/blink_description/share/blink_description/package.sh'
[2.296s] INFO:colcon.colcon_core.shell:Creating package script '/home/robousr/Downloads/Robotica-2025-prac1/install/blink_description/share/blink_description/package.bash'
[2.298s] INFO:colcon.colcon_core.shell:Creating package script '/home/robousr/Downloads/Robotica-2025-prac1/install/blink_description/share/blink_description/package.zsh'
[2.302s] Level 1:colcon.colcon_core.environment:create_file_with_runtime_dependencies(/home/robousr/Downloads/Robotica-2025-prac1/install/blink_description/share/colcon-core/packages/blink_description)
[2.431s] Level 1:colcon.colcon_core.environment:create_environment_scripts_only(my_package)
[2.432s] Level 1:colcon.colcon_core.environment:checking '/home/robousr/Downloads/Robotica-2025-prac1/install/my_package' for CMake module files
[2.435s] Level 1:colcon.colcon_core.environment:checking '/home/robousr/Downloads/Robotica-2025-prac1/install/my_package' for CMake config files
[2.439s] Level 1:colcon.colcon_core.shell:create_environment_hook('my_package', 'cmake_prefix_path')
[2.440s] INFO:colcon.colcon_core.shell:Creating environment hook '/home/robousr/Downloads/Robotica-2025-prac1/install/my_package/share/my_package/hook/cmake_prefix_path.ps1'
[2.445s] INFO:colcon.colcon_core.shell:Creating environment descriptor '/home/robousr/Downloads/Robotica-2025-prac1/install/my_package/share/my_package/hook/cmake_prefix_path.dsv'
[2.450s] INFO:colcon.colcon_core.shell:Creating environment hook '/home/robousr/Downloads/Robotica-2025-prac1/install/my_package/share/my_package/hook/cmake_prefix_path.sh'
[2.456s] Level 1:colcon.colcon_core.environment:checking '/home/robousr/Downloads/Robotica-2025-prac1/install/my_package/bin'
[2.458s] Level 1:colcon.colcon_core.environment:checking '/home/robousr/Downloads/Robotica-2025-prac1/install/my_package/lib/pkgconfig/my_package.pc'
[2.459s] Level 1:colcon.colcon_core.environment:checking '/home/robousr/Downloads/Robotica-2025-prac1/install/my_package/lib/python3.10/site-packages'
[2.460s] Level 1:colcon.colcon_core.environment:checking '/home/robousr/Downloads/Robotica-2025-prac1/install/my_package/bin'
[2.463s] INFO:colcon.colcon_core.shell:Creating package script '/home/robousr/Downloads/Robotica-2025-prac1/install/my_package/share/my_package/package.ps1'
[2.472s] INFO:colcon.colcon_core.shell:Creating package descriptor '/home/robousr/Downloads/Robotica-2025-prac1/install/my_package/share/my_package/package.dsv'
[2.480s] INFO:colcon.colcon_core.shell:Creating package script '/home/robousr/Downloads/Robotica-2025-prac1/install/my_package/share/my_package/package.sh'
[2.482s] INFO:colcon.colcon_core.shell:Creating package script '/home/robousr/Downloads/Robotica-2025-prac1/install/my_package/share/my_package/package.bash'
[2.486s] INFO:colcon.colcon_core.shell:Creating package script '/home/robousr/Downloads/Robotica-2025-prac1/install/my_package/share/my_package/package.zsh'
[2.488s] Level 1:colcon.colcon_core.environment:create_file_with_runtime_dependencies(/home/robousr/Downloads/Robotica-2025-prac1/install/my_package/share/colcon-core/packages/my_package)
[2.491s] INFO:colcon.colcon_ros.task.ament_cmake.build:Building ROS package in '/home/robousr/Downloads/Robotica-2025-prac1/src/practica1_description' with build type 'ament_cmake'
[2.492s] INFO:colcon.colcon_cmake.task.cmake.build:Building CMake package in '/home/robousr/Downloads/Robotica-2025-prac1/src/practica1_description'
[2.493s] INFO:colcon.colcon_core.shell:Skip shell extension 'powershell' for command environment: Not usable outside of PowerShell
[2.493s] DEBUG:colcon.colcon_core.shell:Skip shell extension 'dsv' for command environment
[2.505s] Level 1:colcon.colcon_core.environment:create_environment_scripts_only(blink_description)
[2.506s] Level 1:colcon.colcon_core.environment:checking '/home/robousr/Downloads/Robotica-2025-prac1/install/blink_description' for CMake module files
[2.507s] Level 1:colcon.colcon_core.environment:checking '/home/robousr/Downloads/Robotica-2025-prac1/install/blink_description' for CMake config files
[2.511s] Level 1:colcon.colcon_core.shell:create_environment_hook('blink_description', 'cmake_prefix_path')
[2.513s] INFO:colcon.colcon_core.shell:Creating environment hook '/home/robousr/Downloads/Robotica-2025-prac1/install/blink_description/share/blink_description/hook/cmake_prefix_path.ps1'
[2.515s] INFO:colcon.colcon_core.shell:Creating environment descriptor '/home/robousr/Downloads/Robotica-2025-prac1/install/blink_description/share/blink_description/hook/cmake_prefix_path.dsv'
[2.521s] INFO:colcon.colcon_core.shell:Creating environment hook '/home/robousr/Downloads/Robotica-2025-prac1/install/blink_description/share/blink_description/hook/cmake_prefix_path.sh'
[2.525s] Level 1:colcon.colcon_core.environment:checking '/home/robousr/Downloads/Robotica-2025-prac1/install/blink_description/bin'
[2.526s] Level 1:colcon.colcon_core.environment:checking '/home/robousr/Downloads/Robotica-2025-prac1/install/blink_description/lib/pkgconfig/blink_description.pc'
[2.527s] Level 1:colcon.colcon_core.environment:checking '/home/robousr/Downloads/Robotica-2025-prac1/install/blink_description/lib/python3.10/site-packages'
[2.528s] Level 1:colcon.colcon_core.environment:checking '/home/robousr/Downloads/Robotica-2025-prac1/install/blink_description/bin'
[2.529s] INFO:colcon.colcon_core.shell:Creating package script '/home/robousr/Downloads/Robotica-2025-prac1/install/blink_description/share/blink_description/package.ps1'
[2.533s] INFO:colcon.colcon_core.shell:Creating package descriptor '/home/robousr/Downloads/Robotica-2025-prac1/install/blink_description/share/blink_description/package.dsv'
[2.535s] INFO:colcon.colcon_core.shell:Creating package script '/home/robousr/Downloads/Robotica-2025-prac1/install/blink_description/share/blink_description/package.sh'
[2.537s] INFO:colcon.colcon_core.shell:Creating package script '/home/robousr/Downloads/Robotica-2025-prac1/install/blink_description/share/blink_description/package.bash'
[2.542s] INFO:colcon.colcon_core.shell:Creating package script '/home/robousr/Downloads/Robotica-2025-prac1/install/blink_description/share/blink_description/package.zsh'
[2.545s] Level 1:colcon.colcon_core.environment:create_file_with_runtime_dependencies(/home/robousr/Downloads/Robotica-2025-prac1/install/blink_description/share/colcon-core/packages/blink_description)
[2.576s] DEBUG:colcon.colcon_core.event_handler.log_command:Invoking command in '/home/robousr/Downloads/Robotica-2025-prac1/build/practica1_description': CMAKE_PREFIX_PATH=/opt/ros/humble /usr/bin/cmake --build /home/robousr/Downloads/Robotica-2025-prac1/build/practica1_description -- -j2 -l2
[2.735s] DEBUG:colcon.colcon_core.event_handler.log_command:Invoked command in '/home/robousr/Downloads/Robotica-2025-prac1/build/practica1_description' returned '0': CMAKE_PREFIX_PATH=/opt/ros/humble /usr/bin/cmake --build /home/robousr/Downloads/Robotica-2025-prac1/build/practica1_description -- -j2 -l2
[2.843s] DEBUG:colcon.colcon_core.event_handler.log_command:Invoking command in '/home/robousr/Downloads/Robotica-2025-prac1/build/practica1_description': CMAKE_PREFIX_PATH=/opt/ros/humble /usr/bin/cmake --install /home/robousr/Downloads/Robotica-2025-prac1/build/practica1_description
[2.928s] Level 1:colcon.colcon_core.environment:create_environment_scripts_only(practica1_description)
[2.931s] Level 1:colcon.colcon_core.environment:checking '/home/robousr/Downloads/Robotica-2025-prac1/install/practica1_description' for CMake module files
[2.933s] DEBUG:colcon.colcon_core.event_handler.log_command:Invoked command in '/home/robousr/Downloads/Robotica-2025-prac1/build/practica1_description' returned '0': CMAKE_PREFIX_PATH=/opt/ros/humble /usr/bin/cmake --install /home/robousr/Downloads/Robotica-2025-prac1/build/practica1_description
[2.935s] Level 1:colcon.colcon_core.environment:checking '/home/robousr/Downloads/Robotica-2025-prac1/install/practica1_description' for CMake config files
[2.936s] Level 1:colcon.colcon_core.shell:create_environment_hook('practica1_description', 'cmake_prefix_path')
[2.938s] INFO:colcon.colcon_core.shell:Creating environment hook '/home/robousr/Downloads/Robotica-2025-prac1/install/practica1_description/share/practica1_description/hook/cmake_prefix_path.ps1'
[2.941s] INFO:colcon.colcon_core.shell:Creating environment descriptor '/home/robousr/Downloads/Robotica-2025-prac1/install/practica1_description/share/practica1_description/hook/cmake_prefix_path.dsv'
[2.944s] INFO:colcon.colcon_core.shell:Creating environment hook '/home/robousr/Downloads/Robotica-2025-prac1/install/practica1_description/share/practica1_description/hook/cmake_prefix_path.sh'
[2.948s] Level 1:colcon.colcon_core.environment:checking '/home/robousr/Downloads/Robotica-2025-prac1/install/practica1_description/bin'
[2.948s] Level 1:colcon.colcon_core.environment:checking '/home/robousr/Downloads/Robotica-2025-prac1/install/practica1_description/lib/pkgconfig/practica1_description.pc'
[2.952s] Level 1:colcon.colcon_core.environment:checking '/home/robousr/Downloads/Robotica-2025-prac1/install/practica1_description/lib/python3.10/site-packages'
[2.952s] Level 1:colcon.colcon_core.environment:checking '/home/robousr/Downloads/Robotica-2025-prac1/install/practica1_description/bin'
[2.953s] INFO:colcon.colcon_core.shell:Creating package script '/home/robousr/Downloads/Robotica-2025-prac1/install/practica1_description/share/practica1_description/package.ps1'
[2.955s] INFO:colcon.colcon_core.shell:Creating package descriptor '/home/robousr/Downloads/Robotica-2025-prac1/install/practica1_description/share/practica1_description/package.dsv'
[2.958s] INFO:colcon.colcon_core.shell:Creating package script '/home/robousr/Downloads/Robotica-2025-prac1/install/practica1_description/share/practica1_description/package.sh'
[2.959s] INFO:colcon.colcon_core.shell:Creating package script '/home/robousr/Downloads/Robotica-2025-prac1/install/practica1_description/share/practica1_description/package.bash'
[2.962s] INFO:colcon.colcon_core.shell:Creating package script '/home/robousr/Downloads/Robotica-2025-prac1/install/practica1_description/share/practica1_description/package.zsh'
[2.963s] Level 1:colcon.colcon_core.environment:create_file_with_runtime_dependencies(/home/robousr/Downloads/Robotica-2025-prac1/install/practica1_description/share/colcon-core/packages/practica1_description)
[3.092s] Level 1:colcon.colcon_core.environment:create_environment_scripts_only(practica1_description)
[3.093s] Level 1:colcon.colcon_core.environment:checking '/home/robousr/Downloads/Robotica-2025-prac1/install/practica1_description' for CMake module files
[3.094s] Level 1:colcon.colcon_core.environment:checking '/home/robousr/Downloads/Robotica-2025-prac1/install/practica1_description' for CMake config files
[3.098s] Level 1:colcon.colcon_core.shell:create_environment_hook('practica1_description', 'cmake_prefix_path')
[3.099s] INFO:colcon.colcon_core.shell:Creating environment hook '/home/robousr/Downloads/Robotica-2025-prac1/install/practica1_description/share/practica1_description/hook/cmake_prefix_path.ps1'
[3.100s] INFO:colcon.colcon_core.shell:Creating environment descriptor '/home/robousr/Downloads/Robotica-2025-prac1/install/practica1_description/share/practica1_description/hook/cmake_prefix_path.dsv'
[3.102s] INFO:colcon.colcon_core.shell:Creating environment hook '/home/robousr/Downloads/Robotica-2025-prac1/install/practica1_description/share/practica1_description/hook/cmake_prefix_path.sh'
[3.105s] Level 1:colcon.colcon_core.environment:checking '/home/robousr/Downloads/Robotica-2025-prac1/install/practica1_description/bin'
[3.105s] Level 1:colcon.colcon_core.environment:checking '/home/robousr/Downloads/Robotica-2025-prac1/install/practica1_description/lib/pkgconfig/practica1_description.pc'
[3.106s] Level 1:colcon.colcon_core.environment:checking '/home/robousr/Downloads/Robotica-2025-prac1/install/practica1_description/lib/python3.10/site-packages'
[3.108s] Level 1:colcon.colcon_core.environment:checking '/home/robousr/Downloads/Robotica-2025-prac1/install/practica1_description/bin'
[3.113s] INFO:colcon.colcon_core.shell:Creating package script '/home/robousr/Downloads/Robotica-2025-prac1/install/practica1_description/share/practica1_description/package.ps1'
[3.119s] INFO:colcon.colcon_core.shell:Creating package descriptor '/home/robousr/Downloads/Robotica-2025-prac1/install/practica1_description/share/practica1_description/package.dsv'
[3.123s] INFO:colcon.colcon_core.shell:Creating package script '/home/robousr/Downloads/Robotica-2025-prac1/install/practica1_description/share/practica1_description/package.sh'
[3.129s] INFO:colcon.colcon_core.shell:Creating package script '/home/robousr/Downloads/Robotica-2025-prac1/install/practica1_description/share/practica1_description/package.bash'
[3.132s] INFO:colcon.colcon_core.shell:Creating package script '/home/robousr/Downloads/Robotica-2025-prac1/install/practica1_description/share/practica1_description/package.zsh'
[3.135s] Level 1:colcon.colcon_core.environment:create_file_with_runtime_dependencies(/home/robousr/Downloads/Robotica-2025-prac1/install/practica1_description/share/colcon-core/packages/practica1_description)
[3.136s] DEBUG:colcon.colcon_parallel_executor.executor.parallel:closing loop
[3.136s] DEBUG:colcon.colcon_parallel_executor.executor.parallel:loop closed
[3.139s] DEBUG:colcon.colcon_parallel_executor.executor.parallel:run_until_complete finished with '0'
[3.141s] DEBUG:colcon.colcon_core.event_reactor:joining thread
[3.181s] INFO:colcon.colcon_core.plugin_system:Skipping extension 'colcon_notification.desktop_notification.terminal_notifier': Not used on non-Darwin systems
[3.182s] INFO:colcon.colcon_core.plugin_system:Skipping extension 'colcon_notification.desktop_notification.win32': Not used on non-Windows systems
[3.182s] INFO:colcon.colcon_notification.desktop_notification:Sending desktop notification using 'notify2'
[3.282s] DEBUG:colcon.colcon_core.event_reactor:joined thread
[3.288s] INFO:colcon.colcon_core.shell:Creating prefix script '/home/robousr/Downloads/Robotica-2025-prac1/install/local_setup.ps1'
[3.295s] INFO:colcon.colcon_core.shell:Creating prefix util module '/home/robousr/Downloads/Robotica-2025-prac1/install/_local_setup_util_ps1.py'
[3.305s] INFO:colcon.colcon_core.shell:Creating prefix chain script '/home/robousr/Downloads/Robotica-2025-prac1/install/setup.ps1'
[3.319s] INFO:colcon.colcon_core.shell:Creating prefix script '/home/robousr/Downloads/Robotica-2025-prac1/install/local_setup.sh'
[3.330s] INFO:colcon.colcon_core.shell:Creating prefix util module '/home/robousr/Downloads/Robotica-2025-prac1/install/_local_setup_util_sh.py'
[3.338s] INFO:colcon.colcon_core.shell:Creating prefix chain script '/home/robousr/Downloads/Robotica-2025-prac1/install/setup.sh'
[3.349s] INFO:colcon.colcon_core.shell:Creating prefix script '/home/robousr/Downloads/Robotica-2025-prac1/install/local_setup.bash'
[3.355s] INFO:colcon.colcon_core.shell:Creating prefix chain script '/home/robousr/Downloads/Robotica-2025-prac1/install/setup.bash'
[3.361s] INFO:colcon.colcon_core.shell:Creating prefix script '/home/robousr/Downloads/Robotica-2025-prac1/install/local_setup.zsh'
[3.368s] INFO:colcon.colcon_core.shell:Creating prefix chain script '/home/robousr/Downloads/Robotica-2025-prac1/install/setup.zsh'
