[0.052s] Invoking command in '/home/robousr/Downloads/Robotica-2025-prac1/build/practica1_description': CMAKE_PREFIX_PATH=/opt/ros/humble /usr/bin/cmake --build /home/robousr/Downloads/Robotica-2025-prac1/build/practica1_description -- -j2 -l2
[0.298s] Invoked command in '/home/robousr/Downloads/Robotica-2025-prac1/build/practica1_description' returned '0': CMAKE_PREFIX_PATH=/opt/ros/humble /usr/bin/cmake --build /home/robousr/Downloads/Robotica-2025-prac1/build/practica1_description -- -j2 -l2
[0.422s] Invoking command in '/home/robousr/Downloads/Robotica-2025-prac1/build/practica1_description': CMAKE_PREFIX_PATH=/opt/ros/humble /usr/bin/cmake --install /home/robousr/Downloads/Robotica-2025-prac1/build/practica1_description
[0.473s] -- Install configuration: ""
[0.474s] -- Up-to-date: /home/robousr/Downloads/Robotica-2025-prac1/install/practica1_description/share/practica1_description//urdf
[0.474s] -- Up-to-date: /home/robousr/Downloads/Robotica-2025-prac1/install/practica1_description/share/practica1_description//urdf/basic_link.urdf
[0.475s] -- Up-to-date: /home/robousr/Downloads/Robotica-2025-prac1/install/practica1_description/share/practica1_description//launch
[0.475s] -- Up-to-date: /home/robousr/Downloads/Robotica-2025-prac1/install/practica1_description/share/practica1_description//launch/basic_link_display.launch.xml
[0.476s] -- Up-to-date: /home/robousr/Downloads/Robotica-2025-prac1/install/practica1_description/share/practica1_description//rviz
[0.477s] -- Up-to-date: /home/robousr/Downloads/Robotica-2025-prac1/install/practica1_description/share/practica1_description//rviz/basic_link_display.rviz
[0.481s] -- Up-to-date: /home/robousr/Downloads/Robotica-2025-prac1/install/practica1_description/share/ament_index/resource_index/package_run_dependencies/practica1_description
[0.481s] -- Up-to-date: /home/robousr/Downloads/Robotica-2025-prac1/install/practica1_description/share/ament_index/resource_index/parent_prefix_path/practica1_description
[0.491s] -- Up-to-date: /home/robousr/Downloads/Robotica-2025-prac1/install/practica1_description/share/practica1_description/environment/ament_prefix_path.sh
[0.491s] -- Up-to-date: /home/robousr/Downloads/Robotica-2025-prac1/install/practica1_description/share/practica1_description/environment/ament_prefix_path.dsv
[0.491s] -- Up-to-date: /home/robousr/Downloads/Robotica-2025-prac1/install/practica1_description/share/practica1_description/environment/path.sh
[0.491s] -- Up-to-date: /home/robousr/Downloads/Robotica-2025-prac1/install/practica1_description/share/practica1_description/environment/path.dsv
[0.491s] -- Up-to-date: /home/robousr/Downloads/Robotica-2025-prac1/install/practica1_description/share/practica1_description/local_setup.bash
[0.491s] -- Up-to-date: /home/robousr/Downloads/Robotica-2025-prac1/install/practica1_description/share/practica1_description/local_setup.sh
[0.492s] -- Up-to-date: /home/robousr/Downloads/Robotica-2025-prac1/install/practica1_description/share/practica1_description/local_setup.zsh
[0.492s] -- Up-to-date: /home/robousr/Downloads/Robotica-2025-prac1/install/practica1_description/share/practica1_description/local_setup.dsv
[0.492s] -- Installing: /home/robousr/Downloads/Robotica-2025-prac1/install/practica1_description/share/practica1_description/package.dsv
[0.492s] -- Up-to-date: /home/robousr/Downloads/Robotica-2025-prac1/install/practica1_description/share/ament_index/resource_index/packages/practica1_description
[0.492s] -- Up-to-date: /home/robousr/Downloads/Robotica-2025-prac1/install/practica1_description/share/practica1_description/cmake/practica1_descriptionConfig.cmake
[0.492s] -- Up-to-date: /home/robousr/Downloads/Robotica-2025-prac1/install/practica1_description/share/practica1_description/cmake/practica1_descriptionConfig-version.cmake
[0.492s] -- Up-to-date: /home/robousr/Downloads/Robotica-2025-prac1/install/practica1_description/share/practica1_description/package.xml
[0.493s] Invoked command in '/home/robousr/Downloads/Robotica-2025-prac1/build/practica1_description' returned '0': CMAKE_PREFIX_PATH=/opt/ros/humble /usr/bin/cmake --install /home/robousr/Downloads/Robotica-2025-prac1/build/practica1_description
